#
# There is insufficient memory for the Java Runtime Environment to continue.
# Native memory allocation (malloc) failed to allocate 39776 bytes for Chunk::new
# Possible reasons:
#   The system is out of physical RAM or swap space
#   In 32 bit mode, the process size limit was hit
# Possible solutions:
#   Reduce memory load on the system
#   Increase physical memory or swap space
#   Check if swap backing store is full
#   Use 64 bit Java on a 64 bit OS
#   Decrease Java heap size (-Xmx/-Xms)
#   Decrease number of Java threads
#   Decrease Java thread stack sizes (-Xss)
#   Set larger code cache with -XX:ReservedCodeCacheSize=
# This output file may be truncated or incomplete.
#
#  Out of Memory Error (allocation.cpp:390), pid=7604, tid=7944
#
# JRE version: Java(TM) SE Runtime Environment (8.0_31-b13) (build 1.8.0_31-b13)
# Java VM: Java HotSpot(TM) 64-Bit Server VM (25.31-b07 mixed mode windows-amd64 compressed oops)
# Failed to write core dump. Minidumps are not enabled by default on client versions of Windows
#

---------------  T H R E A D  ---------------

Current thread (0x00000000149f7800):  JavaThread "C2 CompilerThread0" daemon [_thread_in_native, id=7944, stack(0x0000000015f70000,0x0000000016070000)]

Stack: [0x0000000015f70000,0x0000000016070000]
Native frames: (J=compiled Java code, j=interpreted, Vv=VM code, C=native code)
V  [jvm.dll+0x3169ba]


Current CompileTask:
C2:   2226 1131       4       com.android.dx.ssa.SsaRenamer$BlockRenamer::addMapping (143 bytes)


---------------  P R O C E S S  ---------------

Java Threads: ( => current thread )
  0x00000000149f2800 JavaThread "Service Thread" daemon [_thread_blocked, id=7328, stack(0x0000000016670000,0x0000000016770000)]
  0x00000000149ef800 JavaThread "C1 CompilerThread2" daemon [_thread_in_vm, id=8180, stack(0x0000000016170000,0x0000000016270000)]
  0x00000000149e9800 JavaThread "C2 CompilerThread1" daemon [_thread_in_native, id=2912, stack(0x0000000016070000,0x0000000016170000)]
=>0x00000000149f7800 JavaThread "C2 CompilerThread0" daemon [_thread_in_native, id=7944, stack(0x0000000015f70000,0x0000000016070000)]
  0x00000000149f6000 JavaThread "Attach Listener" daemon [_thread_blocked, id=2428, stack(0x0000000015e70000,0x0000000015f70000)]
  0x00000000149f4000 JavaThread "Signal Dispatcher" daemon [_thread_blocked, id=5032, stack(0x0000000015d70000,0x0000000015e70000)]
  0x0000000002314800 JavaThread "Finalizer" daemon [_thread_blocked, id=7152, stack(0x0000000015c60000,0x0000000015d60000)]
  0x00000000149b8800 JavaThread "Reference Handler" daemon [_thread_blocked, id=8288, stack(0x0000000015b60000,0x0000000015c60000)]
  0x0000000002220800 JavaThread "main" [_thread_in_vm, id=8320, stack(0x00000000020c0000,0x00000000021c0000)]

Other Threads:
  0x00000000149b5800 VMThread [stack: 0x0000000015a60000,0x0000000015b60000] [id=7184]
  0x000000001628d800 WatcherThread [stack: 0x0000000016770000,0x0000000016870000] [id=6232]

VM state:not at safepoint (normal execution)

VM Mutex/Monitor currently owned by a thread: None

Heap:
 PSYoungGen      total 18944K, used 3670K [0x00000000eab00000, 0x00000000ec000000, 0x0000000100000000)
  eden space 16384K, 6% used [0x00000000eab00000,0x00000000eac1be88,0x00000000ebb00000)
  from space 2560K, 99% used [0x00000000ebb00000,0x00000000ebd79c88,0x00000000ebd80000)
  to   space 2560K, 0% used [0x00000000ebd80000,0x00000000ebd80000,0x00000000ec000000)
 ParOldGen       total 44032K, used 1619K [0x00000000c0000000, 0x00000000c2b00000, 0x00000000eab00000)
  object space 44032K, 3% used [0x00000000c0000000,0x00000000c0194e88,0x00000000c2b00000)
 Metaspace       used 5589K, capacity 6832K, committed 7040K, reserved 1056768K
  class space    used 554K, capacity 616K, committed 640K, reserved 1048576K

Card table byte_map: [0x00000000116e0000,0x00000000118f0000] byte_map_base: 0x00000000110e0000

Marking Bits: (ParMarkBitMap*) 0x0000000077f7d4f0
 Begin Bits: [0x0000000011e50000, 0x0000000012e50000)
 End Bits:   [0x0000000012e50000, 0x0000000013e50000)

Polling page: 0x00000000021c0000

CodeCache: size=245760Kb used=4481Kb max_used=4481Kb free=241278Kb
 bounds [0x0000000002320000, 0x0000000002790000, 0x0000000011320000]
 total_blobs=1396 nmethods=1136 adapters=174
 compilation: enabled

Compilation events (10 events):
Event: 2.216 Thread 0x00000000149ef800 nmethod 1130 0x000000000277c410 code [0x000000000277c560, 0x000000000277c6b0]
Event: 2.219 Thread 0x00000000149e9800 1132       4       com.android.dx.dex.code.OutputFinisher::updateInfo (44 bytes)
Event: 2.220 Thread 0x00000000149ef800 1134       3       java.util.TreeMap::rotateLeft (96 bytes)
Event: 2.220 Thread 0x00000000149ef800 nmethod 1134 0x0000000002781450 code [0x00000000027815c0, 0x0000000002781910]
Event: 2.222 Thread 0x00000000149ef800 1135       3       com.android.dx.rop.type.Type::<init> (84 bytes)
Event: 2.223 Thread 0x00000000149e9800 nmethod 1132 0x000000000277db90 code [0x000000000277dd00, 0x000000000277dee8]
Event: 2.223 Thread 0x00000000149ef800 nmethod 1135 0x0000000002780c50 code [0x0000000002780e00, 0x00000000027812c8]
Event: 2.223 Thread 0x00000000149e9800 1133       4       java.lang.AbstractStringBuilder::append (50 bytes)
Event: 2.223 Thread 0x00000000149ef800 1136   !   3       com.android.dx.rop.type.Type::putIntern (50 bytes)
Event: 2.224 Thread 0x00000000149ef800 nmethod 1136 0x000000000277e4d0 code [0x000000000277e6c0, 0x000000000277f198]

GC Heap History (2 events):
Event: 2.088 GC heap before
{Heap before GC invocations=1 (full 0):
 PSYoungGen      total 18944K, used 16384K [0x00000000eab00000, 0x00000000ec000000, 0x0000000100000000)
  eden space 16384K, 100% used [0x00000000eab00000,0x00000000ebb00000,0x00000000ebb00000)
  from space 2560K, 0% used [0x00000000ebd80000,0x00000000ebd80000,0x00000000ec000000)
  to   space 2560K, 0% used [0x00000000ebb00000,0x00000000ebb00000,0x00000000ebd80000)
 ParOldGen       total 44032K, used 0K [0x00000000c0000000, 0x00000000c2b00000, 0x00000000eab00000)
  object space 44032K, 0% used [0x00000000c0000000,0x00000000c0000000,0x00000000c2b00000)
 Metaspace       used 5570K, capacity 6832K, committed 7040K, reserved 1056768K
  class space    used 553K, capacity 616K, committed 640K, reserved 1048576K
Event: 2.199 GC heap after
Heap after GC invocations=1 (full 0):
 PSYoungGen      total 18944K, used 2535K [0x00000000eab00000, 0x00000000ec000000, 0x0000000100000000)
  eden space 16384K, 0% used [0x00000000eab00000,0x00000000eab00000,0x00000000ebb00000)
  from space 2560K, 99% used [0x00000000ebb00000,0x00000000ebd79c88,0x00000000ebd80000)
  to   space 2560K, 0% used [0x00000000ebd80000,0x00000000ebd80000,0x00000000ec000000)
 ParOldGen       total 44032K, used 1619K [0x00000000c0000000, 0x00000000c2b00000, 0x00000000eab00000)
  object space 44032K, 3% used [0x00000000c0000000,0x00000000c0194e88,0x00000000c2b00000)
 Metaspace       used 5570K, capacity 6832K, committed 7040K, reserved 1056768K
  class space    used 553K, capacity 616K, committed 640K, reserved 1048576K
}

Deoptimization events (1 events):
Event: 2.211 Thread 0x0000000002220800 Uncommon trap: reason=unreached action=reinterpret pc=0x00000000026f4b50 method=com.android.dx.rop.code.LocalItem.hashCode()I @ 25

Internal exceptions (10 events):
Event: 1.468 Thread 0x0000000002220800 Exception <a 'java/security/PrivilegedActionException'> (0x00000000eb7aa2c0) thrown at [C:\workspace\8-2-build-windows-amd64-cygwin\jdk8u31\2394\hotspot\src\share\vm\prims\jvm.cpp, line 1312]
Event: 1.468 Thread 0x0000000002220800 Exception <a 'java/security/PrivilegedActionException'> (0x00000000eb7ae4c0) thrown at [C:\workspace\8-2-build-windows-amd64-cygwin\jdk8u31\2394\hotspot\src\share\vm\prims\jvm.cpp, line 1312]
Event: 1.523 Thread 0x0000000002220800 Exception <a 'java/security/PrivilegedActionException'> (0x00000000eb7b3f10) thrown at [C:\workspace\8-2-build-windows-amd64-cygwin\jdk8u31\2394\hotspot\src\share\vm\prims\jvm.cpp, line 1312]
Event: 1.523 Thread 0x0000000002220800 Exception <a 'java/security/PrivilegedActionException'> (0x00000000eb7b9708) thrown at [C:\workspace\8-2-build-windows-amd64-cygwin\jdk8u31\2394\hotspot\src\share\vm\prims\jvm.cpp, line 1312]
Event: 1.530 Thread 0x0000000002220800 Exception <a 'java/security/PrivilegedActionException'> (0x00000000eb7be7c0) thrown at [C:\workspace\8-2-build-windows-amd64-cygwin\jdk8u31\2394\hotspot\src\share\vm\prims\jvm.cpp, line 1312]
Event: 1.549 Thread 0x0000000002220800 Exception <a 'java/security/PrivilegedActionException'> (0x00000000eb7f90d0) thrown at [C:\workspace\8-2-build-windows-amd64-cygwin\jdk8u31\2394\hotspot\src\share\vm\prims\jvm.cpp, line 1312]
Event: 1.822 Thread 0x0000000002220800 Exception <a 'java/security/PrivilegedActionException'> (0x00000000eb9380f0) thrown at [C:\workspace\8-2-build-windows-amd64-cygwin\jdk8u31\2394\hotspot\src\share\vm\prims\jvm.cpp, line 1312]
Event: 2.052 Thread 0x0000000002220800 Exception <a 'java/security/PrivilegedActionException'> (0x00000000ebae4158) thrown at [C:\workspace\8-2-build-windows-amd64-cygwin\jdk8u31\2394\hotspot\src\share\vm\prims\jvm.cpp, line 1312]
Event: 2.206 Thread 0x0000000002220800 Exception <a 'java/security/PrivilegedActionException'> (0x00000000eab25070) thrown at [C:\workspace\8-2-build-windows-amd64-cygwin\jdk8u31\2394\hotspot\src\share\vm\prims\jvm.cpp, line 1312]
Event: 2.207 Thread 0x0000000002220800 Exception <a 'java/security/PrivilegedActionException'> (0x00000000eab27758) thrown at [C:\workspace\8-2-build-windows-amd64-cygwin\jdk8u31\2394\hotspot\src\share\vm\prims\jvm.cpp, line 1312]

Events (10 events):
Event: 2.052 loading class com/android/dx/cf/code/SwitchList done
Event: 2.088 Executing VM operation: ParallelGCFailedAllocation
Event: 2.199 Executing VM operation: ParallelGCFailedAllocation done
Event: 2.206 loading class com/android/dx/cf/attrib/AttLocalVariableTypeTable
Event: 2.206 loading class com/android/dx/cf/attrib/AttLocalVariableTypeTable done
Event: 2.207 loading class com/android/dx/cf/attrib/AttSignature
Event: 2.207 loading class com/android/dx/cf/attrib/AttSignature done
Event: 2.211 Thread 0x0000000002220800 Uncommon trap: trap_request=0xffffffad fr.pc=0x00000000026f4b50
Event: 2.211 Thread 0x0000000002220800 DEOPT PACKING pc=0x00000000026f4b50 sp=0x00000000021bea30
Event: 2.211 Thread 0x0000000002220800 DEOPT UNPACKING pc=0x000000000236556a sp=0x00000000021be898 mode 2


Dynamic libraries:
0x00007ff7a4390000 - 0x00007ff7a43c4000 	C:\Program Files\Java\jdk1.8.0_31\bin\java.exe
0x00007ffa03ca0000 - 0x00007ffa03e4c000 	C:\windows\SYSTEM32\ntdll.dll
0x00007ffa01f60000 - 0x00007ffa0209e000 	C:\windows\system32\KERNEL32.DLL
0x00007ffa010f0000 - 0x00007ffa01205000 	C:\windows\system32\KERNELBASE.dll
0x00007ff9ff990000 - 0x00007ff9ffa1e000 	C:\windows\system32\apphelp.dll
0x00007ff9f4910000 - 0x00007ff9f4963000 	C:\windows\AppPatch\AppPatch64\AcGenral.DLL
0x00007ffa01560000 - 0x00007ffa0160a000 	C:\windows\system32\msvcrt.dll
0x00007ffa00c90000 - 0x00007ffa00cbe000 	C:\windows\SYSTEM32\SspiCli.dll
0x00007ffa03980000 - 0x00007ffa039d4000 	C:\windows\system32\SHLWAPI.dll
0x00007ffa01920000 - 0x00007ffa01a97000 	C:\windows\system32\USER32.dll
0x00007ffa022c0000 - 0x00007ffa02454000 	C:\windows\system32\ole32.dll
0x00007ffa02460000 - 0x00007ffa03978000 	C:\windows\system32\SHELL32.dll
0x00007ffa004f0000 - 0x00007ffa00511000 	C:\windows\SYSTEM32\USERENV.dll
0x00007ffa016e0000 - 0x00007ffa0178a000 	C:\windows\system32\ADVAPI32.dll
0x00007ff9f3e80000 - 0x00007ff9f3e9e000 	C:\windows\SYSTEM32\MPR.dll
0x00007ffa03b50000 - 0x00007ffa03c91000 	C:\windows\system32\RPCRT4.dll
0x00007ffa018c0000 - 0x00007ffa01919000 	C:\windows\SYSTEM32\sechost.dll
0x00007ffa01aa0000 - 0x00007ffa01cb1000 	C:\windows\SYSTEM32\combase.dll
0x00007ffa020a0000 - 0x00007ffa021f1000 	C:\windows\system32\GDI32.dll
0x00007ffa00df0000 - 0x00007ffa00e05000 	C:\windows\SYSTEM32\profapi.dll
0x00007ff9ff1b0000 - 0x00007ff9ff262000 	C:\windows\SYSTEM32\SHCORE.dll
0x00007ffa017b0000 - 0x00007ffa017e6000 	C:\windows\system32\IMM32.DLL
0x00007ffa039e0000 - 0x00007ffa03b32000 	C:\windows\system32\MSCTF.dll
0x00007ff9feaf0000 - 0x00007ff9fed6b000 	C:\windows\WinSxS\amd64_microsoft.windows.common-controls_6595b64144ccf1df_6.0.9600.17784_none_624760d1ecb7236e\COMCTL32.dll
0x0000000050250000 - 0x0000000050322000 	C:\Program Files\Java\jdk1.8.0_31\jre\bin\msvcr100.dll
0x00000000777a0000 - 0x0000000077ffa000 	C:\Program Files\Java\jdk1.8.0_31\jre\bin\server\jvm.dll
0x00007ff9f8800000 - 0x00007ff9f8809000 	C:\windows\SYSTEM32\WSOCK32.dll
0x00007ff9f88a0000 - 0x00007ff9f88c2000 	C:\windows\SYSTEM32\WINMM.dll
0x00007ffa017a0000 - 0x00007ffa017a7000 	C:\windows\system32\PSAPI.DLL
0x00007ffa01ce0000 - 0x00007ffa01d3a000 	C:\windows\system32\WS2_32.dll
0x00007ff9f8870000 - 0x00007ff9f889a000 	C:\windows\SYSTEM32\WINMMBASE.dll
0x00007ffa03b40000 - 0x00007ffa03b49000 	C:\windows\system32\NSI.dll
0x00007ffa010a0000 - 0x00007ffa010ef000 	C:\windows\SYSTEM32\cfgmgr32.dll
0x00007ff9ffc00000 - 0x00007ff9ffc28000 	C:\windows\SYSTEM32\DEVOBJ.dll
0x00000000506c0000 - 0x00000000506cf000 	C:\Program Files\Java\jdk1.8.0_31\jre\bin\verify.dll
0x0000000050690000 - 0x00000000506b8000 	C:\Program Files\Java\jdk1.8.0_31\jre\bin\java.dll
0x0000000050670000 - 0x0000000050686000 	C:\Program Files\Java\jdk1.8.0_31\jre\bin\zip.dll

VM Arguments:
jvm_args: -Xmx1024M -Dfile.encoding=windows-1252 -Duser.country=US -Duser.language=en -Duser.variant 
java_command: com.android.dx.command.Main --dex --output C:\Users\Tamim\OneDrive\Work\Host\DiplomaticClub\app\build\intermediates\pre-dexed\debug\internal_impl-22.1.1-4203faa77544ae96188ebfbe047975fe78b86cf4.jar C:\Users\Tamim\OneDrive\Work\Host\DiplomaticClub\app\build\intermediates\exploded-aar\com.android.support\support-v4\22.1.1\jars\libs\internal_impl-22.1.1.jar
java_class_path (initial): C:\Users\Tamim\AppData\Local\Android\sdk\build-tools\22.0.1\lib\dx.jar
Launcher Type: SUN_STANDARD

Environment Variables:
JAVA_HOME=C:\Program Files\Java\jdk1.8.0_31
PATH=C:\ProgramData\Oracle\Java\javapath;C:\windows\system32;C:\windows;C:\windows\System32\Wbem;C:\windows\System32\WindowsPowerShell\v1.0\;C:\Program Files (x86)\MiKTeX 2.9\miktex\bin\;C:\Python27;C:\Program Files (x86)\Skype\Phone\
USERNAME=Tamim
OS=Windows_NT
PROCESSOR_IDENTIFIER=Intel64 Family 6 Model 69 Stepping 1, GenuineIntel



---------------  S Y S T E M  ---------------

OS: Windows 8.1 , 64 bit Build 9600 

CPU:total 4 (2 cores per cpu, 2 threads per core) family 6 model 69 stepping 1, cmov, cx8, fxsr, mmx, sse, sse2, sse3, ssse3, sse4.1, sse4.2, popcnt, avx, avx2, aes, clmul, erms, lzcnt, ht, tsc, tscinvbit, bmi1, bmi2

Memory: 4k page, physical 4097096k(220932k free), swap 7717960k(5048k free)

vm_info: Java HotSpot(TM) 64-Bit Server VM (25.31-b07) for windows-amd64 JRE (1.8.0_31-b13), built on Dec 17 2014 21:00:28 by "java_re" with MS VC++ 10.0 (VS2010)

time: Thu Jun 11 14:50:47 2015
elapsed time: 2 seconds (0d 0h 0m 2s)

