#
# There is insufficient memory for the Java Runtime Environment to continue.
# Native memory allocation (malloc) failed to allocate 1490336 bytes for Chunk::new
# Possible reasons:
#   The system is out of physical RAM or swap space
#   In 32 bit mode, the process size limit was hit
# Possible solutions:
#   Reduce memory load on the system
#   Increase physical memory or swap space
#   Check if swap backing store is full
#   Use 64 bit Java on a 64 bit OS
#   Decrease Java heap size (-Xmx/-Xms)
#   Decrease number of Java threads
#   Decrease Java thread stack sizes (-Xss)
#   Set larger code cache with -XX:ReservedCodeCacheSize=
# This output file may be truncated or incomplete.
#
#  Out of Memory Error (allocation.cpp:390), pid=7292, tid=2052
#
# JRE version: Java(TM) SE Runtime Environment (8.0_31-b13) (build 1.8.0_31-b13)
# Java VM: Java HotSpot(TM) 64-Bit Server VM (25.31-b07 mixed mode windows-amd64 compressed oops)
# Failed to write core dump. Minidumps are not enabled by default on client versions of Windows
#

---------------  T H R E A D  ---------------

Current thread (0x00000000145f8800):  JavaThread "C2 CompilerThread1" daemon [_thread_in_native, id=2052, stack(0x0000000015c50000,0x0000000015d50000)]

Stack: [0x0000000015c50000,0x0000000015d50000]
Native frames: (J=compiled Java code, j=interpreted, Vv=VM code, C=native code)
V  [jvm.dll+0x3169ba]
V  [jvm.dll+0x2674c3]
V  [jvm.dll+0x268103]
V  [jvm.dll+0x25f8f5]
V  [jvm.dll+0xbf025]
V  [jvm.dll+0xbf4cc]
V  [jvm.dll+0x45df82]
V  [jvm.dll+0x49f21f]
V  [jvm.dll+0x453094]
V  [jvm.dll+0x454124]
V  [jvm.dll+0x437c62]
V  [jvm.dll+0x988e2]
V  [jvm.dll+0x990d3]
V  [jvm.dll+0x22c194]
V  [jvm.dll+0x28576a]
C  [msvcr100.dll+0x21d9f]
C  [msvcr100.dll+0x21e3b]
C  [KERNEL32.DLL+0x13d2]
C  [ntdll.dll+0x15444]


Current CompileTask:
C2:   4081 1277   !   4       com.android.dx.cf.code.BytecodeArray::parseInstruction (2764 bytes)


---------------  P R O C E S S  ---------------

Java Threads: ( => current thread )
  0x000000001465e000 JavaThread "Service Thread" daemon [_thread_blocked, id=5156, stack(0x0000000016250000,0x0000000016350000)]
  0x000000001465b000 JavaThread "C1 CompilerThread2" daemon [_thread_blocked, id=5492, stack(0x0000000015d50000,0x0000000015e50000)]
=>0x00000000145f8800 JavaThread "C2 CompilerThread1" daemon [_thread_in_native, id=2052, stack(0x0000000015c50000,0x0000000015d50000)]
  0x0000000014607800 JavaThread "C2 CompilerThread0" daemon [_thread_in_native, id=200, stack(0x0000000015b50000,0x0000000015c50000)]
  0x0000000014606000 JavaThread "Attach Listener" daemon [_thread_blocked, id=4084, stack(0x0000000015a50000,0x0000000015b50000)]
  0x0000000014604800 JavaThread "Signal Dispatcher" daemon [_thread_blocked, id=216, stack(0x0000000015950000,0x0000000015a50000)]
  0x0000000001ebf000 JavaThread "Finalizer" daemon [_thread_blocked, id=7964, stack(0x0000000015850000,0x0000000015950000)]
  0x00000000145c8800 JavaThread "Reference Handler" daemon [_thread_blocked, id=7192, stack(0x0000000015750000,0x0000000015850000)]
  0x0000000001dd0800 JavaThread "main" [_thread_blocked, id=7996, stack(0x0000000001ca0000,0x0000000001da0000)]

Other Threads:
  0x00000000145c5800 VMThread [stack: 0x0000000015650000,0x0000000015750000] [id=8164]
  0x0000000015e56000 WatcherThread [stack: 0x0000000016350000,0x0000000016450000] [id=5760]

VM state:at safepoint (normal execution)

VM Mutex/Monitor currently owned by a thread:  ([mutex/lock_event])
[0x0000000001f2c230] Threads_lock - owner thread: 0x00000000145c5800
[0x0000000001f2c3b0] Heap_lock - owner thread: 0x0000000001dd0800
[0x0000000001f2d3c0] MethodData_lock - owner thread: 0x0000000001dd0800

Heap:
 PSYoungGen      total 35328K, used 2529K [0x00000000eab00000, 0x00000000ed000000, 0x0000000100000000)
  eden space 32768K, 0% used [0x00000000eab00000,0x00000000eab00000,0x00000000ecb00000)
  from space 2560K, 98% used [0x00000000ecb00000,0x00000000ecd78708,0x00000000ecd80000)
  to   space 2560K, 0% used [0x00000000ecd80000,0x00000000ecd80000,0x00000000ed000000)
 ParOldGen       total 44032K, used 7992K [0x00000000c0000000, 0x00000000c2b00000, 0x00000000eab00000)
  object space 44032K, 18% used [0x00000000c0000000,0x00000000c07ce228,0x00000000c2b00000)
 Metaspace       used 5726K, capacity 6960K, committed 7040K, reserved 1060864K
  class space    used 555K, capacity 616K, committed 640K, reserved 1048576K

Card table byte_map: [0x00000000112f0000,0x0000000011500000] byte_map_base: 0x0000000010cf0000

Marking Bits: (ParMarkBitMap*) 0x0000000061b8d4f0
 Begin Bits: [0x0000000011a60000, 0x0000000012a60000)
 End Bits:   [0x0000000012a60000, 0x0000000013a60000)

Polling page: 0x0000000000490000

CodeCache: size=245760Kb used=5410Kb max_used=5410Kb free=240349Kb
 bounds [0x0000000001f30000, 0x0000000002480000, 0x0000000010f30000]
 total_blobs=1570 nmethods=1309 adapters=174
 compilation: disabled (not enough contiguous free space left)

Compilation events (10 events):
Event: 3.167 Thread 0x0000000014607800 nmethod 1267 0x0000000002461650 code [0x0000000002461900, 0x0000000002463070]
Event: 3.167 Thread 0x0000000014607800 1284       4       com.android.dx.rop.code.PlainInsn::withNewRegisters (18 bytes)
Event: 3.170 Thread 0x0000000014607800 nmethod 1284 0x0000000002454690 code [0x00000000024547e0, 0x0000000002454998]
Event: 3.245 Thread 0x0000000014607800 1285       4       com.android.dx.rop.code.ThrowingCstInsn::accept (8 bytes)
Event: 3.245 Thread 0x0000000014607800 nmethod 1285 0x0000000002402d90 code [0x0000000002402ec0, 0x0000000002402f38]
Event: 3.247 Thread 0x0000000014607800 1286       4       com.android.dx.ssa.back.LivenessAnalyzer::run (231 bytes)
Event: 3.247 Thread 0x000000001465b000 1287       3       com.android.dx.ssa.back.FirstFitLocalCombiningAllocator::handleLocalAssociatedOther (151 bytes)
Event: 3.248 Thread 0x000000001465b000 nmethod 1287 0x000000000245bd90 code [0x000000000245c020, 0x000000000245d0b8]
Event: 3.248 Thread 0x000000001465b000 1288       3       com.android.dx.dex.code.BlockAddresses::setupArrays (113 bytes)
Event: 3.250 Thread 0x000000001465b000 nmethod 1288 0x0000000002464ed0 code [0x0000000002465180, 0x0000000002466bd8]

GC Heap History (2 events):
Event: 2.266 GC heap before
{Heap before GC invocations=1 (full 0):
 PSYoungGen      total 18944K, used 16384K [0x00000000eab00000, 0x00000000ec000000, 0x0000000100000000)
  eden space 16384K, 100% used [0x00000000eab00000,0x00000000ebb00000,0x00000000ebb00000)
  from space 2560K, 0% used [0x00000000ebd80000,0x00000000ebd80000,0x00000000ec000000)
  to   space 2560K, 0% used [0x00000000ebb00000,0x00000000ebb00000,0x00000000ebd80000)
 ParOldGen       total 44032K, used 0K [0x00000000c0000000, 0x00000000c2b00000, 0x00000000eab00000)
  object space 44032K, 0% used [0x00000000c0000000,0x00000000c0000000,0x00000000c2b00000)
 Metaspace       used 5478K, capacity 6768K, committed 7040K, reserved 1056768K
  class space    used 544K, capacity 616K, committed 640K, reserved 1048576K
Event: 2.325 GC heap after
Heap after GC invocations=1 (full 0):
 PSYoungGen      total 18944K, used 2543K [0x00000000eab00000, 0x00000000ed000000, 0x0000000100000000)
  eden space 16384K, 0% used [0x00000000eab00000,0x00000000eab00000,0x00000000ebb00000)
  from space 2560K, 99% used [0x00000000ebb00000,0x00000000ebd7bf08,0x00000000ebd80000)
  to   space 2560K, 0% used [0x00000000ecd80000,0x00000000ecd80000,0x00000000ed000000)
 ParOldGen       total 44032K, used 1771K [0x00000000c0000000, 0x00000000c2b00000, 0x00000000eab00000)
  object space 44032K, 4% used [0x00000000c0000000,0x00000000c01bae20,0x00000000c2b00000)
 Metaspace       used 5478K, capacity 6768K, committed 7040K, reserved 1056768K
  class space    used 544K, capacity 616K, committed 640K, reserved 1048576K
}

Deoptimization events (7 events):
Event: 2.348 Thread 0x0000000001dd0800 Uncommon trap: reason=class_check action=maybe_recompile pc=0x00000000022ba310 method=com.android.dx.rop.type.Type.equals(Ljava/lang/Object;)Z @ 8
Event: 2.349 Thread 0x0000000001dd0800 Uncommon trap: reason=class_check action=maybe_recompile pc=0x00000000022ba310 method=com.android.dx.rop.type.Type.equals(Ljava/lang/Object;)Z @ 8
Event: 2.355 Thread 0x0000000001dd0800 Uncommon trap: reason=class_check action=maybe_recompile pc=0x00000000022ba310 method=com.android.dx.rop.type.Type.equals(Ljava/lang/Object;)Z @ 8
Event: 2.356 Thread 0x0000000001dd0800 Uncommon trap: reason=class_check action=maybe_recompile pc=0x00000000022ba310 method=com.android.dx.rop.type.Type.equals(Ljava/lang/Object;)Z @ 8
Event: 2.503 Thread 0x0000000001dd0800 Uncommon trap: reason=class_check action=maybe_recompile pc=0x00000000021bc574 method=com.android.dx.rop.type.Type.equals(Ljava/lang/Object;)Z @ 8
Event: 3.069 Thread 0x0000000001dd0800 Uncommon trap: reason=unreached action=reinterpret pc=0x0000000002441dc4 method=com.android.dx.ssa.SCCP.simulateBranch(Lcom/android/dx/ssa/SsaInsn;)V @ 132
Event: 3.070 Thread 0x0000000001dd0800 Uncommon trap: reason=unreached action=reinterpret pc=0x000000000237909c method=com.android.dx.ssa.SsaMethod.updateOneDefinition(Lcom/android/dx/ssa/SsaInsn;Lcom/android/dx/rop/code/RegisterSpec;)V @ 4

Internal exceptions (10 events):
Event: 2.076 Thread 0x0000000001dd0800 Exception <a 'java/security/PrivilegedActionException'> (0x00000000eb8fd800) thrown at [C:\workspace\8-2-build-windows-amd64-cygwin\jdk8u31\2394\hotspot\src\share\vm\prims\jvm.cpp, line 1312]
Event: 2.347 Thread 0x0000000001dd0800 Exception <a 'java/security/PrivilegedActionException'> (0x00000000eac25e10) thrown at [C:\workspace\8-2-build-windows-amd64-cygwin\jdk8u31\2394\hotspot\src\share\vm\prims\jvm.cpp, line 1312]
Event: 2.362 Thread 0x0000000001dd0800 Exception <a 'java/security/PrivilegedActionException'> (0x00000000eacaef08) thrown at [C:\workspace\8-2-build-windows-amd64-cygwin\jdk8u31\2394\hotspot\src\share\vm\prims\jvm.cpp, line 1312]
Event: 2.531 Thread 0x0000000001dd0800 Exception <a 'java/security/PrivilegedActionException'> (0x00000000eaea7cd0) thrown at [C:\workspace\8-2-build-windows-amd64-cygwin\jdk8u31\2394\hotspot\src\share\vm\prims\jvm.cpp, line 1312]
Event: 2.533 Thread 0x0000000001dd0800 Exception <a 'java/security/PrivilegedActionException'> (0x00000000eaead080) thrown at [C:\workspace\8-2-build-windows-amd64-cygwin\jdk8u31\2394\hotspot\src\share\vm\prims\jvm.cpp, line 1312]
Event: 2.535 Thread 0x0000000001dd0800 Exception <a 'java/security/PrivilegedActionException'> (0x00000000eaeb71c0) thrown at [C:\workspace\8-2-build-windows-amd64-cygwin\jdk8u31\2394\hotspot\src\share\vm\prims\jvm.cpp, line 1312]
Event: 2.535 Thread 0x0000000001dd0800 Exception <a 'java/security/PrivilegedActionException'> (0x00000000eaeb9768) thrown at [C:\workspace\8-2-build-windows-amd64-cygwin\jdk8u31\2394\hotspot\src\share\vm\prims\jvm.cpp, line 1312]
Event: 2.619 Thread 0x0000000001dd0800 Exception <a 'java/security/PrivilegedActionException'> (0x00000000eaee6f90) thrown at [C:\workspace\8-2-build-windows-amd64-cygwin\jdk8u31\2394\hotspot\src\share\vm\prims\jvm.cpp, line 1312]
Event: 2.710 Thread 0x0000000001dd0800 Exception <a 'java/security/PrivilegedActionException'> (0x00000000eb170340) thrown at [C:\workspace\8-2-build-windows-amd64-cygwin\jdk8u31\2394\hotspot\src\share\vm\prims\jvm.cpp, line 1312]
Event: 3.069 Thread 0x0000000001dd0800 Exception <a 'java/security/PrivilegedActionException'> (0x00000000eb489200) thrown at [C:\workspace\8-2-build-windows-amd64-cygwin\jdk8u31\2394\hotspot\src\share\vm\prims\jvm.cpp, line 1312]

Events (10 events):
Event: 2.710 loading class com/android/dx/dex/file/MethodAnnotationStruct
Event: 2.710 loading class com/android/dx/dex/file/MethodAnnotationStruct done
Event: 3.069 Thread 0x0000000001dd0800 Uncommon trap: trap_request=0xffffffad fr.pc=0x0000000002441dc4
Event: 3.069 Thread 0x0000000001dd0800 DEOPT PACKING pc=0x0000000002441dc4 sp=0x0000000001d9e7d0
Event: 3.069 Thread 0x0000000001dd0800 DEOPT UNPACKING pc=0x0000000001f7556a sp=0x0000000001d9e788 mode 2
Event: 3.069 loading class com/android/dx/rop/code/RegOps
Event: 3.069 loading class com/android/dx/rop/code/RegOps done
Event: 3.070 Thread 0x0000000001dd0800 Uncommon trap: trap_request=0xffffffad fr.pc=0x000000000237909c
Event: 3.070 Thread 0x0000000001dd0800 DEOPT PACKING pc=0x000000000237909c sp=0x0000000001d9e690
Event: 3.071 Thread 0x0000000001dd0800 DEOPT UNPACKING pc=0x0000000001f7556a sp=0x0000000001d9e638 mode 2


Dynamic libraries:
0x00007ff6a97f0000 - 0x00007ff6a9824000 	C:\Program Files\Java\jdk1.8.0_31\bin\java.exe
0x00007ffbec080000 - 0x00007ffbec22c000 	C:\windows\SYSTEM32\ntdll.dll
0x00007ffbe9900000 - 0x00007ffbe9a3e000 	C:\windows\system32\KERNEL32.DLL
0x00007ffbe94e0000 - 0x00007ffbe95f5000 	C:\windows\system32\KERNELBASE.dll
0x00007ffbe7b10000 - 0x00007ffbe7b9e000 	C:\windows\system32\apphelp.dll
0x00007ffbd5730000 - 0x00007ffbd5783000 	C:\windows\AppPatch\AppPatch64\AcGenral.DLL
0x00007ffbe9700000 - 0x00007ffbe97aa000 	C:\windows\system32\msvcrt.dll
0x00007ffbe9070000 - 0x00007ffbe909e000 	C:\windows\SYSTEM32\SspiCli.dll
0x00007ffbec020000 - 0x00007ffbec074000 	C:\windows\system32\SHLWAPI.dll
0x00007ffbeb7f0000 - 0x00007ffbeb967000 	C:\windows\system32\USER32.dll
0x00007ffbebd00000 - 0x00007ffbebe94000 	C:\windows\system32\ole32.dll
0x00007ffbea000000 - 0x00007ffbeb518000 	C:\windows\system32\SHELL32.dll
0x00007ffbe87f0000 - 0x00007ffbe8811000 	C:\windows\SYSTEM32\USERENV.dll
0x00007ffbeb970000 - 0x00007ffbeba1a000 	C:\windows\system32\ADVAPI32.dll
0x00007ffbdb310000 - 0x00007ffbdb32e000 	C:\windows\SYSTEM32\MPR.dll
0x00007ffbe97b0000 - 0x00007ffbe98f1000 	C:\windows\system32\RPCRT4.dll
0x00007ffbeb660000 - 0x00007ffbeb6b9000 	C:\windows\SYSTEM32\sechost.dll
0x00007ffbeba20000 - 0x00007ffbebc31000 	C:\windows\SYSTEM32\combase.dll
0x00007ffbe9ac0000 - 0x00007ffbe9c11000 	C:\windows\system32\GDI32.dll
0x00007ffbe91d0000 - 0x00007ffbe91e5000 	C:\windows\SYSTEM32\profapi.dll
0x00007ffbe6f60000 - 0x00007ffbe7012000 	C:\windows\SYSTEM32\SHCORE.dll
0x00007ffbe9c20000 - 0x00007ffbe9c56000 	C:\windows\system32\IMM32.DLL
0x00007ffbebec0000 - 0x00007ffbec012000 	C:\windows\system32\MSCTF.dll
0x00007ffbe52a0000 - 0x00007ffbe551a000 	C:\windows\WinSxS\amd64_microsoft.windows.common-controls_6595b64144ccf1df_6.0.9600.17810_none_6240b9c7ecbd0bda\COMCTL32.dll
0x0000000060f30000 - 0x0000000061002000 	C:\Program Files\Java\jdk1.8.0_31\jre\bin\msvcr100.dll
0x00000000613b0000 - 0x0000000061c0a000 	C:\Program Files\Java\jdk1.8.0_31\jre\bin\server\jvm.dll
0x00007ffbe0c00000 - 0x00007ffbe0c09000 	C:\windows\SYSTEM32\WSOCK32.dll
0x00007ffbe10e0000 - 0x00007ffbe1102000 	C:\windows\SYSTEM32\WINMM.dll
0x00007ffbebeb0000 - 0x00007ffbebeb7000 	C:\windows\system32\PSAPI.DLL
0x00007ffbe9a40000 - 0x00007ffbe9a9a000 	C:\windows\system32\WS2_32.dll
0x00007ffbe10b0000 - 0x00007ffbe10da000 	C:\windows\SYSTEM32\WINMMBASE.dll
0x00007ffbebea0000 - 0x00007ffbebea9000 	C:\windows\system32\NSI.dll
0x00007ffbe9600000 - 0x00007ffbe964f000 	C:\windows\SYSTEM32\cfgmgr32.dll
0x00007ffbe7fc0000 - 0x00007ffbe7fe8000 	C:\windows\SYSTEM32\DEVOBJ.dll
0x00000000613a0000 - 0x00000000613af000 	C:\Program Files\Java\jdk1.8.0_31\jre\bin\verify.dll
0x0000000061370000 - 0x0000000061398000 	C:\Program Files\Java\jdk1.8.0_31\jre\bin\java.dll
0x0000000061350000 - 0x0000000061366000 	C:\Program Files\Java\jdk1.8.0_31\jre\bin\zip.dll
0x00007ffbdc9a0000 - 0x00007ffbdcb29000 	C:\windows\SYSTEM32\dbghelp.dll

VM Arguments:
jvm_args: -Xmx1024M -Dfile.encoding=windows-1252 -Duser.country=US -Duser.language=en -Duser.variant 
java_command: com.android.dx.command.Main --dex --output C:\Users\Tamim\OneDrive\Work\Host\DiplomaticClub\app\build\intermediates\pre-dexed\debug\classes-7782996bb7867db58b5124b5f61970df6d9790e4.jar C:\Users\Tamim\OneDrive\Work\Host\DiplomaticClub\app\build\intermediates\exploded-aar\com.android.support\appcompat-v7\22.1.1\jars\classes.jar
java_class_path (initial): C:\Users\Tamim\AppData\Local\Android\sdk\build-tools\22.0.1\lib\dx.jar
Launcher Type: SUN_STANDARD

Environment Variables:
JAVA_HOME=C:\Program Files\Java\jdk1.8.0_31
PATH=C:\ProgramData\Oracle\Java\javapath;C:\windows\system32;C:\windows;C:\windows\System32\Wbem;C:\windows\System32\WindowsPowerShell\v1.0\;C:\Program Files (x86)\MiKTeX 2.9\miktex\bin\;C:\Python27;C:\Program Files (x86)\Skype\Phone\
USERNAME=Tamim
OS=Windows_NT
PROCESSOR_IDENTIFIER=Intel64 Family 6 Model 69 Stepping 1, GenuineIntel



---------------  S Y S T E M  ---------------

OS: Windows 8.1 , 64 bit Build 9600 

CPU:total 4 (2 cores per cpu, 2 threads per core) family 6 model 69 stepping 1, cmov, cx8, fxsr, mmx, sse, sse2, sse3, ssse3, sse4.1, sse4.2, popcnt, avx, avx2, aes, clmul, erms, lzcnt, ht, tsc, tscinvbit, bmi1, bmi2

Memory: 4k page, physical 4097096k(159484k free), swap 7717960k(6320k free)

vm_info: Java HotSpot(TM) 64-Bit Server VM (25.31-b07) for windows-amd64 JRE (1.8.0_31-b13), built on Dec 17 2014 21:00:28 by "java_re" with MS VC++ 10.0 (VS2010)

time: Wed Jun 17 17:08:47 2015
elapsed time: 4 seconds (0d 0h 0m 4s)

