#
# There is insufficient memory for the Java Runtime Environment to continue.
# Native memory allocation (malloc) failed to allocate 134096 bytes for Chunk::new
# Possible reasons:
#   The system is out of physical RAM or swap space
#   In 32 bit mode, the process size limit was hit
# Possible solutions:
#   Reduce memory load on the system
#   Increase physical memory or swap space
#   Check if swap backing store is full
#   Use 64 bit Java on a 64 bit OS
#   Decrease Java heap size (-Xmx/-Xms)
#   Decrease number of Java threads
#   Decrease Java thread stack sizes (-Xss)
#   Set larger code cache with -XX:ReservedCodeCacheSize=
# This output file may be truncated or incomplete.
#
#  Out of Memory Error (allocation.cpp:390), pid=3276, tid=4748
#
# JRE version: Java(TM) SE Runtime Environment (8.0_31-b13) (build 1.8.0_31-b13)
# Java VM: Java HotSpot(TM) 64-Bit Server VM (25.31-b07 mixed mode windows-amd64 compressed oops)
# Failed to write core dump. Minidumps are not enabled by default on client versions of Windows
#

---------------  T H R E A D  ---------------

Current thread (0x000000001498d800):  JavaThread "C2 CompilerThread1" daemon [_thread_in_native, id=4748, stack(0x0000000015fa0000,0x00000000160a0000)]

Stack: [0x0000000015fa0000,0x00000000160a0000]
Native frames: (J=compiled Java code, j=interpreted, Vv=VM code, C=native code)
V  [jvm.dll+0x3169ba]


Current CompileTask:
C2:   3590 1259       4       com.android.dx.rop.code.RopMethod::labelToPredecessors (54 bytes)


---------------  P R O C E S S  ---------------

Java Threads: ( => current thread )
  0x000000001499e800 JavaThread "Service Thread" daemon [_thread_blocked, id=3128, stack(0x00000000165a0000,0x00000000166a0000)]
  0x0000000014990000 JavaThread "C1 CompilerThread2" daemon [_thread_blocked, id=6820, stack(0x00000000160a0000,0x00000000161a0000)]
=>0x000000001498d800 JavaThread "C2 CompilerThread1" daemon [_thread_in_native, id=4748, stack(0x0000000015fa0000,0x00000000160a0000)]
  0x0000000014947800 JavaThread "C2 CompilerThread0" daemon [_thread_blocked, id=5624, stack(0x0000000015ea0000,0x0000000015fa0000)]
  0x0000000014946000 JavaThread "Attach Listener" daemon [_thread_blocked, id=7852, stack(0x0000000015da0000,0x0000000015ea0000)]
  0x0000000014944000 JavaThread "Signal Dispatcher" daemon [_thread_blocked, id=3216, stack(0x0000000015ca0000,0x0000000015da0000)]
  0x0000000002264800 JavaThread "Finalizer" daemon [_thread_blocked, id=7240, stack(0x0000000015ba0000,0x0000000015ca0000)]
  0x0000000014908800 JavaThread "Reference Handler" daemon [_thread_blocked, id=4264, stack(0x0000000015aa0000,0x0000000015ba0000)]
  0x0000000002170800 JavaThread "main" [_thread_in_Java, id=7464, stack(0x0000000002070000,0x0000000002170000)]

Other Threads:
  0x0000000014905800 VMThread [stack: 0x00000000159a0000,0x0000000015aa0000] [id=5404]
  0x00000000161a7000 WatcherThread [stack: 0x00000000166a0000,0x00000000167a0000] [id=7228]

VM state:not at safepoint (normal execution)

VM Mutex/Monitor currently owned by a thread: None

Heap:
 PSYoungGen      total 35328K, used 8373K [0x00000000eab00000, 0x00000000ed000000, 0x0000000100000000)
  eden space 32768K, 17% used [0x00000000eab00000,0x00000000eb0ae9d0,0x00000000ecb00000)
  from space 2560K, 99% used [0x00000000ecd80000,0x00000000ecffeac8,0x00000000ed000000)
  to   space 2560K, 0% used [0x00000000ecb00000,0x00000000ecb00000,0x00000000ecd80000)
 ParOldGen       total 44032K, used 4133K [0x00000000c0000000, 0x00000000c2b00000, 0x00000000eab00000)
  object space 44032K, 9% used [0x00000000c0000000,0x00000000c04096c0,0x00000000c2b00000)
 Metaspace       used 5672K, capacity 6896K, committed 7040K, reserved 1056768K
  class space    used 549K, capacity 616K, committed 640K, reserved 1048576K

Card table byte_map: [0x0000000011630000,0x0000000011840000] byte_map_base: 0x0000000011030000

Marking Bits: (ParMarkBitMap*) 0x0000000061b8d4f0
 Begin Bits: [0x0000000011da0000, 0x0000000012da0000)
 End Bits:   [0x0000000012da0000, 0x0000000013da0000)

Polling page: 0x0000000000a00000

CodeCache: size=245760Kb used=5220Kb max_used=5225Kb free=240539Kb
 bounds [0x0000000002270000, 0x0000000002790000, 0x0000000011270000]
 total_blobs=1549 nmethods=1287 adapters=174
 compilation: disabled (not enough contiguous free space left)

Compilation events (10 events):
Event: 3.268 Thread 0x0000000014990000 nmethod 1268 0x000000000277a1d0 code [0x000000000277a340, 0x000000000277a668]
Event: 3.268 Thread 0x0000000014990000 1269       1       com.android.dx.rop.code.ThrowingInsn::getCatches (5 bytes)
Event: 3.268 Thread 0x0000000014990000 nmethod 1269 0x0000000002765690 code [0x00000000027657e0, 0x00000000027658f0]
Event: 3.268 Thread 0x0000000014947800 nmethod 1262 0x000000000277d7d0 code [0x000000000277d940, 0x000000000277dd88]
Event: 3.268 Thread 0x0000000014947800 1267       4       com.android.dx.ssa.SsaBasicBlock::getCountPhiInsns (45 bytes)
Event: 3.271 Thread 0x0000000014990000 1270       3       com.android.dx.rop.code.Rops::opConst (85 bytes)
Event: 3.272 Thread 0x0000000014947800 nmethod 1267 0x000000000277e290 code [0x000000000277e3e0, 0x000000000277e618]
Event: 3.272 Thread 0x0000000014947800 1265       4       java.lang.Object::equals (11 bytes)
Event: 3.272 Thread 0x0000000014947800 nmethod 1265 0x00000000026b3110 code [0x00000000026b3240, 0x00000000026b32b8]
Event: 3.272 Thread 0x0000000014990000 nmethod 1270 0x000000000277c350 code [0x000000000277c580, 0x000000000277d268]

GC Heap History (2 events):
Event: 2.399 GC heap before
{Heap before GC invocations=1 (full 0):
 PSYoungGen      total 18944K, used 16384K [0x00000000eab00000, 0x00000000ec000000, 0x0000000100000000)
  eden space 16384K, 100% used [0x00000000eab00000,0x00000000ebb00000,0x00000000ebb00000)
  from space 2560K, 0% used [0x00000000ebd80000,0x00000000ebd80000,0x00000000ec000000)
  to   space 2560K, 0% used [0x00000000ebb00000,0x00000000ebb00000,0x00000000ebd80000)
 ParOldGen       total 44032K, used 0K [0x00000000c0000000, 0x00000000c2b00000, 0x00000000eab00000)
  object space 44032K, 0% used [0x00000000c0000000,0x00000000c0000000,0x00000000c2b00000)
 Metaspace       used 5480K, capacity 6768K, committed 7040K, reserved 1056768K
  class space    used 548K, capacity 616K, committed 640K, reserved 1048576K
Event: 2.463 GC heap after
Heap after GC invocations=1 (full 0):
 PSYoungGen      total 18944K, used 2551K [0x00000000eab00000, 0x00000000ed000000, 0x0000000100000000)
  eden space 16384K, 0% used [0x00000000eab00000,0x00000000eab00000,0x00000000ebb00000)
  from space 2560K, 99% used [0x00000000ebb00000,0x00000000ebd7dc78,0x00000000ebd80000)
  to   space 2560K, 0% used [0x00000000ecd80000,0x00000000ecd80000,0x00000000ed000000)
 ParOldGen       total 44032K, used 1600K [0x00000000c0000000, 0x00000000c2b00000, 0x00000000eab00000)
  object space 44032K, 3% used [0x00000000c0000000,0x00000000c01902f0,0x00000000c2b00000)
 Metaspace       used 5480K, capacity 6768K, committed 7040K, reserved 1056768K
  class space    used 548K, capacity 616K, committed 640K, reserved 1048576K
}

Deoptimization events (7 events):
Event: 2.039 Thread 0x0000000002170800 Uncommon trap: reason=class_check action=maybe_recompile pc=0x00000000025c858c method=com.android.dx.rop.type.Type.equals(Ljava/lang/Object;)Z @ 8
Event: 2.078 Thread 0x0000000002170800 Uncommon trap: reason=class_check action=maybe_recompile pc=0x00000000025c858c method=com.android.dx.rop.type.Type.equals(Ljava/lang/Object;)Z @ 8
Event: 3.083 Thread 0x0000000002170800 Uncommon trap: reason=class_check action=maybe_recompile pc=0x00000000025f563c method=com.android.dx.rop.type.Type.equals(Ljava/lang/Object;)Z @ 8
Event: 3.084 Thread 0x0000000002170800 Uncommon trap: reason=class_check action=maybe_recompile pc=0x00000000025f563c method=com.android.dx.rop.type.Type.equals(Ljava/lang/Object;)Z @ 8
Event: 3.084 Thread 0x0000000002170800 Uncommon trap: reason=class_check action=maybe_recompile pc=0x00000000025c858c method=com.android.dx.rop.type.Type.equals(Ljava/lang/Object;)Z @ 8
Event: 3.132 Thread 0x0000000002170800 Uncommon trap: reason=unreached action=reinterpret pc=0x0000000002713c78 method=java.util.HashMap.putVal(ILjava/lang/Object;Ljava/lang/Object;ZZ)Ljava/lang/Object; @ 193
Event: 3.273 Thread 0x0000000002170800 Uncommon trap: reason=unreached action=reinterpret pc=0x000000000276e974 method=java.util.HashMap.putVal(ILjava/lang/Object;Ljava/lang/Object;ZZ)Ljava/lang/Object; @ 193

Internal exceptions (10 events):
Event: 1.350 Thread 0x0000000002170800 Exception <a 'java/security/PrivilegedActionException'> (0x00000000eb33a310) thrown at [C:\workspace\8-2-build-windows-amd64-cygwin\jdk8u31\2394\hotspot\src\share\vm\prims\jvm.cpp, line 1312]
Event: 1.358 Thread 0x0000000002170800 Exception <a 'java/security/PrivilegedActionException'> (0x00000000eb35a8f0) thrown at [C:\workspace\8-2-build-windows-amd64-cygwin\jdk8u31\2394\hotspot\src\share\vm\prims\jvm.cpp, line 1312]
Event: 1.412 Thread 0x0000000002170800 Exception <a 'java/security/PrivilegedActionException'> (0x00000000eb36eac0) thrown at [C:\workspace\8-2-build-windows-amd64-cygwin\jdk8u31\2394\hotspot\src\share\vm\prims\jvm.cpp, line 1312]
Event: 1.439 Thread 0x0000000002170800 Exception <a 'java/security/PrivilegedActionException'> (0x00000000eb3d07e0) thrown at [C:\workspace\8-2-build-windows-amd64-cygwin\jdk8u31\2394\hotspot\src\share\vm\prims\jvm.cpp, line 1312]
Event: 1.611 Thread 0x0000000002170800 Exception <a 'java/security/PrivilegedActionException'> (0x00000000eb4ddb90) thrown at [C:\workspace\8-2-build-windows-amd64-cygwin\jdk8u31\2394\hotspot\src\share\vm\prims\jvm.cpp, line 1312]
Event: 1.611 Thread 0x0000000002170800 Exception <a 'java/security/PrivilegedActionException'> (0x00000000eb4e0040) thrown at [C:\workspace\8-2-build-windows-amd64-cygwin\jdk8u31\2394\hotspot\src\share\vm\prims\jvm.cpp, line 1312]
Event: 1.810 Thread 0x0000000002170800 Exception <a 'java/security/PrivilegedActionException'> (0x00000000eb62d5b0) thrown at [C:\workspace\8-2-build-windows-amd64-cygwin\jdk8u31\2394\hotspot\src\share\vm\prims\jvm.cpp, line 1312]
Event: 2.025 Thread 0x0000000002170800 Exception <a 'java/security/PrivilegedActionException'> (0x00000000eb7cfca8) thrown at [C:\workspace\8-2-build-windows-amd64-cygwin\jdk8u31\2394\hotspot\src\share\vm\prims\jvm.cpp, line 1312]
Event: 2.229 Thread 0x0000000002170800 Exception <a 'java/security/PrivilegedActionException'> (0x00000000eb9210e8) thrown at [C:\workspace\8-2-build-windows-amd64-cygwin\jdk8u31\2394\hotspot\src\share\vm\prims\jvm.cpp, line 1312]
Event: 3.021 Thread 0x0000000002170800 Exception <a 'java/security/PrivilegedActionException'> (0x00000000eb044830) thrown at [C:\workspace\8-2-build-windows-amd64-cygwin\jdk8u31\2394\hotspot\src\share\vm\prims\jvm.cpp, line 1312]

Events (10 events):
Event: 3.084 Thread 0x0000000002170800 DEOPT UNPACKING pc=0x00000000022b556a sp=0x000000000216d448 mode 2
Event: 3.084 Thread 0x0000000002170800 Uncommon trap: trap_request=0xffffffde fr.pc=0x00000000025c858c
Event: 3.084 Thread 0x0000000002170800 DEOPT PACKING pc=0x00000000025c858c sp=0x000000000216d7c0
Event: 3.084 Thread 0x0000000002170800 DEOPT UNPACKING pc=0x00000000022b556a sp=0x000000000216d6f8 mode 2
Event: 3.132 Thread 0x0000000002170800 Uncommon trap: trap_request=0xffffffad fr.pc=0x0000000002713c78
Event: 3.132 Thread 0x0000000002170800 DEOPT PACKING pc=0x0000000002713c78 sp=0x000000000216e150
Event: 3.132 Thread 0x0000000002170800 DEOPT UNPACKING pc=0x00000000022b556a sp=0x000000000216e0c8 mode 2
Event: 3.273 Thread 0x0000000002170800 Uncommon trap: trap_request=0xffffffad fr.pc=0x000000000276e974
Event: 3.273 Thread 0x0000000002170800 DEOPT PACKING pc=0x000000000276e974 sp=0x000000000216e280
Event: 3.273 Thread 0x0000000002170800 DEOPT UNPACKING pc=0x00000000022b556a sp=0x000000000216e110 mode 2


Dynamic libraries:
0x00007ff6a97f0000 - 0x00007ff6a9824000 	C:\Program Files\Java\jdk1.8.0_31\bin\java.exe
0x00007ffbec080000 - 0x00007ffbec22c000 	C:\windows\SYSTEM32\ntdll.dll
0x00007ffbe9900000 - 0x00007ffbe9a3e000 	C:\windows\system32\KERNEL32.DLL
0x00007ffbe94e0000 - 0x00007ffbe95f5000 	C:\windows\system32\KERNELBASE.dll
0x00007ffbe7b10000 - 0x00007ffbe7b9e000 	C:\windows\system32\apphelp.dll
0x00007ffbd5730000 - 0x00007ffbd5783000 	C:\windows\AppPatch\AppPatch64\AcGenral.DLL
0x00007ffbe9700000 - 0x00007ffbe97aa000 	C:\windows\system32\msvcrt.dll
0x00007ffbe9070000 - 0x00007ffbe909e000 	C:\windows\SYSTEM32\SspiCli.dll
0x00007ffbec020000 - 0x00007ffbec074000 	C:\windows\system32\SHLWAPI.dll
0x00007ffbeb7f0000 - 0x00007ffbeb967000 	C:\windows\system32\USER32.dll
0x00007ffbebd00000 - 0x00007ffbebe94000 	C:\windows\system32\ole32.dll
0x00007ffbea000000 - 0x00007ffbeb518000 	C:\windows\system32\SHELL32.dll
0x00007ffbe87f0000 - 0x00007ffbe8811000 	C:\windows\SYSTEM32\USERENV.dll
0x00007ffbeb970000 - 0x00007ffbeba1a000 	C:\windows\system32\ADVAPI32.dll
0x00007ffbdb310000 - 0x00007ffbdb32e000 	C:\windows\SYSTEM32\MPR.dll
0x00007ffbe97b0000 - 0x00007ffbe98f1000 	C:\windows\system32\RPCRT4.dll
0x00007ffbeb660000 - 0x00007ffbeb6b9000 	C:\windows\SYSTEM32\sechost.dll
0x00007ffbeba20000 - 0x00007ffbebc31000 	C:\windows\SYSTEM32\combase.dll
0x00007ffbe9ac0000 - 0x00007ffbe9c11000 	C:\windows\system32\GDI32.dll
0x00007ffbe91d0000 - 0x00007ffbe91e5000 	C:\windows\SYSTEM32\profapi.dll
0x00007ffbe6f60000 - 0x00007ffbe7012000 	C:\windows\SYSTEM32\SHCORE.dll
0x00007ffbe9c20000 - 0x00007ffbe9c56000 	C:\windows\system32\IMM32.DLL
0x00007ffbebec0000 - 0x00007ffbec012000 	C:\windows\system32\MSCTF.dll
0x00007ffbe52a0000 - 0x00007ffbe551a000 	C:\windows\WinSxS\amd64_microsoft.windows.common-controls_6595b64144ccf1df_6.0.9600.17810_none_6240b9c7ecbd0bda\COMCTL32.dll
0x0000000060f30000 - 0x0000000061002000 	C:\Program Files\Java\jdk1.8.0_31\jre\bin\msvcr100.dll
0x00000000613b0000 - 0x0000000061c0a000 	C:\Program Files\Java\jdk1.8.0_31\jre\bin\server\jvm.dll
0x00007ffbe0c00000 - 0x00007ffbe0c09000 	C:\windows\SYSTEM32\WSOCK32.dll
0x00007ffbe10e0000 - 0x00007ffbe1102000 	C:\windows\SYSTEM32\WINMM.dll
0x00007ffbebeb0000 - 0x00007ffbebeb7000 	C:\windows\system32\PSAPI.DLL
0x00007ffbe9a40000 - 0x00007ffbe9a9a000 	C:\windows\system32\WS2_32.dll
0x00007ffbe10b0000 - 0x00007ffbe10da000 	C:\windows\SYSTEM32\WINMMBASE.dll
0x00007ffbebea0000 - 0x00007ffbebea9000 	C:\windows\system32\NSI.dll
0x00007ffbe9600000 - 0x00007ffbe964f000 	C:\windows\SYSTEM32\cfgmgr32.dll
0x00007ffbe7fc0000 - 0x00007ffbe7fe8000 	C:\windows\SYSTEM32\DEVOBJ.dll
0x00000000613a0000 - 0x00000000613af000 	C:\Program Files\Java\jdk1.8.0_31\jre\bin\verify.dll
0x0000000061370000 - 0x0000000061398000 	C:\Program Files\Java\jdk1.8.0_31\jre\bin\java.dll
0x0000000061350000 - 0x0000000061366000 	C:\Program Files\Java\jdk1.8.0_31\jre\bin\zip.dll

VM Arguments:
jvm_args: -Xmx1024M -Dfile.encoding=windows-1252 -Duser.country=US -Duser.language=en -Duser.variant 
java_command: com.android.dx.command.Main --dex --output C:\Users\Tamim\OneDrive\Work\Host\DiplomaticClub\app\build\intermediates\pre-dexed\debug\classes-20541e717b4760a2761559979627910c232d3ed9.jar C:\Users\Tamim\OneDrive\Work\Host\DiplomaticClub\app\build\intermediates\exploded-aar\com.android.support\support-v4\22.1.1\jars\classes.jar
java_class_path (initial): C:\Users\Tamim\AppData\Local\Android\sdk\build-tools\22.0.1\lib\dx.jar
Launcher Type: SUN_STANDARD

Environment Variables:
JAVA_HOME=C:\Program Files\Java\jdk1.8.0_31
PATH=C:\ProgramData\Oracle\Java\javapath;C:\windows\system32;C:\windows;C:\windows\System32\Wbem;C:\windows\System32\WindowsPowerShell\v1.0\;C:\Program Files (x86)\MiKTeX 2.9\miktex\bin\;C:\Python27;C:\Program Files (x86)\Skype\Phone\
USERNAME=Tamim
OS=Windows_NT
PROCESSOR_IDENTIFIER=Intel64 Family 6 Model 69 Stepping 1, GenuineIntel



---------------  S Y S T E M  ---------------

OS: Windows 8.1 , 64 bit Build 9600 

CPU:total 4 (2 cores per cpu, 2 threads per core) family 6 model 69 stepping 1, cmov, cx8, fxsr, mmx, sse, sse2, sse3, ssse3, sse4.1, sse4.2, popcnt, avx, avx2, aes, clmul, erms, lzcnt, ht, tsc, tscinvbit, bmi1, bmi2

Memory: 4k page, physical 4097096k(133764k free), swap 7717960k(4016k free)

vm_info: Java HotSpot(TM) 64-Bit Server VM (25.31-b07) for windows-amd64 JRE (1.8.0_31-b13), built on Dec 17 2014 21:00:28 by "java_re" with MS VC++ 10.0 (VS2010)

time: Wed Jun 17 17:08:47 2015
elapsed time: 3 seconds (0d 0h 0m 3s)

