#
# There is insufficient memory for the Java Runtime Environment to continue.
# Native memory allocation (malloc) failed to allocate 1048576 bytes for AllocateHeap
# Possible reasons:
#   The system is out of physical RAM or swap space
#   In 32 bit mode, the process size limit was hit
# Possible solutions:
#   Reduce memory load on the system
#   Increase physical memory or swap space
#   Check if swap backing store is full
#   Use 64 bit Java on a 64 bit OS
#   Decrease Java heap size (-Xmx/-Xms)
#   Decrease number of Java threads
#   Decrease Java thread stack sizes (-Xss)
#   Set larger code cache with -XX:ReservedCodeCacheSize=
# This output file may be truncated or incomplete.
#
#  Out of Memory Error (memory/allocation.inline.hpp:62), pid=7084, tid=7160
#
# JRE version:  (8.0_31-b13) (build )
# Java VM: Java HotSpot(TM) 64-Bit Server VM (25.31-b07 mixed mode windows-amd64 compressed oops)
# Failed to write core dump. Minidumps are not enabled by default on client versions of Windows
#

---------------  T H R E A D  ---------------

Current thread (0x0000000002bc0800):  JavaThread "Unknown thread" [_thread_in_vm, id=7160, stack(0x0000000002a80000,0x0000000002b80000)]

Stack: [0x0000000002a80000,0x0000000002b80000]
Native frames: (J=compiled Java code, j=interpreted, Vv=VM code, C=native code)
V  [jvm.dll+0x3169ba]
V  [jvm.dll+0x2674c3]
V  [jvm.dll+0x268103]
V  [jvm.dll+0x25f8f5]
V  [jvm.dll+0x25e94f]
V  [jvm.dll+0x3d6aac]
V  [jvm.dll+0x3d2017]
V  [jvm.dll+0xe54d2]
V  [jvm.dll+0x1fa089]
V  [jvm.dll+0x22b694]
V  [jvm.dll+0x14d8c1]
C  [java.exe+0x20b6]
C  [java.exe+0xc9bb]
C  [java.exe+0xca4f]
C  [KERNEL32.DLL+0x13d2]
C  [ntdll.dll+0x15444]


---------------  P R O C E S S  ---------------

Java Threads: ( => current thread )

Other Threads:

=>0x0000000002bc0800 (exited) JavaThread "Unknown thread" [_thread_in_vm, id=7160, stack(0x0000000002a80000,0x0000000002b80000)]

VM state:not at safepoint (normal execution)

VM Mutex/Monitor currently owned by a thread: None

Heap:
 PSYoungGen      total 18944K, used 327K [0x00000000eab00000, 0x00000000ec000000, 0x0000000100000000)
  eden space 16384K, 2% used [0x00000000eab00000,0x00000000eab51ec8,0x00000000ebb00000)
  from space 2560K, 0% used [0x00000000ebd80000,0x00000000ebd80000,0x00000000ec000000)
  to   space 2560K, 0% used [0x00000000ebb00000,0x00000000ebb00000,0x00000000ebd80000)
 ParOldGen       total 44032K, used 0K [0x00000000c0000000, 0x00000000c2b00000, 0x00000000eab00000)
  object space 44032K, 0% used [0x00000000c0000000,0x00000000c0000000,0x00000000c2b00000)
 Metaspace       used 677K, capacity 4480K, committed 4480K, reserved 1056768K
  class space    used 67K, capacity 384K, committed 384K, reserved 1048576K

Card table byte_map: [0x0000000012080000,0x0000000012290000] byte_map_base: 0x0000000011a80000

Marking Bits: (ParMarkBitMap*) 0x000000006c3dd4f0
 Begin Bits: [0x00000000127f0000, 0x00000000137f0000)
 End Bits:   [0x00000000137f0000, 0x00000000147f0000)

Polling page: 0x00000000011b0000

CodeCache: size=245760Kb used=327Kb max_used=327Kb free=245432Kb
 bounds [0x0000000002cc0000, 0x0000000002f30000, 0x0000000011cc0000]
 total_blobs=56 nmethods=0 adapters=37
 compilation: enabled

Compilation events (0 events):
No events

GC Heap History (0 events):
No events

Deoptimization events (0 events):
No events

Internal exceptions (0 events):
No events

Events (10 events):
Event: 0.022 loading class java/lang/Short
Event: 0.022 loading class java/lang/Short done
Event: 0.022 loading class java/lang/Integer
Event: 0.022 loading class java/lang/Integer done
Event: 0.022 loading class java/lang/Long
Event: 0.022 loading class java/lang/Long done
Event: 0.023 loading class java/lang/NullPointerException
Event: 0.023 loading class java/lang/NullPointerException done
Event: 0.023 loading class java/lang/ArithmeticException
Event: 0.023 loading class java/lang/ArithmeticException done


Dynamic libraries:
0x00007ff791fe0000 - 0x00007ff792014000 	C:\Program Files\Java\jdk1.8.0_31\bin\java.exe
0x00007ffe28180000 - 0x00007ffe2832c000 	C:\windows\SYSTEM32\ntdll.dll
0x00007ffe27980000 - 0x00007ffe27abe000 	C:\windows\system32\KERNEL32.DLL
0x00007ffe254a0000 - 0x00007ffe255b5000 	C:\windows\system32\KERNELBASE.dll
0x00007ffe23e70000 - 0x00007ffe23efe000 	C:\windows\system32\apphelp.dll
0x00007ffe1c630000 - 0x00007ffe1c683000 	C:\windows\AppPatch\AppPatch64\AcGenral.DLL
0x00007ffe277f0000 - 0x00007ffe2789a000 	C:\windows\system32\msvcrt.dll
0x00007ffe25170000 - 0x00007ffe2519e000 	C:\windows\SYSTEM32\SspiCli.dll
0x00007ffe27910000 - 0x00007ffe27964000 	C:\windows\system32\SHLWAPI.dll
0x00007ffe27c70000 - 0x00007ffe27de7000 	C:\windows\system32\USER32.dll
0x00007ffe25e70000 - 0x00007ffe26004000 	C:\windows\system32\ole32.dll
0x00007ffe26010000 - 0x00007ffe27528000 	C:\windows\system32\SHELL32.dll
0x00007ffe248f0000 - 0x00007ffe24911000 	C:\windows\SYSTEM32\USERENV.dll
0x00007ffe280d0000 - 0x00007ffe2817a000 	C:\windows\system32\ADVAPI32.dll
0x00007ffe17da0000 - 0x00007ffe17dbe000 	C:\windows\SYSTEM32\MPR.dll
0x00007ffe27530000 - 0x00007ffe27671000 	C:\windows\system32\RPCRT4.dll
0x00007ffe278a0000 - 0x00007ffe278f9000 	C:\windows\SYSTEM32\sechost.dll
0x00007ffe25bf0000 - 0x00007ffe25e01000 	C:\windows\SYSTEM32\combase.dll
0x00007ffe27680000 - 0x00007ffe277d1000 	C:\windows\system32\GDI32.dll
0x00007ffe252d0000 - 0x00007ffe252e5000 	C:\windows\SYSTEM32\profapi.dll
0x00007ffe23840000 - 0x00007ffe238f2000 	C:\windows\SYSTEM32\SHCORE.dll
0x00007ffe25bb0000 - 0x00007ffe25be6000 	C:\windows\system32\IMM32.DLL
0x00007ffe259f0000 - 0x00007ffe25b42000 	C:\windows\system32\MSCTF.dll
0x00007ffe22570000 - 0x00007ffe227ea000 	C:\windows\WinSxS\amd64_microsoft.windows.common-controls_6595b64144ccf1df_6.0.9600.17810_none_6240b9c7ecbd0bda\COMCTL32.dll
0x000000006b780000 - 0x000000006b852000 	C:\Program Files\Java\jdk1.8.0_31\jre\bin\msvcr100.dll
0x000000006bc00000 - 0x000000006c45a000 	C:\Program Files\Java\jdk1.8.0_31\jre\bin\server\jvm.dll
0x00007ffe1e070000 - 0x00007ffe1e079000 	C:\windows\SYSTEM32\WSOCK32.dll
0x00007ffe1e110000 - 0x00007ffe1e132000 	C:\windows\SYSTEM32\WINMM.dll
0x00007ffe259e0000 - 0x00007ffe259e7000 	C:\windows\system32\PSAPI.DLL
0x00007ffe25e10000 - 0x00007ffe25e6a000 	C:\windows\system32\WS2_32.dll
0x00007ffe1e0e0000 - 0x00007ffe1e10a000 	C:\windows\SYSTEM32\WINMMBASE.dll
0x00007ffe27970000 - 0x00007ffe27979000 	C:\windows\system32\NSI.dll
0x00007ffe25450000 - 0x00007ffe2549f000 	C:\windows\SYSTEM32\cfgmgr32.dll
0x00007ffe240c0000 - 0x00007ffe240e8000 	C:\windows\SYSTEM32\DEVOBJ.dll
0x000000006bbf0000 - 0x000000006bbff000 	C:\Program Files\Java\jdk1.8.0_31\jre\bin\verify.dll
0x000000006bbc0000 - 0x000000006bbe8000 	C:\Program Files\Java\jdk1.8.0_31\jre\bin\java.dll
0x000000006bba0000 - 0x000000006bbb6000 	C:\Program Files\Java\jdk1.8.0_31\jre\bin\zip.dll
0x00007ffe17f30000 - 0x00007ffe180b9000 	C:\windows\SYSTEM32\dbghelp.dll

VM Arguments:
jvm_args: -Xmx1024M -Dfile.encoding=windows-1252 -Duser.country=US -Duser.language=en -Duser.variant 
java_command: com.android.dx.command.Main --dex --output C:\Users\Tamim\OneDrive\Work\Host\DiplomaticClub\app\build\intermediates\pre-dexed\debug\classes-7782996bb7867db58b5124b5f61970df6d9790e4.jar C:\Users\Tamim\OneDrive\Work\Host\DiplomaticClub\app\build\intermediates\exploded-aar\com.android.support\appcompat-v7\22.1.1\jars\classes.jar
java_class_path (initial): C:\Users\Tamim\AppData\Local\Android\sdk\build-tools\22.0.1\lib\dx.jar
Launcher Type: SUN_STANDARD

Environment Variables:
JAVA_HOME=C:\Program Files\Java\jdk1.8.0_31
PATH=C:\ProgramData\Oracle\Java\javapath;C:\windows\system32;C:\windows;C:\windows\System32\Wbem;C:\windows\System32\WindowsPowerShell\v1.0\;C:\Program Files (x86)\MiKTeX 2.9\miktex\bin\;C:\Python27;C:\Program Files (x86)\Skype\Phone\
USERNAME=Tamim
OS=Windows_NT
PROCESSOR_IDENTIFIER=Intel64 Family 6 Model 69 Stepping 1, GenuineIntel



---------------  S Y S T E M  ---------------

OS: Windows 8.1 , 64 bit Build 9600 

CPU:total 4 (2 cores per cpu, 2 threads per core) family 6 model 69 stepping 1, cmov, cx8, fxsr, mmx, sse, sse2, sse3, ssse3, sse4.1, sse4.2, popcnt, avx, avx2, aes, clmul, erms, lzcnt, ht, tsc, tscinvbit, bmi1, bmi2

Memory: 4k page, physical 4097096k(521844k free), swap 7717960k(9720k free)

vm_info: Java HotSpot(TM) 64-Bit Server VM (25.31-b07) for windows-amd64 JRE (1.8.0_31-b13), built on Dec 17 2014 21:00:28 by "java_re" with MS VC++ 10.0 (VS2010)

time: Fri Jun 12 19:17:30 2015
elapsed time: 0 seconds (0d 0h 0m 0s)

