#
# There is insufficient memory for the Java Runtime Environment to continue.
# Native memory allocation (malloc) failed to allocate 240736 bytes for Chunk::new
# Possible reasons:
#   The system is out of physical RAM or swap space
#   In 32 bit mode, the process size limit was hit
# Possible solutions:
#   Reduce memory load on the system
#   Increase physical memory or swap space
#   Check if swap backing store is full
#   Use 64 bit Java on a 64 bit OS
#   Decrease Java heap size (-Xmx/-Xms)
#   Decrease number of Java threads
#   Decrease Java thread stack sizes (-Xss)
#   Set larger code cache with -XX:ReservedCodeCacheSize=
# This output file may be truncated or incomplete.
#
#  Out of Memory Error (allocation.cpp:390), pid=6348, tid=8744
#
# JRE version: Java(TM) SE Runtime Environment (8.0_31-b13) (build 1.8.0_31-b13)
# Java VM: Java HotSpot(TM) 64-Bit Server VM (25.31-b07 mixed mode windows-amd64 compressed oops)
# Failed to write core dump. Minidumps are not enabled by default on client versions of Windows
#

---------------  T H R E A D  ---------------

Current thread (0x0000000014b37800):  JavaThread "C2 CompilerThread0" daemon [_thread_in_native, id=8744, stack(0x0000000016090000,0x0000000016190000)]

Stack: [0x0000000016090000,0x0000000016190000]
Native frames: (J=compiled Java code, j=interpreted, Vv=VM code, C=native code)
V  [jvm.dll+0x3169ba]


Current CompileTask:
C2:   2256 1223       4       com.android.dx.ssa.SsaMethod::computeReachability (131 bytes)


---------------  P R O C E S S  ---------------

Java Threads: ( => current thread )
  0x00000000163ac800 JavaThread "Service Thread" daemon [_thread_blocked, id=2628, stack(0x0000000016790000,0x0000000016890000)]
  0x0000000014b2f800 JavaThread "C1 CompilerThread2" daemon [_thread_blocked, id=8564, stack(0x0000000016290000,0x0000000016390000)]
  0x0000000014b29800 JavaThread "C2 CompilerThread1" daemon [_thread_in_vm, id=5256, stack(0x0000000016190000,0x0000000016290000)]
=>0x0000000014b37800 JavaThread "C2 CompilerThread0" daemon [_thread_in_native, id=8744, stack(0x0000000016090000,0x0000000016190000)]
  0x0000000014b36000 JavaThread "Attach Listener" daemon [_thread_blocked, id=4684, stack(0x0000000015f90000,0x0000000016090000)]
  0x0000000014b34000 JavaThread "Signal Dispatcher" daemon [_thread_blocked, id=8520, stack(0x0000000015e90000,0x0000000015f90000)]
  0x0000000002454800 JavaThread "Finalizer" daemon [_thread_blocked, id=7760, stack(0x0000000015d90000,0x0000000015e90000)]
  0x0000000014af8800 JavaThread "Reference Handler" daemon [_thread_blocked, id=7640, stack(0x0000000015c90000,0x0000000015d90000)]
  0x0000000002360800 JavaThread "main" [_thread_in_Java, id=3172, stack(0x00000000021a0000,0x00000000022a0000)]

Other Threads:
  0x0000000014af5800 VMThread [stack: 0x0000000015b90000,0x0000000015c90000] [id=8948]
  0x00000000163af000 WatcherThread [stack: 0x0000000016890000,0x0000000016990000] [id=5584]

VM state:not at safepoint (normal execution)

VM Mutex/Monitor currently owned by a thread: None

Heap:
 PSYoungGen      total 18944K, used 7943K [0x00000000eab00000, 0x00000000ed000000, 0x0000000100000000)
  eden space 16384K, 32% used [0x00000000eab00000,0x00000000eb0441f8,0x00000000ebb00000)
  from space 2560K, 99% used [0x00000000ebb00000,0x00000000ebd7dc78,0x00000000ebd80000)
  to   space 2560K, 0% used [0x00000000ecd80000,0x00000000ecd80000,0x00000000ed000000)
 ParOldGen       total 44032K, used 1570K [0x00000000c0000000, 0x00000000c2b00000, 0x00000000eab00000)
  object space 44032K, 3% used [0x00000000c0000000,0x00000000c01888e8,0x00000000c2b00000)
 Metaspace       used 5607K, capacity 6832K, committed 7040K, reserved 1056768K
  class space    used 548K, capacity 616K, committed 640K, reserved 1048576K

Card table byte_map: [0x0000000011820000,0x0000000011a30000] byte_map_base: 0x0000000011220000

Marking Bits: (ParMarkBitMap*) 0x0000000077f7d4f0
 Begin Bits: [0x0000000011f90000, 0x0000000012f90000)
 End Bits:   [0x0000000012f90000, 0x0000000013f90000)

Polling page: 0x00000000008f0000

CodeCache: size=245760Kb used=4915Kb max_used=4921Kb free=240844Kb
 bounds [0x0000000002460000, 0x0000000002940000, 0x0000000011460000]
 total_blobs=1483 nmethods=1223 adapters=174
 compilation: enabled

Compilation events (10 events):
Event: 2.243 Thread 0x0000000014b37800 nmethod 1216 0x0000000002929c50 code [0x0000000002929dc0, 0x000000000292a1e8]
Event: 2.243 Thread 0x0000000014b2f800 nmethod 1219 0x000000000292a9d0 code [0x000000000292abe0, 0x000000000292b758]
Event: 2.243 Thread 0x0000000014b29800 1220       4       com.android.dx.ssa.SsaBasicBlock::forEachPhiInsn (54 bytes)
Event: 2.245 Thread 0x0000000014b2f800 1221       3       com.android.dx.rop.code.LocalVariableInfo::addAssignment (43 bytes)
Event: 2.245 Thread 0x0000000014b2f800 nmethod 1221 0x000000000292f6d0 code [0x000000000292f8a0, 0x0000000002930128]
Event: 2.245 Thread 0x0000000014b2f800 1222       3       com.android.dx.cf.code.ConcreteMethod::getEffectiveDescriptor (10 bytes)
Event: 2.246 Thread 0x0000000014b2f800 nmethod 1222 0x0000000002929810 code [0x0000000002929980, 0x0000000002929ba8]
Event: 2.246 Thread 0x0000000014b37800 1223       4       com.android.dx.ssa.SsaMethod::computeReachability (131 bytes)
Event: 2.250 Thread 0x0000000014b29800 nmethod 1220 0x000000000292c5d0 code [0x000000000292c740, 0x000000000292cb48]
Event: 2.250 Thread 0x0000000014b29800 1224       4       com.android.dx.ssa.SCCP::simulateStmt (481 bytes)

GC Heap History (2 events):
Event: 1.429 GC heap before
{Heap before GC invocations=1 (full 0):
 PSYoungGen      total 18944K, used 16384K [0x00000000eab00000, 0x00000000ec000000, 0x0000000100000000)
  eden space 16384K, 100% used [0x00000000eab00000,0x00000000ebb00000,0x00000000ebb00000)
  from space 2560K, 0% used [0x00000000ebd80000,0x00000000ebd80000,0x00000000ec000000)
  to   space 2560K, 0% used [0x00000000ebb00000,0x00000000ebb00000,0x00000000ebd80000)
 ParOldGen       total 44032K, used 0K [0x00000000c0000000, 0x00000000c2b00000, 0x00000000eab00000)
  object space 44032K, 0% used [0x00000000c0000000,0x00000000c0000000,0x00000000c2b00000)
 Metaspace       used 5475K, capacity 6768K, committed 7040K, reserved 1056768K
  class space    used 548K, capacity 616K, committed 640K, reserved 1048576K
Event: 1.471 GC heap after
Heap after GC invocations=1 (full 0):
 PSYoungGen      total 18944K, used 2551K [0x00000000eab00000, 0x00000000ed000000, 0x0000000100000000)
  eden space 16384K, 0% used [0x00000000eab00000,0x00000000eab00000,0x00000000ebb00000)
  from space 2560K, 99% used [0x00000000ebb00000,0x00000000ebd7dc78,0x00000000ebd80000)
  to   space 2560K, 0% used [0x00000000ecd80000,0x00000000ecd80000,0x00000000ed000000)
 ParOldGen       total 44032K, used 1570K [0x00000000c0000000, 0x00000000c2b00000, 0x00000000eab00000)
  object space 44032K, 3% used [0x00000000c0000000,0x00000000c01888e8,0x00000000c2b00000)
 Metaspace       used 5475K, capacity 6768K, committed 7040K, reserved 1056768K
  class space    used 548K, capacity 616K, committed 640K, reserved 1048576K
}

Deoptimization events (2 events):
Event: 1.239 Thread 0x0000000002360800 Uncommon trap: reason=class_check action=maybe_recompile pc=0x00000000027cfbcc method=com.android.dx.rop.type.Type.equals(Ljava/lang/Object;)Z @ 8
Event: 1.239 Thread 0x0000000002360800 Uncommon trap: reason=class_check action=maybe_recompile pc=0x00000000027cfbcc method=com.android.dx.rop.type.Type.equals(Ljava/lang/Object;)Z @ 8

Internal exceptions (10 events):
Event: 0.644 Thread 0x0000000002360800 Exception <a 'java/security/PrivilegedActionException'> (0x00000000eb301b60) thrown at [C:\workspace\8-2-build-windows-amd64-cygwin\jdk8u31\2394\hotspot\src\share\vm\prims\jvm.cpp, line 1312]
Event: 0.661 Thread 0x0000000002360800 Exception <a 'java/security/PrivilegedActionException'> (0x00000000eb33c510) thrown at [C:\workspace\8-2-build-windows-amd64-cygwin\jdk8u31\2394\hotspot\src\share\vm\prims\jvm.cpp, line 1312]
Event: 0.668 Thread 0x0000000002360800 Exception <a 'java/security/PrivilegedActionException'> (0x00000000eb35caf0) thrown at [C:\workspace\8-2-build-windows-amd64-cygwin\jdk8u31\2394\hotspot\src\share\vm\prims\jvm.cpp, line 1312]
Event: 0.674 Thread 0x0000000002360800 Exception <a 'java/security/PrivilegedActionException'> (0x00000000eb370cc8) thrown at [C:\workspace\8-2-build-windows-amd64-cygwin\jdk8u31\2394\hotspot\src\share\vm\prims\jvm.cpp, line 1312]
Event: 0.701 Thread 0x0000000002360800 Exception <a 'java/security/PrivilegedActionException'> (0x00000000eb3d2bb0) thrown at [C:\workspace\8-2-build-windows-amd64-cygwin\jdk8u31\2394\hotspot\src\share\vm\prims\jvm.cpp, line 1312]
Event: 0.830 Thread 0x0000000002360800 Exception <a 'java/security/PrivilegedActionException'> (0x00000000eb4dfe40) thrown at [C:\workspace\8-2-build-windows-amd64-cygwin\jdk8u31\2394\hotspot\src\share\vm\prims\jvm.cpp, line 1312]
Event: 0.830 Thread 0x0000000002360800 Exception <a 'java/security/PrivilegedActionException'> (0x00000000eb4e22f0) thrown at [C:\workspace\8-2-build-windows-amd64-cygwin\jdk8u31\2394\hotspot\src\share\vm\prims\jvm.cpp, line 1312]
Event: 0.966 Thread 0x0000000002360800 Exception <a 'java/security/PrivilegedActionException'> (0x00000000eb62f8c0) thrown at [C:\workspace\8-2-build-windows-amd64-cygwin\jdk8u31\2394\hotspot\src\share\vm\prims\jvm.cpp, line 1312]
Event: 1.237 Thread 0x0000000002360800 Exception <a 'java/security/PrivilegedActionException'> (0x00000000eb7d2000) thrown at [C:\workspace\8-2-build-windows-amd64-cygwin\jdk8u31\2394\hotspot\src\share\vm\prims\jvm.cpp, line 1312]
Event: 1.331 Thread 0x0000000002360800 Exception <a 'java/security/PrivilegedActionException'> (0x00000000eb923468) thrown at [C:\workspace\8-2-build-windows-amd64-cygwin\jdk8u31\2394\hotspot\src\share\vm\prims\jvm.cpp, line 1312]

Events (10 events):
Event: 1.239 Thread 0x0000000002360800 Uncommon trap: trap_request=0xffffffde fr.pc=0x00000000027cfbcc
Event: 1.239 Thread 0x0000000002360800 DEOPT PACKING pc=0x00000000027cfbcc sp=0x000000000229ea50
Event: 1.239 Thread 0x0000000002360800 DEOPT UNPACKING pc=0x00000000024a556a sp=0x000000000229e988 mode 2
Event: 1.239 Thread 0x0000000002360800 Uncommon trap: trap_request=0xffffffde fr.pc=0x00000000027cfbcc
Event: 1.240 Thread 0x0000000002360800 DEOPT PACKING pc=0x00000000027cfbcc sp=0x000000000229e500
Event: 1.240 Thread 0x0000000002360800 DEOPT UNPACKING pc=0x00000000024a556a sp=0x000000000229e438 mode 2
Event: 1.331 loading class com/android/dx/dex/file/MethodAnnotationStruct
Event: 1.331 loading class com/android/dx/dex/file/MethodAnnotationStruct done
Event: 1.429 Executing VM operation: ParallelGCFailedAllocation
Event: 1.471 Executing VM operation: ParallelGCFailedAllocation done


Dynamic libraries:
0x00007ff7a4390000 - 0x00007ff7a43c4000 	C:\Program Files\Java\jdk1.8.0_31\bin\java.exe
0x00007ffa03ca0000 - 0x00007ffa03e4c000 	C:\windows\SYSTEM32\ntdll.dll
0x00007ffa01f60000 - 0x00007ffa0209e000 	C:\windows\system32\KERNEL32.DLL
0x00007ffa010f0000 - 0x00007ffa01205000 	C:\windows\system32\KERNELBASE.dll
0x00007ff9ff990000 - 0x00007ff9ffa1e000 	C:\windows\system32\apphelp.dll
0x00007ff9f4910000 - 0x00007ff9f4963000 	C:\windows\AppPatch\AppPatch64\AcGenral.DLL
0x00007ffa01560000 - 0x00007ffa0160a000 	C:\windows\system32\msvcrt.dll
0x00007ffa00c90000 - 0x00007ffa00cbe000 	C:\windows\SYSTEM32\SspiCli.dll
0x00007ffa03980000 - 0x00007ffa039d4000 	C:\windows\system32\SHLWAPI.dll
0x00007ffa01920000 - 0x00007ffa01a97000 	C:\windows\system32\USER32.dll
0x00007ffa022c0000 - 0x00007ffa02454000 	C:\windows\system32\ole32.dll
0x00007ffa02460000 - 0x00007ffa03978000 	C:\windows\system32\SHELL32.dll
0x00007ffa004f0000 - 0x00007ffa00511000 	C:\windows\SYSTEM32\USERENV.dll
0x00007ffa016e0000 - 0x00007ffa0178a000 	C:\windows\system32\ADVAPI32.dll
0x00007ff9f3e80000 - 0x00007ff9f3e9e000 	C:\windows\SYSTEM32\MPR.dll
0x00007ffa03b50000 - 0x00007ffa03c91000 	C:\windows\system32\RPCRT4.dll
0x00007ffa018c0000 - 0x00007ffa01919000 	C:\windows\SYSTEM32\sechost.dll
0x00007ffa01aa0000 - 0x00007ffa01cb1000 	C:\windows\SYSTEM32\combase.dll
0x00007ffa020a0000 - 0x00007ffa021f1000 	C:\windows\system32\GDI32.dll
0x00007ffa00df0000 - 0x00007ffa00e05000 	C:\windows\SYSTEM32\profapi.dll
0x00007ff9ff1b0000 - 0x00007ff9ff262000 	C:\windows\SYSTEM32\SHCORE.dll
0x00007ffa017b0000 - 0x00007ffa017e6000 	C:\windows\system32\IMM32.DLL
0x00007ffa039e0000 - 0x00007ffa03b32000 	C:\windows\system32\MSCTF.dll
0x00007ff9feaf0000 - 0x00007ff9fed6b000 	C:\windows\WinSxS\amd64_microsoft.windows.common-controls_6595b64144ccf1df_6.0.9600.17784_none_624760d1ecb7236e\COMCTL32.dll
0x0000000050250000 - 0x0000000050322000 	C:\Program Files\Java\jdk1.8.0_31\jre\bin\msvcr100.dll
0x00000000777a0000 - 0x0000000077ffa000 	C:\Program Files\Java\jdk1.8.0_31\jre\bin\server\jvm.dll
0x00007ff9f8800000 - 0x00007ff9f8809000 	C:\windows\SYSTEM32\WSOCK32.dll
0x00007ff9f88a0000 - 0x00007ff9f88c2000 	C:\windows\SYSTEM32\WINMM.dll
0x00007ffa017a0000 - 0x00007ffa017a7000 	C:\windows\system32\PSAPI.DLL
0x00007ffa01ce0000 - 0x00007ffa01d3a000 	C:\windows\system32\WS2_32.dll
0x00007ff9f8870000 - 0x00007ff9f889a000 	C:\windows\SYSTEM32\WINMMBASE.dll
0x00007ffa03b40000 - 0x00007ffa03b49000 	C:\windows\system32\NSI.dll
0x00007ffa010a0000 - 0x00007ffa010ef000 	C:\windows\SYSTEM32\cfgmgr32.dll
0x00007ff9ffc00000 - 0x00007ff9ffc28000 	C:\windows\SYSTEM32\DEVOBJ.dll
0x00000000506c0000 - 0x00000000506cf000 	C:\Program Files\Java\jdk1.8.0_31\jre\bin\verify.dll
0x0000000050690000 - 0x00000000506b8000 	C:\Program Files\Java\jdk1.8.0_31\jre\bin\java.dll
0x0000000050670000 - 0x0000000050686000 	C:\Program Files\Java\jdk1.8.0_31\jre\bin\zip.dll

VM Arguments:
jvm_args: -Xmx1024M -Dfile.encoding=windows-1252 -Duser.country=US -Duser.language=en -Duser.variant 
java_command: com.android.dx.command.Main --dex --output C:\Users\Tamim\OneDrive\Work\Host\DiplomaticClub\app\build\intermediates\pre-dexed\debug\classes-20541e717b4760a2761559979627910c232d3ed9.jar C:\Users\Tamim\OneDrive\Work\Host\DiplomaticClub\app\build\intermediates\exploded-aar\com.android.support\support-v4\22.1.1\jars\classes.jar
java_class_path (initial): C:\Users\Tamim\AppData\Local\Android\sdk\build-tools\22.0.1\lib\dx.jar
Launcher Type: SUN_STANDARD

Environment Variables:
JAVA_HOME=C:\Program Files\Java\jdk1.8.0_31
PATH=C:\ProgramData\Oracle\Java\javapath;C:\windows\system32;C:\windows;C:\windows\System32\Wbem;C:\windows\System32\WindowsPowerShell\v1.0\;C:\Program Files (x86)\MiKTeX 2.9\miktex\bin\;C:\Python27;C:\Program Files (x86)\Skype\Phone\
USERNAME=Tamim
OS=Windows_NT
PROCESSOR_IDENTIFIER=Intel64 Family 6 Model 69 Stepping 1, GenuineIntel



---------------  S Y S T E M  ---------------

OS: Windows 8.1 , 64 bit Build 9600 

CPU:total 4 (2 cores per cpu, 2 threads per core) family 6 model 69 stepping 1, cmov, cx8, fxsr, mmx, sse, sse2, sse3, ssse3, sse4.1, sse4.2, popcnt, avx, avx2, aes, clmul, erms, lzcnt, ht, tsc, tscinvbit, bmi1, bmi2

Memory: 4k page, physical 4097096k(220412k free), swap 7717960k(4928k free)

vm_info: Java HotSpot(TM) 64-Bit Server VM (25.31-b07) for windows-amd64 JRE (1.8.0_31-b13), built on Dec 17 2014 21:00:28 by "java_re" with MS VC++ 10.0 (VS2010)

time: Thu Jun 11 14:50:47 2015
elapsed time: 2 seconds (0d 0h 0m 2s)

