#
# There is insufficient memory for the Java Runtime Environment to continue.
# Native memory allocation (malloc) failed to allocate 32744 bytes for ChunkPool::allocate
# Possible reasons:
#   The system is out of physical RAM or swap space
#   In 32 bit mode, the process size limit was hit
# Possible solutions:
#   Reduce memory load on the system
#   Increase physical memory or swap space
#   Check if swap backing store is full
#   Use 64 bit Java on a 64 bit OS
#   Decrease Java heap size (-Xmx/-Xms)
#   Decrease number of Java threads
#   Decrease Java thread stack sizes (-Xss)
#   Set larger code cache with -XX:ReservedCodeCacheSize=
# This output file may be truncated or incomplete.
#
#  Out of Memory Error (allocation.cpp:273), pid=1536, tid=6140
#
# JRE version: Java(TM) SE Runtime Environment (8.0_31-b13) (build 1.8.0_31-b13)
# Java VM: Java HotSpot(TM) 64-Bit Server VM (25.31-b07 mixed mode windows-amd64 compressed oops)
# Failed to write core dump. Minidumps are not enabled by default on client versions of Windows
#

---------------  T H R E A D  ---------------

Current thread (0x0000000014cea800):  JavaThread "C1 CompilerThread2" daemon [_thread_in_native, id=6140, stack(0x00000000163f0000,0x00000000164f0000)]

Stack: [0x00000000163f0000,0x00000000164f0000]
Native frames: (J=compiled Java code, j=interpreted, Vv=VM code, C=native code)
V  [jvm.dll+0x3169ba]


Current CompileTask:
C1:   2205 1201       3       com.android.dx.cf.code.Simulator$SimVisitor::visitNoArgs (2108 bytes)


---------------  P R O C E S S  ---------------

Java Threads: ( => current thread )
  0x000000001650a800 JavaThread "Service Thread" daemon [_thread_blocked, id=8272, stack(0x00000000168f0000,0x00000000169f0000)]
=>0x0000000014cea800 JavaThread "C1 CompilerThread2" daemon [_thread_in_native, id=6140, stack(0x00000000163f0000,0x00000000164f0000)]
  0x0000000014ca5800 JavaThread "C2 CompilerThread1" daemon [_thread_in_native, id=3636, stack(0x00000000162f0000,0x00000000163f0000)]
  0x0000000014c97800 JavaThread "C2 CompilerThread0" daemon [_thread_in_native, id=8292, stack(0x00000000161f0000,0x00000000162f0000)]
  0x0000000014c96000 JavaThread "Attach Listener" daemon [_thread_blocked, id=4748, stack(0x00000000160f0000,0x00000000161f0000)]
  0x0000000014c94000 JavaThread "Signal Dispatcher" daemon [_thread_blocked, id=5248, stack(0x0000000015ff0000,0x00000000160f0000)]
  0x00000000025b4800 JavaThread "Finalizer" daemon [_thread_blocked, id=8360, stack(0x0000000015ef0000,0x0000000015ff0000)]
  0x0000000014c58800 JavaThread "Reference Handler" daemon [_thread_blocked, id=5276, stack(0x0000000015df0000,0x0000000015ef0000)]
  0x00000000024c0800 JavaThread "main" [_thread_in_Java, id=5196, stack(0x00000000023c0000,0x00000000024c0000)]

Other Threads:
  0x0000000014c55800 VMThread [stack: 0x0000000015cf0000,0x0000000015df0000] [id=9184]
  0x000000001650f800 WatcherThread [stack: 0x00000000169f0000,0x0000000016af0000] [id=2584]

VM state:not at safepoint (normal execution)

VM Mutex/Monitor currently owned by a thread: None

Heap:
 PSYoungGen      total 18944K, used 9502K [0x00000000eab00000, 0x00000000ed000000, 0x0000000100000000)
  eden space 16384K, 42% used [0x00000000eab00000,0x00000000eb1c7a98,0x00000000ebb00000)
  from space 2560K, 99% used [0x00000000ebb00000,0x00000000ebd7ff18,0x00000000ebd80000)
  to   space 2560K, 0% used [0x00000000ecd80000,0x00000000ecd80000,0x00000000ed000000)
 ParOldGen       total 44032K, used 1743K [0x00000000c0000000, 0x00000000c2b00000, 0x00000000eab00000)
  object space 44032K, 3% used [0x00000000c0000000,0x00000000c01b3ec0,0x00000000c2b00000)
 Metaspace       used 5611K, capacity 6896K, committed 7040K, reserved 1056768K
  class space    used 549K, capacity 616K, committed 640K, reserved 1048576K

Card table byte_map: [0x0000000011980000,0x0000000011b90000] byte_map_base: 0x0000000011380000

Marking Bits: (ParMarkBitMap*) 0x0000000077f7d4f0
 Begin Bits: [0x00000000120f0000, 0x00000000130f0000)
 End Bits:   [0x00000000130f0000, 0x00000000140f0000)

Polling page: 0x0000000002320000

CodeCache: size=245760Kb used=4812Kb max_used=4823Kb free=240947Kb
 bounds [0x00000000025c0000, 0x0000000002a80000, 0x00000000115c0000]
 total_blobs=1459 nmethods=1199 adapters=174
 compilation: enabled

Compilation events (10 events):
Event: 2.191 Thread 0x0000000014cea800 1198       3       com.android.dx.dex.code.RopTranslator$LocalVariableAwareTranslationVisitor::visitPlainCstInsn (11 bytes)
Event: 2.192 Thread 0x0000000014ca5800 nmethod 1196 0x0000000002a74e90 code [0x0000000002a74fe0, 0x0000000002a75238]
Event: 2.192 Thread 0x0000000014ca5800 1197       4       com.android.dx.util.FixedSizeList::hashCode (8 bytes)
Event: 2.192 Thread 0x0000000014cea800 nmethod 1198 0x0000000002a76f10 code [0x0000000002a77120, 0x0000000002a77c78]
Event: 2.193 Thread 0x0000000014cea800 1199       3       com.android.dx.dex.code.RopTranslator::outputInstructions (69 bytes)
Event: 2.193 Thread 0x0000000014cea800 nmethod 1199 0x0000000002a746d0 code [0x0000000002a74860, 0x0000000002a74cb8]
Event: 2.195 Thread 0x0000000014cea800 1200       3       com.android.dx.cf.code.BasicBlocker::visitNoArgs (298 bytes)
Event: 2.196 Thread 0x0000000014cea800 nmethod 1200 0x0000000002a79c50 code [0x0000000002a79ec0, 0x0000000002a7ac78]
Event: 2.197 Thread 0x0000000014ca5800 nmethod 1197 0x0000000002a740d0 code [0x0000000002a74220, 0x0000000002a74498]
Event: 2.197 Thread 0x0000000014cea800 1201       3       com.android.dx.cf.code.Simulator$SimVisitor::visitNoArgs (2108 bytes)

GC Heap History (2 events):
Event: 1.879 GC heap before
{Heap before GC invocations=1 (full 0):
 PSYoungGen      total 18944K, used 16384K [0x00000000eab00000, 0x00000000ec000000, 0x0000000100000000)
  eden space 16384K, 100% used [0x00000000eab00000,0x00000000ebb00000,0x00000000ebb00000)
  from space 2560K, 0% used [0x00000000ebd80000,0x00000000ebd80000,0x00000000ec000000)
  to   space 2560K, 0% used [0x00000000ebb00000,0x00000000ebb00000,0x00000000ebd80000)
 ParOldGen       total 44032K, used 0K [0x00000000c0000000, 0x00000000c2b00000, 0x00000000eab00000)
  object space 44032K, 0% used [0x00000000c0000000,0x00000000c0000000,0x00000000c2b00000)
 Metaspace       used 5493K, capacity 6768K, committed 7040K, reserved 1056768K
  class space    used 544K, capacity 616K, committed 640K, reserved 1048576K
Event: 1.928 GC heap after
Heap after GC invocations=1 (full 0):
 PSYoungGen      total 18944K, used 2559K [0x00000000eab00000, 0x00000000ed000000, 0x0000000100000000)
  eden space 16384K, 0% used [0x00000000eab00000,0x00000000eab00000,0x00000000ebb00000)
  from space 2560K, 99% used [0x00000000ebb00000,0x00000000ebd7ff18,0x00000000ebd80000)
  to   space 2560K, 0% used [0x00000000ecd80000,0x00000000ecd80000,0x00000000ed000000)
 ParOldGen       total 44032K, used 1743K [0x00000000c0000000, 0x00000000c2b00000, 0x00000000eab00000)
  object space 44032K, 3% used [0x00000000c0000000,0x00000000c01b3ec0,0x00000000c2b00000)
 Metaspace       used 5493K, capacity 6768K, committed 7040K, reserved 1056768K
  class space    used 544K, capacity 616K, committed 640K, reserved 1048576K
}

Deoptimization events (9 events):
Event: 1.774 Thread 0x00000000024c0800 Uncommon trap: reason=bimorphic action=maybe_recompile pc=0x00000000029a4ad0 method=com.android.dx.ssa.NormalSsaInsn.mapSourceRegisters(Lcom/android/dx/ssa/RegisterMapper;)V @ 29
Event: 1.774 Thread 0x00000000024c0800 Uncommon trap: reason=bimorphic action=maybe_recompile pc=0x00000000029a4ad0 method=com.android.dx.ssa.NormalSsaInsn.mapSourceRegisters(Lcom/android/dx/ssa/RegisterMapper;)V @ 29
Event: 1.774 Thread 0x00000000024c0800 Uncommon trap: reason=bimorphic action=maybe_recompile pc=0x00000000029a4ad0 method=com.android.dx.ssa.NormalSsaInsn.mapSourceRegisters(Lcom/android/dx/ssa/RegisterMapper;)V @ 29
Event: 1.778 Thread 0x00000000024c0800 Uncommon trap: reason=bimorphic action=maybe_recompile pc=0x00000000029a4ad0 method=com.android.dx.ssa.NormalSsaInsn.mapSourceRegisters(Lcom/android/dx/ssa/RegisterMapper;)V @ 29
Event: 1.797 Thread 0x00000000024c0800 Uncommon trap: reason=null_check action=make_not_entrant pc=0x00000000029c7724 method=com.android.dx.rop.type.Type.equals(Ljava/lang/Object;)Z @ 8
Event: 1.994 Thread 0x00000000024c0800 Uncommon trap: reason=class_check action=maybe_recompile pc=0x000000000294d050 method=com.android.dx.rop.type.Type.equals(Ljava/lang/Object;)Z @ 8
Event: 1.997 Thread 0x00000000024c0800 Uncommon trap: reason=class_check action=maybe_recompile pc=0x000000000294d050 method=com.android.dx.rop.type.Type.equals(Ljava/lang/Object;)Z @ 8
Event: 2.003 Thread 0x00000000024c0800 Uncommon trap: reason=class_check action=maybe_recompile pc=0x000000000294d050 method=com.android.dx.rop.type.Type.equals(Ljava/lang/Object;)Z @ 8
Event: 2.006 Thread 0x00000000024c0800 Uncommon trap: reason=class_check action=maybe_recompile pc=0x000000000294d050 method=com.android.dx.rop.type.Type.equals(Ljava/lang/Object;)Z @ 8

Internal exceptions (10 events):
Event: 1.766 Thread 0x00000000024c0800 Exception <a 'java/security/PrivilegedActionException'> (0x00000000eb8fcf30) thrown at [C:\workspace\8-2-build-windows-amd64-cygwin\jdk8u31\2394\hotspot\src\share\vm\prims\jvm.cpp, line 1312]
Event: 1.797 Thread 0x00000000024c0800 Implicit null exception at 0x00000000029c7622 to 0x00000000029c7715
Event: 1.990 Thread 0x00000000024c0800 Exception <a 'java/security/PrivilegedActionException'> (0x00000000eac252b0) thrown at [C:\workspace\8-2-build-windows-amd64-cygwin\jdk8u31\2394\hotspot\src\share\vm\prims\jvm.cpp, line 1312]
Event: 2.016 Thread 0x00000000024c0800 Exception <a 'java/security/PrivilegedActionException'> (0x00000000eacae478) thrown at [C:\workspace\8-2-build-windows-amd64-cygwin\jdk8u31\2394\hotspot\src\share\vm\prims\jvm.cpp, line 1312]
Event: 2.080 Thread 0x00000000024c0800 Exception <a 'java/security/PrivilegedActionException'> (0x00000000eaea7aa0) thrown at [C:\workspace\8-2-build-windows-amd64-cygwin\jdk8u31\2394\hotspot\src\share\vm\prims\jvm.cpp, line 1312]
Event: 2.081 Thread 0x00000000024c0800 Exception <a 'java/security/PrivilegedActionException'> (0x00000000eaeace50) thrown at [C:\workspace\8-2-build-windows-amd64-cygwin\jdk8u31\2394\hotspot\src\share\vm\prims\jvm.cpp, line 1312]
Event: 2.082 Thread 0x00000000024c0800 Exception <a 'java/security/PrivilegedActionException'> (0x00000000eaeb6f90) thrown at [C:\workspace\8-2-build-windows-amd64-cygwin\jdk8u31\2394\hotspot\src\share\vm\prims\jvm.cpp, line 1312]
Event: 2.082 Thread 0x00000000024c0800 Exception <a 'java/security/PrivilegedActionException'> (0x00000000eaeb9538) thrown at [C:\workspace\8-2-build-windows-amd64-cygwin\jdk8u31\2394\hotspot\src\share\vm\prims\jvm.cpp, line 1312]
Event: 2.085 Thread 0x00000000024c0800 Exception <a 'java/security/PrivilegedActionException'> (0x00000000eaee6d60) thrown at [C:\workspace\8-2-build-windows-amd64-cygwin\jdk8u31\2394\hotspot\src\share\vm\prims\jvm.cpp, line 1312]
Event: 2.195 Thread 0x00000000024c0800 Exception <a 'java/security/PrivilegedActionException'> (0x00000000eb170580) thrown at [C:\workspace\8-2-build-windows-amd64-cygwin\jdk8u31\2394\hotspot\src\share\vm\prims\jvm.cpp, line 1312]

Events (10 events):
Event: 2.081 loading class com/android/dx/cf/direct/AnnotationParser
Event: 2.081 loading class com/android/dx/cf/direct/AnnotationParser done
Event: 2.082 loading class com/android/dx/cf/attrib/AttRuntimeInvisibleAnnotations
Event: 2.082 loading class com/android/dx/cf/attrib/AttRuntimeInvisibleAnnotations done
Event: 2.082 loading class com/android/dx/cf/attrib/BaseAnnotations
Event: 2.082 loading class com/android/dx/cf/attrib/BaseAnnotations done
Event: 2.085 loading class com/android/dx/dex/file/FieldAnnotationStruct
Event: 2.085 loading class com/android/dx/dex/file/FieldAnnotationStruct done
Event: 2.194 loading class com/android/dx/dex/file/MethodAnnotationStruct
Event: 2.194 loading class com/android/dx/dex/file/MethodAnnotationStruct done


Dynamic libraries:
0x00007ff7a4390000 - 0x00007ff7a43c4000 	C:\Program Files\Java\jdk1.8.0_31\bin\java.exe
0x00007ffa03ca0000 - 0x00007ffa03e4c000 	C:\windows\SYSTEM32\ntdll.dll
0x00007ffa01f60000 - 0x00007ffa0209e000 	C:\windows\system32\KERNEL32.DLL
0x00007ffa010f0000 - 0x00007ffa01205000 	C:\windows\system32\KERNELBASE.dll
0x00007ff9ff990000 - 0x00007ff9ffa1e000 	C:\windows\system32\apphelp.dll
0x00007ff9f4910000 - 0x00007ff9f4963000 	C:\windows\AppPatch\AppPatch64\AcGenral.DLL
0x00007ffa01560000 - 0x00007ffa0160a000 	C:\windows\system32\msvcrt.dll
0x00007ffa00c90000 - 0x00007ffa00cbe000 	C:\windows\SYSTEM32\SspiCli.dll
0x00007ffa03980000 - 0x00007ffa039d4000 	C:\windows\system32\SHLWAPI.dll
0x00007ffa01920000 - 0x00007ffa01a97000 	C:\windows\system32\USER32.dll
0x00007ffa022c0000 - 0x00007ffa02454000 	C:\windows\system32\ole32.dll
0x00007ffa02460000 - 0x00007ffa03978000 	C:\windows\system32\SHELL32.dll
0x00007ffa004f0000 - 0x00007ffa00511000 	C:\windows\SYSTEM32\USERENV.dll
0x00007ffa016e0000 - 0x00007ffa0178a000 	C:\windows\system32\ADVAPI32.dll
0x00007ff9f3e80000 - 0x00007ff9f3e9e000 	C:\windows\SYSTEM32\MPR.dll
0x00007ffa03b50000 - 0x00007ffa03c91000 	C:\windows\system32\RPCRT4.dll
0x00007ffa018c0000 - 0x00007ffa01919000 	C:\windows\SYSTEM32\sechost.dll
0x00007ffa01aa0000 - 0x00007ffa01cb1000 	C:\windows\SYSTEM32\combase.dll
0x00007ffa020a0000 - 0x00007ffa021f1000 	C:\windows\system32\GDI32.dll
0x00007ffa00df0000 - 0x00007ffa00e05000 	C:\windows\SYSTEM32\profapi.dll
0x00007ff9ff1b0000 - 0x00007ff9ff262000 	C:\windows\SYSTEM32\SHCORE.dll
0x00007ffa017b0000 - 0x00007ffa017e6000 	C:\windows\system32\IMM32.DLL
0x00007ffa039e0000 - 0x00007ffa03b32000 	C:\windows\system32\MSCTF.dll
0x00007ff9feaf0000 - 0x00007ff9fed6b000 	C:\windows\WinSxS\amd64_microsoft.windows.common-controls_6595b64144ccf1df_6.0.9600.17784_none_624760d1ecb7236e\COMCTL32.dll
0x0000000050250000 - 0x0000000050322000 	C:\Program Files\Java\jdk1.8.0_31\jre\bin\msvcr100.dll
0x00000000777a0000 - 0x0000000077ffa000 	C:\Program Files\Java\jdk1.8.0_31\jre\bin\server\jvm.dll
0x00007ff9f8800000 - 0x00007ff9f8809000 	C:\windows\SYSTEM32\WSOCK32.dll
0x00007ff9f88a0000 - 0x00007ff9f88c2000 	C:\windows\SYSTEM32\WINMM.dll
0x00007ffa017a0000 - 0x00007ffa017a7000 	C:\windows\system32\PSAPI.DLL
0x00007ffa01ce0000 - 0x00007ffa01d3a000 	C:\windows\system32\WS2_32.dll
0x00007ff9f8870000 - 0x00007ff9f889a000 	C:\windows\SYSTEM32\WINMMBASE.dll
0x00007ffa03b40000 - 0x00007ffa03b49000 	C:\windows\system32\NSI.dll
0x00007ffa010a0000 - 0x00007ffa010ef000 	C:\windows\SYSTEM32\cfgmgr32.dll
0x00007ff9ffc00000 - 0x00007ff9ffc28000 	C:\windows\SYSTEM32\DEVOBJ.dll
0x00000000506c0000 - 0x00000000506cf000 	C:\Program Files\Java\jdk1.8.0_31\jre\bin\verify.dll
0x0000000050690000 - 0x00000000506b8000 	C:\Program Files\Java\jdk1.8.0_31\jre\bin\java.dll
0x0000000050670000 - 0x0000000050686000 	C:\Program Files\Java\jdk1.8.0_31\jre\bin\zip.dll

VM Arguments:
jvm_args: -Xmx1024M -Dfile.encoding=windows-1252 -Duser.country=US -Duser.language=en -Duser.variant 
java_command: com.android.dx.command.Main --dex --output C:\Users\Tamim\OneDrive\Work\Host\DiplomaticClub\app\build\intermediates\pre-dexed\debug\classes-7782996bb7867db58b5124b5f61970df6d9790e4.jar C:\Users\Tamim\OneDrive\Work\Host\DiplomaticClub\app\build\intermediates\exploded-aar\com.android.support\appcompat-v7\22.1.1\jars\classes.jar
java_class_path (initial): C:\Users\Tamim\AppData\Local\Android\sdk\build-tools\22.0.1\lib\dx.jar
Launcher Type: SUN_STANDARD

Environment Variables:
JAVA_HOME=C:\Program Files\Java\jdk1.8.0_31
PATH=C:\ProgramData\Oracle\Java\javapath;C:\windows\system32;C:\windows;C:\windows\System32\Wbem;C:\windows\System32\WindowsPowerShell\v1.0\;C:\Program Files (x86)\MiKTeX 2.9\miktex\bin\;C:\Python27;C:\Program Files (x86)\Skype\Phone\
USERNAME=Tamim
OS=Windows_NT
PROCESSOR_IDENTIFIER=Intel64 Family 6 Model 69 Stepping 1, GenuineIntel



---------------  S Y S T E M  ---------------

OS: Windows 8.1 , 64 bit Build 9600 

CPU:total 4 (2 cores per cpu, 2 threads per core) family 6 model 69 stepping 1, cmov, cx8, fxsr, mmx, sse, sse2, sse3, ssse3, sse4.1, sse4.2, popcnt, avx, avx2, aes, clmul, erms, lzcnt, ht, tsc, tscinvbit, bmi1, bmi2

Memory: 4k page, physical 4097096k(221576k free), swap 7717960k(5112k free)

vm_info: Java HotSpot(TM) 64-Bit Server VM (25.31-b07) for windows-amd64 JRE (1.8.0_31-b13), built on Dec 17 2014 21:00:28 by "java_re" with MS VC++ 10.0 (VS2010)

time: Thu Jun 11 14:50:47 2015
elapsed time: 2 seconds (0d 0h 0m 2s)

