#
# There is insufficient memory for the Java Runtime Environment to continue.
# Native memory allocation (malloc) failed to allocate 74416 bytes for Chunk::new
# Possible reasons:
#   The system is out of physical RAM or swap space
#   In 32 bit mode, the process size limit was hit
# Possible solutions:
#   Reduce memory load on the system
#   Increase physical memory or swap space
#   Check if swap backing store is full
#   Use 64 bit Java on a 64 bit OS
#   Decrease Java heap size (-Xmx/-Xms)
#   Decrease number of Java threads
#   Decrease Java thread stack sizes (-Xss)
#   Set larger code cache with -XX:ReservedCodeCacheSize=
# This output file may be truncated or incomplete.
#
#  Out of Memory Error (allocation.cpp:390), pid=5716, tid=5440
#
# JRE version: Java(TM) SE Runtime Environment (8.0_31-b13) (build 1.8.0_31-b13)
# Java VM: Java HotSpot(TM) 64-Bit Server VM (25.31-b07 mixed mode windows-amd64 compressed oops)
# Failed to write core dump. Minidumps are not enabled by default on client versions of Windows
#

---------------  T H R E A D  ---------------

Current thread (0x0000000014cab800):  JavaThread "C2 CompilerThread0" daemon [_thread_in_native, id=5440, stack(0x0000000016210000,0x0000000016310000)]

Stack: [0x0000000016210000,0x0000000016310000]
Native frames: (J=compiled Java code, j=interpreted, Vv=VM code, C=native code)
V  [jvm.dll+0x3169ba]
V  [jvm.dll+0x2674c3]
V  [jvm.dll+0x268103]
V  [jvm.dll+0x25f8f5]
V  [jvm.dll+0xbf025]
V  [jvm.dll+0xbf4cc]
V  [jvm.dll+0x4798bc]
V  [jvm.dll+0x446c9b]
V  [jvm.dll+0x451bce]
V  [jvm.dll+0x4541b8]
V  [jvm.dll+0x437c62]
V  [jvm.dll+0x988e2]
V  [jvm.dll+0x990d3]
V  [jvm.dll+0x22c194]
V  [jvm.dll+0x28576a]
C  [msvcr100.dll+0x21d9f]
C  [msvcr100.dll+0x21e3b]
C  [KERNEL32.DLL+0x13d2]
C  [ntdll.dll+0x15444]


Current CompileTask:
C2:   2158 1080       4       java.util.HashMap::putVal (300 bytes)


---------------  P R O C E S S  ---------------

Java Threads: ( => current thread )
  0x0000000014d09800 JavaThread "Service Thread" daemon [_thread_blocked, id=5652, stack(0x0000000016510000,0x0000000016610000)]
  0x0000000014d03000 JavaThread "C1 CompilerThread2" daemon [_thread_blocked, id=7348, stack(0x0000000016410000,0x0000000016510000)]
  0x0000000014cfc800 JavaThread "C2 CompilerThread1" daemon [_thread_in_native, id=7868, stack(0x0000000016310000,0x0000000016410000)]
=>0x0000000014cab800 JavaThread "C2 CompilerThread0" daemon [_thread_in_native, id=5440, stack(0x0000000016210000,0x0000000016310000)]
  0x0000000014caa000 JavaThread "Attach Listener" daemon [_thread_blocked, id=7300, stack(0x0000000016110000,0x0000000016210000)]
  0x0000000014ca8000 JavaThread "Signal Dispatcher" daemon [_thread_blocked, id=32, stack(0x0000000016010000,0x0000000016110000)]
  0x00000000025d4800 JavaThread "Finalizer" daemon [_thread_blocked, id=2856, stack(0x0000000015f10000,0x0000000016010000)]
  0x0000000014c78800 JavaThread "Reference Handler" daemon [_thread_blocked, id=7336, stack(0x0000000015e10000,0x0000000015f10000)]
  0x00000000024e0800 JavaThread "main" [_thread_in_Java, id=7808, stack(0x00000000023b0000,0x00000000024b0000)]

Other Threads:
  0x0000000014c75800 VMThread [stack: 0x0000000015d10000,0x0000000015e10000] [id=1892]
  0x0000000014d0d000 WatcherThread [stack: 0x0000000016610000,0x0000000016710000] [id=8016]

VM state:not at safepoint (normal execution)

VM Mutex/Monitor currently owned by a thread: None

Heap:
 PSYoungGen      total 18944K, used 4333K [0x00000000eab00000, 0x00000000ec000000, 0x0000000100000000)
  eden space 16384K, 10% used [0x00000000eab00000,0x00000000eacc1af8,0x00000000ebb00000)
  from space 2560K, 99% used [0x00000000ebb00000,0x00000000ebd79c88,0x00000000ebd80000)
  to   space 2560K, 0% used [0x00000000ebd80000,0x00000000ebd80000,0x00000000ec000000)
 ParOldGen       total 44032K, used 1455K [0x00000000c0000000, 0x00000000c2b00000, 0x00000000eab00000)
  object space 44032K, 3% used [0x00000000c0000000,0x00000000c016bcc0,0x00000000c2b00000)
 Metaspace       used 5620K, capacity 6896K, committed 7040K, reserved 1056768K
  class space    used 562K, capacity 616K, committed 640K, reserved 1048576K

Card table byte_map: [0x00000000119a0000,0x0000000011bb0000] byte_map_base: 0x00000000113a0000

Marking Bits: (ParMarkBitMap*) 0x0000000061b8d4f0
 Begin Bits: [0x0000000012110000, 0x0000000013110000)
 End Bits:   [0x0000000013110000, 0x0000000014110000)

Polling page: 0x0000000000a30000

CodeCache: size=245760Kb used=4201Kb max_used=4201Kb free=241558Kb
 bounds [0x00000000025e0000, 0x0000000002a00000, 0x00000000115e0000]
 total_blobs=1395 nmethods=1133 adapters=175
 compilation: disabled (not enough contiguous free space left)

Compilation events (10 events):
Event: 1.892 Thread 0x0000000014d03000 1071       1       com.android.dx.rop.code.LocalItem::getSignature (5 bytes)
Event: 1.892 Thread 0x0000000014d03000 nmethod 1071 0x00000000029e55d0 code [0x00000000029e5720, 0x00000000029e5830]
Event: 1.892 Thread 0x0000000014d03000 1077       1       com.android.dx.dex.code.CstInsn::getConstant (5 bytes)
Event: 1.892 Thread 0x0000000014d03000 nmethod 1077 0x00000000029e5890 code [0x00000000029e59e0, 0x00000000029e5af0]
Event: 1.892 Thread 0x0000000014d03000 1085       3       com.android.dx.rop.cst.CstMemberRef::hashCode (19 bytes)
Event: 1.892 Thread 0x0000000014d03000 nmethod 1085 0x00000000029e5b50 code [0x00000000029e5d00, 0x00000000029e6528]
Event: 1.893 Thread 0x0000000014d03000 1087       3       com.android.dx.dex.file.Section::validateAlignment (23 bytes)
Event: 1.894 Thread 0x0000000014d03000 nmethod 1087 0x00000000029e68d0 code [0x00000000029e6a40, 0x00000000029e6c88]
Event: 1.894 Thread 0x0000000014d03000 1088       1       com.android.dx.dex.file.DexFile::getTypeIds (5 bytes)
Event: 1.894 Thread 0x0000000014d03000 nmethod 1088 0x00000000029e6d50 code [0x00000000029e6ea0, 0x00000000029e6fb0]

GC Heap History (2 events):
Event: 1.472 GC heap before
{Heap before GC invocations=1 (full 0):
 PSYoungGen      total 18944K, used 16384K [0x00000000eab00000, 0x00000000ec000000, 0x0000000100000000)
  eden space 16384K, 100% used [0x00000000eab00000,0x00000000ebb00000,0x00000000ebb00000)
  from space 2560K, 0% used [0x00000000ebd80000,0x00000000ebd80000,0x00000000ec000000)
  to   space 2560K, 0% used [0x00000000ebb00000,0x00000000ebb00000,0x00000000ebd80000)
 ParOldGen       total 44032K, used 0K [0x00000000c0000000, 0x00000000c2b00000, 0x00000000eab00000)
  object space 44032K, 0% used [0x00000000c0000000,0x00000000c0000000,0x00000000c2b00000)
 Metaspace       used 5415K, capacity 6768K, committed 7040K, reserved 1056768K
  class space    used 545K, capacity 616K, committed 640K, reserved 1048576K
Event: 1.478 GC heap after
Heap after GC invocations=1 (full 0):
 PSYoungGen      total 18944K, used 2535K [0x00000000eab00000, 0x00000000ec000000, 0x0000000100000000)
  eden space 16384K, 0% used [0x00000000eab00000,0x00000000eab00000,0x00000000ebb00000)
  from space 2560K, 99% used [0x00000000ebb00000,0x00000000ebd79c88,0x00000000ebd80000)
  to   space 2560K, 0% used [0x00000000ebd80000,0x00000000ebd80000,0x00000000ec000000)
 ParOldGen       total 44032K, used 1455K [0x00000000c0000000, 0x00000000c2b00000, 0x00000000eab00000)
  object space 44032K, 3% used [0x00000000c0000000,0x00000000c016bcc0,0x00000000c2b00000)
 Metaspace       used 5415K, capacity 6768K, committed 7040K, reserved 1056768K
  class space    used 545K, capacity 616K, committed 640K, reserved 1048576K
}

Deoptimization events (10 events):
Event: 1.029 Thread 0x00000000024e0800 Uncommon trap: reason=bimorphic action=maybe_recompile pc=0x000000000281446c method=com.android.dx.ssa.NormalSsaInsn.accept(Lcom/android/dx/ssa/SsaInsn$Visitor;)V @ 9
Event: 1.029 Thread 0x00000000024e0800 Uncommon trap: reason=bimorphic action=maybe_recompile pc=0x000000000281446c method=com.android.dx.ssa.NormalSsaInsn.accept(Lcom/android/dx/ssa/SsaInsn$Visitor;)V @ 9
Event: 1.029 Thread 0x00000000024e0800 Uncommon trap: reason=bimorphic action=maybe_recompile pc=0x000000000281446c method=com.android.dx.ssa.NormalSsaInsn.accept(Lcom/android/dx/ssa/SsaInsn$Visitor;)V @ 9
Event: 1.030 Thread 0x00000000024e0800 Uncommon trap: reason=bimorphic action=maybe_recompile pc=0x000000000281446c method=com.android.dx.ssa.NormalSsaInsn.accept(Lcom/android/dx/ssa/SsaInsn$Visitor;)V @ 9
Event: 1.120 Thread 0x00000000024e0800 Uncommon trap: reason=bimorphic action=maybe_recompile pc=0x000000000284c8c8 method=java.util.HashMap.getNode(ILjava/lang/Object;)Ljava/util/HashMap$Node; @ 126
Event: 1.120 Thread 0x00000000024e0800 Uncommon trap: reason=bimorphic action=maybe_recompile pc=0x000000000284c8c8 method=java.util.HashMap.getNode(ILjava/lang/Object;)Ljava/util/HashMap$Node; @ 126
Event: 1.121 Thread 0x00000000024e0800 Uncommon trap: reason=bimorphic action=maybe_recompile pc=0x000000000284c8c8 method=java.util.HashMap.getNode(ILjava/lang/Object;)Ljava/util/HashMap$Node; @ 126
Event: 1.171 Thread 0x00000000024e0800 Uncommon trap: reason=bimorphic action=maybe_recompile pc=0x000000000284c8c8 method=java.util.HashMap.getNode(ILjava/lang/Object;)Ljava/util/HashMap$Node; @ 126
Event: 1.171 Thread 0x00000000024e0800 Uncommon trap: reason=bimorphic action=maybe_recompile pc=0x00000000027c4748 method=java.util.HashMap.getNode(ILjava/lang/Object;)Ljava/util/HashMap$Node; @ 126
Event: 1.375 Thread 0x00000000024e0800 Uncommon trap: reason=null_check action=make_not_entrant pc=0x00000000028e1734 method=com.android.dx.rop.type.Type.equals(Ljava/lang/Object;)Z @ 8

Internal exceptions (10 events):
Event: 0.796 Thread 0x00000000024e0800 Exception <a 'java/security/PrivilegedActionException'> (0x00000000eb3639a0) thrown at [C:\workspace\8-2-build-windows-amd64-cygwin\jdk8u31\2394\hotspot\src\share\vm\prims\jvm.cpp, line 1312]
Event: 0.797 Thread 0x00000000024e0800 Exception <a 'java/security/PrivilegedActionException'> (0x00000000eb368880) thrown at [C:\workspace\8-2-build-windows-amd64-cygwin\jdk8u31\2394\hotspot\src\share\vm\prims\jvm.cpp, line 1312]
Event: 0.911 Thread 0x00000000024e0800 Exception <a 'java/security/PrivilegedActionException'> (0x00000000eb3d2198) thrown at [C:\workspace\8-2-build-windows-amd64-cygwin\jdk8u31\2394\hotspot\src\share\vm\prims\jvm.cpp, line 1312]
Event: 1.001 Thread 0x00000000024e0800 Exception <a 'java/security/PrivilegedActionException'> (0x00000000eb456d08) thrown at [C:\workspace\8-2-build-windows-amd64-cygwin\jdk8u31\2394\hotspot\src\share\vm\prims\jvm.cpp, line 1312]
Event: 1.003 Thread 0x00000000024e0800 Exception <a 'java/security/PrivilegedActionException'> (0x00000000eb4663f8) thrown at [C:\workspace\8-2-build-windows-amd64-cygwin\jdk8u31\2394\hotspot\src\share\vm\prims\jvm.cpp, line 1312]
Event: 1.185 Thread 0x00000000024e0800 Exception <a 'java/security/PrivilegedActionException'> (0x00000000eb6499b0) thrown at [C:\workspace\8-2-build-windows-amd64-cygwin\jdk8u31\2394\hotspot\src\share\vm\prims\jvm.cpp, line 1312]
Event: 1.373 Thread 0x00000000024e0800 Exception <a 'java/security/PrivilegedActionException'> (0x00000000eb9425b0) thrown at [C:\workspace\8-2-build-windows-amd64-cygwin\jdk8u31\2394\hotspot\src\share\vm\prims\jvm.cpp, line 1312]
Event: 1.375 Thread 0x00000000024e0800 Implicit null exception at 0x00000000028e1622 to 0x00000000028e1725
Event: 1.882 Thread 0x00000000024e0800 Exception <a 'java/security/PrivilegedActionException'> (0x00000000eabb8330) thrown at [C:\workspace\8-2-build-windows-amd64-cygwin\jdk8u31\2394\hotspot\src\share\vm\prims\jvm.cpp, line 1312]
Event: 1.894 Thread 0x00000000024e0800 Exception <a 'java/security/PrivilegedActionException'> (0x00000000eabd0308) thrown at [C:\workspace\8-2-build-windows-amd64-cygwin\jdk8u31\2394\hotspot\src\share\vm\prims\jvm.cpp, line 1312]

Events (10 events):
Event: 1.749 loading class java/util/ComparableTimSort
Event: 1.881 loading class java/util/ComparableTimSort done
Event: 1.882 loading class com/android/dx/rop/cst/Zeroes
Event: 1.882 loading class com/android/dx/rop/cst/Zeroes done
Event: 1.885 loading class java/util/HashMap$KeySet
Event: 1.885 loading class java/util/HashMap$KeySet done
Event: 1.885 loading class java/util/HashMap$KeyIterator
Event: 1.885 loading class java/util/HashMap$KeyIterator done
Event: 1.894 loading class com/android/dx/dex/file/ProtoIdItem
Event: 1.894 loading class com/android/dx/dex/file/ProtoIdItem done


Dynamic libraries:
0x00007ff6a97f0000 - 0x00007ff6a9824000 	C:\Program Files\Java\jdk1.8.0_31\bin\java.exe
0x00007ffbec080000 - 0x00007ffbec22c000 	C:\windows\SYSTEM32\ntdll.dll
0x00007ffbe9900000 - 0x00007ffbe9a3e000 	C:\windows\system32\KERNEL32.DLL
0x00007ffbe94e0000 - 0x00007ffbe95f5000 	C:\windows\system32\KERNELBASE.dll
0x00007ffbe7b10000 - 0x00007ffbe7b9e000 	C:\windows\system32\apphelp.dll
0x00007ffbd5730000 - 0x00007ffbd5783000 	C:\windows\AppPatch\AppPatch64\AcGenral.DLL
0x00007ffbe9700000 - 0x00007ffbe97aa000 	C:\windows\system32\msvcrt.dll
0x00007ffbe9070000 - 0x00007ffbe909e000 	C:\windows\SYSTEM32\SspiCli.dll
0x00007ffbec020000 - 0x00007ffbec074000 	C:\windows\system32\SHLWAPI.dll
0x00007ffbeb7f0000 - 0x00007ffbeb967000 	C:\windows\system32\USER32.dll
0x00007ffbebd00000 - 0x00007ffbebe94000 	C:\windows\system32\ole32.dll
0x00007ffbea000000 - 0x00007ffbeb518000 	C:\windows\system32\SHELL32.dll
0x00007ffbe87f0000 - 0x00007ffbe8811000 	C:\windows\SYSTEM32\USERENV.dll
0x00007ffbeb970000 - 0x00007ffbeba1a000 	C:\windows\system32\ADVAPI32.dll
0x00007ffbdb310000 - 0x00007ffbdb32e000 	C:\windows\SYSTEM32\MPR.dll
0x00007ffbe97b0000 - 0x00007ffbe98f1000 	C:\windows\system32\RPCRT4.dll
0x00007ffbeb660000 - 0x00007ffbeb6b9000 	C:\windows\SYSTEM32\sechost.dll
0x00007ffbeba20000 - 0x00007ffbebc31000 	C:\windows\SYSTEM32\combase.dll
0x00007ffbe9ac0000 - 0x00007ffbe9c11000 	C:\windows\system32\GDI32.dll
0x00007ffbe91d0000 - 0x00007ffbe91e5000 	C:\windows\SYSTEM32\profapi.dll
0x00007ffbe6f60000 - 0x00007ffbe7012000 	C:\windows\SYSTEM32\SHCORE.dll
0x00007ffbe9c20000 - 0x00007ffbe9c56000 	C:\windows\system32\IMM32.DLL
0x00007ffbebec0000 - 0x00007ffbec012000 	C:\windows\system32\MSCTF.dll
0x00007ffbe52a0000 - 0x00007ffbe551a000 	C:\windows\WinSxS\amd64_microsoft.windows.common-controls_6595b64144ccf1df_6.0.9600.17810_none_6240b9c7ecbd0bda\COMCTL32.dll
0x0000000060f30000 - 0x0000000061002000 	C:\Program Files\Java\jdk1.8.0_31\jre\bin\msvcr100.dll
0x00000000613b0000 - 0x0000000061c0a000 	C:\Program Files\Java\jdk1.8.0_31\jre\bin\server\jvm.dll
0x00007ffbe0c00000 - 0x00007ffbe0c09000 	C:\windows\SYSTEM32\WSOCK32.dll
0x00007ffbe10e0000 - 0x00007ffbe1102000 	C:\windows\SYSTEM32\WINMM.dll
0x00007ffbebeb0000 - 0x00007ffbebeb7000 	C:\windows\system32\PSAPI.DLL
0x00007ffbe9a40000 - 0x00007ffbe9a9a000 	C:\windows\system32\WS2_32.dll
0x00007ffbe10b0000 - 0x00007ffbe10da000 	C:\windows\SYSTEM32\WINMMBASE.dll
0x00007ffbebea0000 - 0x00007ffbebea9000 	C:\windows\system32\NSI.dll
0x00007ffbe9600000 - 0x00007ffbe964f000 	C:\windows\SYSTEM32\cfgmgr32.dll
0x00007ffbe7fc0000 - 0x00007ffbe7fe8000 	C:\windows\SYSTEM32\DEVOBJ.dll
0x00000000613a0000 - 0x00000000613af000 	C:\Program Files\Java\jdk1.8.0_31\jre\bin\verify.dll
0x0000000061370000 - 0x0000000061398000 	C:\Program Files\Java\jdk1.8.0_31\jre\bin\java.dll
0x0000000061350000 - 0x0000000061366000 	C:\Program Files\Java\jdk1.8.0_31\jre\bin\zip.dll
0x00007ffbdc9a0000 - 0x00007ffbdcb29000 	C:\windows\SYSTEM32\dbghelp.dll

VM Arguments:
jvm_args: -Xmx1024M -Dfile.encoding=windows-1252 -Duser.country=US -Duser.language=en -Duser.variant 
java_command: com.android.dx.command.Main --dex --output C:\Users\Tamim\OneDrive\Work\Host\DiplomaticClub\app\build\intermediates\pre-dexed\debug\classes-f1a1ffd0c3e62005c3f4acb8c6c8b2ac0a395cae.jar C:\Users\Tamim\OneDrive\Work\Host\DiplomaticClub\app\build\intermediates\exploded-aar\com.android.support\cardview-v7\21.0.3\jars\classes.jar
java_class_path (initial): C:\Users\Tamim\AppData\Local\Android\sdk\build-tools\22.0.1\lib\dx.jar
Launcher Type: SUN_STANDARD

Environment Variables:
JAVA_HOME=C:\Program Files\Java\jdk1.8.0_31
PATH=C:\ProgramData\Oracle\Java\javapath;C:\windows\system32;C:\windows;C:\windows\System32\Wbem;C:\windows\System32\WindowsPowerShell\v1.0\;C:\Program Files (x86)\MiKTeX 2.9\miktex\bin\;C:\Python27;C:\Program Files (x86)\Skype\Phone\
USERNAME=Tamim
OS=Windows_NT
PROCESSOR_IDENTIFIER=Intel64 Family 6 Model 69 Stepping 1, GenuineIntel



---------------  S Y S T E M  ---------------

OS: Windows 8.1 , 64 bit Build 9600 

CPU:total 4 (2 cores per cpu, 2 threads per core) family 6 model 69 stepping 1, cmov, cx8, fxsr, mmx, sse, sse2, sse3, ssse3, sse4.1, sse4.2, popcnt, avx, avx2, aes, clmul, erms, lzcnt, ht, tsc, tscinvbit, bmi1, bmi2

Memory: 4k page, physical 4097096k(184728k free), swap 7717960k(166988k free)

vm_info: Java HotSpot(TM) 64-Bit Server VM (25.31-b07) for windows-amd64 JRE (1.8.0_31-b13), built on Dec 17 2014 21:00:28 by "java_re" with MS VC++ 10.0 (VS2010)

time: Wed Jun 17 17:08:50 2015
elapsed time: 2 seconds (0d 0h 0m 2s)

