#
# There is insufficient memory for the Java Runtime Environment to continue.
# Native memory allocation (malloc) failed to allocate 1424336 bytes for Chunk::new
# Possible reasons:
#   The system is out of physical RAM or swap space
#   In 32 bit mode, the process size limit was hit
# Possible solutions:
#   Reduce memory load on the system
#   Increase physical memory or swap space
#   Check if swap backing store is full
#   Use 64 bit Java on a 64 bit OS
#   Decrease Java heap size (-Xmx/-Xms)
#   Decrease number of Java threads
#   Decrease Java thread stack sizes (-Xss)
#   Set larger code cache with -XX:ReservedCodeCacheSize=
# This output file may be truncated or incomplete.
#
#  Out of Memory Error (allocation.cpp:390), pid=7940, tid=6152
#
# JRE version: Java(TM) SE Runtime Environment (8.0_31-b13) (build 1.8.0_31-b13)
# Java VM: Java HotSpot(TM) 64-Bit Server VM (25.31-b07 mixed mode windows-amd64 compressed oops)
# Failed to write core dump. Minidumps are not enabled by default on client versions of Windows
#

---------------  T H R E A D  ---------------

Current thread (0x0000000015278000):  JavaThread "C2 CompilerThread0" daemon [_thread_in_native, id=6152, stack(0x00000000167e0000,0x00000000168e0000)]

Stack: [0x00000000167e0000,0x00000000168e0000]
Native frames: (J=compiled Java code, j=interpreted, Vv=VM code, C=native code)
V  [jvm.dll+0x3169ba]
V  [jvm.dll+0x2674c3]
V  [jvm.dll+0x268103]
V  [jvm.dll+0x25f8f5]
V  [jvm.dll+0xbf025]
V  [jvm.dll+0xbf4cc]
V  [jvm.dll+0x45df82]
V  [jvm.dll+0x49f21f]
V  [jvm.dll+0x453401]
V  [jvm.dll+0x454124]
V  [jvm.dll+0x437c62]
V  [jvm.dll+0x988e2]
V  [jvm.dll+0x990d3]
V  [jvm.dll+0x22c194]
V  [jvm.dll+0x28576a]
C  [msvcr100.dll+0x21d9f]
C  [msvcr100.dll+0x21e3b]
C  [KERNEL32.DLL+0x13d2]
C  [ntdll.dll+0x15444]


Current CompileTask:
C2:   2267 1247   !   4       com.android.dx.cf.code.BytecodeArray::parseInstruction (2764 bytes)


---------------  P R O C E S S  ---------------

Java Threads: ( => current thread )
  0x000000000116d800 JavaThread "DestroyJavaVM" [_thread_blocked, id=2964, stack(0x00000000029a0000,0x0000000002aa0000)]
  0x00000000152cd800 JavaThread "Service Thread" daemon [_thread_blocked, id=4460, stack(0x0000000016ee0000,0x0000000016fe0000)]
  0x0000000015270800 JavaThread "C1 CompilerThread2" daemon [_thread_blocked, id=4056, stack(0x00000000169e0000,0x0000000016ae0000)]
  0x000000001526a000 JavaThread "C2 CompilerThread1" daemon [_thread_in_native, id=8008, stack(0x00000000168e0000,0x00000000169e0000)]
=>0x0000000015278000 JavaThread "C2 CompilerThread0" daemon [_thread_in_native, id=6152, stack(0x00000000167e0000,0x00000000168e0000)]
  0x0000000015276800 JavaThread "Attach Listener" daemon [_thread_blocked, id=7188, stack(0x00000000166e0000,0x00000000167e0000)]
  0x0000000015274800 JavaThread "Signal Dispatcher" daemon [_thread_blocked, id=8120, stack(0x00000000165e0000,0x00000000166e0000)]
  0x0000000002b95000 JavaThread "Finalizer" daemon [_thread_blocked, id=7776, stack(0x00000000164e0000,0x00000000165e0000)]
  0x0000000002b8c000 JavaThread "Reference Handler" daemon [_thread_blocked, id=748, stack(0x00000000163e0000,0x00000000164e0000)]

Other Threads:
  0x0000000015236000 VMThread [stack: 0x00000000162e0000,0x00000000163e0000] [id=5488]
  0x0000000016b0a000 WatcherThread [stack: 0x0000000016fe0000,0x00000000170e0000] [id=5352]

VM state:not at safepoint (normal execution)

VM Mutex/Monitor currently owned by a thread: None

Heap:
 PSYoungGen      total 18944K, used 5537K [0x00000000eab00000, 0x00000000ed000000, 0x0000000100000000)
  eden space 16384K, 18% used [0x00000000eab00000,0x00000000eadeb368,0x00000000ebb00000)
  from space 2560K, 99% used [0x00000000ebb00000,0x00000000ebd7d308,0x00000000ebd80000)
  to   space 2560K, 0% used [0x00000000ecd80000,0x00000000ecd80000,0x00000000ed000000)
 ParOldGen       total 44032K, used 8618K [0x00000000c0000000, 0x00000000c2b00000, 0x00000000eab00000)
  object space 44032K, 19% used [0x00000000c0000000,0x00000000c086abc8,0x00000000c2b00000)
 Metaspace       used 5926K, capacity 7088K, committed 7296K, reserved 1056768K
  class space    used 577K, capacity 616K, committed 640K, reserved 1048576K

Card table byte_map: [0x0000000011f60000,0x0000000012170000] byte_map_base: 0x0000000011960000

Marking Bits: (ParMarkBitMap*) 0x00000000540cd4f0
 Begin Bits: [0x00000000126d0000, 0x00000000136d0000)
 End Bits:   [0x00000000136d0000, 0x00000000146d0000)

Polling page: 0x0000000001150000

CodeCache: size=245760Kb used=5618Kb max_used=5618Kb free=240141Kb
 bounds [0x0000000002ba0000, 0x0000000003120000, 0x0000000011ba0000]
 total_blobs=1665 nmethods=1403 adapters=175
 compilation: disabled (not enough contiguous free space left)

Compilation events (10 events):
Event: 1.325 Thread 0x0000000015270800 1360       3       com.android.dx.ssa.back.FirstFitLocalCombiningAllocator$Multiset::add (68 bytes)
Event: 1.325 Thread 0x0000000015270800 nmethod 1360 0x0000000003101a50 code [0x0000000003101be0, 0x0000000003101ed0]
Event: 1.325 Thread 0x0000000015270800 1362       3       com.android.dx.ssa.PhiInsn::predBlockIndexForSourcesIndex (15 bytes)
Event: 1.326 Thread 0x0000000015270800 nmethod 1362 0x0000000003102150 code [0x0000000003102300, 0x00000000031027d8]
Event: 1.326 Thread 0x0000000015270800 1363       3       com.android.dx.rop.code.Insn::contentEquals (84 bytes)
Event: 1.326 Thread 0x0000000015270800 nmethod 1363 0x0000000003102b10 code [0x0000000003102d00, 0x0000000003103938]
Event: 1.326 Thread 0x0000000015270800 1361       3       com.android.dx.ssa.SsaMethod::onSourceChanged (65 bytes)
Event: 1.327 Thread 0x0000000015270800 nmethod 1361 0x0000000003103b90 code [0x0000000003103d60, 0x00000000031045d8]
Event: 1.327 Thread 0x0000000015270800 1364       3       com.android.dx.rop.code.SourcePosition::equals (46 bytes)
Event: 1.327 Thread 0x0000000015270800 nmethod 1364 0x0000000003104ad0 code [0x0000000003104c60, 0x0000000003105188]

GC Heap History (4 events):
Event: 0.894 GC heap before
{Heap before GC invocations=1 (full 0):
 PSYoungGen      total 18944K, used 16384K [0x00000000eab00000, 0x00000000ec000000, 0x0000000100000000)
  eden space 16384K, 100% used [0x00000000eab00000,0x00000000ebb00000,0x00000000ebb00000)
  from space 2560K, 0% used [0x00000000ebd80000,0x00000000ebd80000,0x00000000ec000000)
  to   space 2560K, 0% used [0x00000000ebb00000,0x00000000ebb00000,0x00000000ebd80000)
 ParOldGen       total 44032K, used 0K [0x00000000c0000000, 0x00000000c2b00000, 0x00000000eab00000)
  object space 44032K, 0% used [0x00000000c0000000,0x00000000c0000000,0x00000000c2b00000)
 Metaspace       used 5427K, capacity 6768K, committed 7040K, reserved 1056768K
  class space    used 547K, capacity 616K, committed 640K, reserved 1048576K
Event: 0.901 GC heap after
Heap after GC invocations=1 (full 0):
 PSYoungGen      total 18944K, used 2531K [0x00000000eab00000, 0x00000000ec000000, 0x0000000100000000)
  eden space 16384K, 0% used [0x00000000eab00000,0x00000000eab00000,0x00000000ebb00000)
  from space 2560K, 98% used [0x00000000ebb00000,0x00000000ebd78c50,0x00000000ebd80000)
  to   space 2560K, 0% used [0x00000000ebd80000,0x00000000ebd80000,0x00000000ec000000)
 ParOldGen       total 44032K, used 1903K [0x00000000c0000000, 0x00000000c2b00000, 0x00000000eab00000)
  object space 44032K, 4% used [0x00000000c0000000,0x00000000c01dbf60,0x00000000c2b00000)
 Metaspace       used 5427K, capacity 6768K, committed 7040K, reserved 1056768K
  class space    used 547K, capacity 616K, committed 640K, reserved 1048576K
}
Event: 1.195 GC heap before
{Heap before GC invocations=2 (full 0):
 PSYoungGen      total 18944K, used 18915K [0x00000000eab00000, 0x00000000ec000000, 0x0000000100000000)
  eden space 16384K, 100% used [0x00000000eab00000,0x00000000ebb00000,0x00000000ebb00000)
  from space 2560K, 98% used [0x00000000ebb00000,0x00000000ebd78c50,0x00000000ebd80000)
  to   space 2560K, 0% used [0x00000000ebd80000,0x00000000ebd80000,0x00000000ec000000)
 ParOldGen       total 44032K, used 1903K [0x00000000c0000000, 0x00000000c2b00000, 0x00000000eab00000)
  object space 44032K, 4% used [0x00000000c0000000,0x00000000c01dbf60,0x00000000c2b00000)
 Metaspace       used 5627K, capacity 6896K, committed 7040K, reserved 1056768K
  class space    used 549K, capacity 616K, committed 640K, reserved 1048576K
Event: 1.208 GC heap after
Heap after GC invocations=2 (full 0):
 PSYoungGen      total 18944K, used 2545K [0x00000000eab00000, 0x00000000ed000000, 0x0000000100000000)
  eden space 16384K, 0% used [0x00000000eab00000,0x00000000eab00000,0x00000000ebb00000)
  from space 2560K, 99% used [0x00000000ebd80000,0x00000000ebffc630,0x00000000ec000000)
  to   space 2560K, 0% used [0x00000000ebb00000,0x00000000ebb00000,0x00000000ebd80000)
 ParOldGen       total 44032K, used 5090K [0x00000000c0000000, 0x00000000c2b00000, 0x00000000eab00000)
  object space 44032K, 11% used [0x00000000c0000000,0x00000000c04f8a10,0x00000000c2b00000)
 Metaspace       used 5627K, capacity 6896K, committed 7040K, reserved 1056768K
  class space    used 549K, capacity 616K, committed 640K, reserved 1048576K
}

Deoptimization events (10 events):
Event: 0.662 Thread 0x000000000116d800 Uncommon trap: reason=speculate_class_check action=maybe_recompile pc=0x0000000002d51768 method=com.android.dx.rop.cst.Constant.compareTo(Lcom/android/dx/rop/cst/Constant;)I @ 29
Event: 0.662 Thread 0x000000000116d800 Uncommon trap: reason=speculate_class_check action=maybe_recompile pc=0x0000000002d51768 method=com.android.dx.rop.cst.Constant.compareTo(Lcom/android/dx/rop/cst/Constant;)I @ 29
Event: 0.894 Thread 0x000000000116d800 Uncommon trap: reason=null_check action=make_not_entrant pc=0x0000000002ed07a4 method=com.android.dx.rop.type.Type.equals(Ljava/lang/Object;)Z @ 8
Event: 0.985 Thread 0x000000000116d800 Uncommon trap: reason=class_check action=maybe_recompile pc=0x0000000002e68954 method=com.android.dx.ssa.NormalSsaInsn.accept(Lcom/android/dx/ssa/SsaInsn$Visitor;)V @ 9
Event: 0.987 Thread 0x000000000116d800 Uncommon trap: reason=class_check action=maybe_recompile pc=0x0000000002e68954 method=com.android.dx.ssa.NormalSsaInsn.accept(Lcom/android/dx/ssa/SsaInsn$Visitor;)V @ 9
Event: 0.987 Thread 0x000000000116d800 Uncommon trap: reason=class_check action=maybe_recompile pc=0x0000000002e68954 method=com.android.dx.ssa.NormalSsaInsn.accept(Lcom/android/dx/ssa/SsaInsn$Visitor;)V @ 9
Event: 0.987 Thread 0x000000000116d800 Uncommon trap: reason=class_check action=maybe_recompile pc=0x0000000002e68954 method=com.android.dx.ssa.NormalSsaInsn.accept(Lcom/android/dx/ssa/SsaInsn$Visitor;)V @ 9
Event: 0.987 Thread 0x000000000116d800 Uncommon trap: reason=class_check action=maybe_recompile pc=0x0000000002e4e0b0 method=com.android.dx.ssa.NormalSsaInsn.accept(Lcom/android/dx/ssa/SsaInsn$Visitor;)V @ 9
Event: 1.115 Thread 0x000000000116d800 Uncommon trap: reason=unloaded action=reinterpret pc=0x0000000003061610 method=com.android.dx.cf.cst.ConstantPoolParser.parse0(ILjava/util/BitSet;)Lcom/android/dx/rop/cst/Constant; @ 345
Event: 1.315 Thread 0x000000000116d800 Uncommon trap: reason=null_check action=make_not_entrant pc=0x0000000003022908 method=com.android.dx.ssa.SsaRenamer.getLocalForNewReg(I)Lcom/android/dx/rop/code/LocalItem; @ 19

Internal exceptions (10 events):
Event: 0.700 Thread 0x000000000116d800 Exception <a 'java/security/PrivilegedActionException'> (0x00000000eb522528) thrown at [C:\workspace\8-2-build-windows-amd64-cygwin\jdk8u31\2394\hotspot\src\share\vm\prims\jvm.cpp, line 1312]
Event: 0.710 Thread 0x000000000116d800 Exception <a 'java/security/PrivilegedActionException'> (0x00000000eb5615f0) thrown at [C:\workspace\8-2-build-windows-amd64-cygwin\jdk8u31\2394\hotspot\src\share\vm\prims\jvm.cpp, line 1312]
Event: 0.711 Thread 0x000000000116d800 Exception <a 'java/security/PrivilegedActionException'> (0x00000000eb564ce0) thrown at [C:\workspace\8-2-build-windows-amd64-cygwin\jdk8u31\2394\hotspot\src\share\vm\prims\jvm.cpp, line 1312]
Event: 0.711 Thread 0x000000000116d800 Exception <a 'java/security/PrivilegedActionException'> (0x00000000eb56afd8) thrown at [C:\workspace\8-2-build-windows-amd64-cygwin\jdk8u31\2394\hotspot\src\share\vm\prims\jvm.cpp, line 1312]
Event: 0.712 Thread 0x000000000116d800 Exception <a 'java/security/PrivilegedActionException'> (0x00000000eb56ead0) thrown at [C:\workspace\8-2-build-windows-amd64-cygwin\jdk8u31\2394\hotspot\src\share\vm\prims\jvm.cpp, line 1312]
Event: 0.721 Thread 0x000000000116d800 Exception <a 'java/security/PrivilegedActionException'> (0x00000000eb5a3360) thrown at [C:\workspace\8-2-build-windows-amd64-cygwin\jdk8u31\2394\hotspot\src\share\vm\prims\jvm.cpp, line 1312]
Event: 0.723 Thread 0x000000000116d800 Exception <a 'java/security/PrivilegedActionException'> (0x00000000eb5b20c8) thrown at [C:\workspace\8-2-build-windows-amd64-cygwin\jdk8u31\2394\hotspot\src\share\vm\prims\jvm.cpp, line 1312]
Event: 0.894 Thread 0x000000000116d800 Implicit null exception at 0x0000000002ed06a2 to 0x0000000002ed0795
Event: 1.022 Thread 0x000000000116d800 Exception <a 'java/security/PrivilegedActionException'> (0x00000000eaf3f698) thrown at [C:\workspace\8-2-build-windows-amd64-cygwin\jdk8u31\2394\hotspot\src\share\vm\prims\jvm.cpp, line 1312]
Event: 1.315 Thread 0x000000000116d800 Implicit null exception at 0x0000000003021d06 to 0x00000000030228ed

Events (10 events):
Event: 1.144 loading class java/util/DualPivotQuicksort done
Event: 1.164 Thread 0x000000000116d800 DEOPT PACKING pc=0x0000000002ed5e35 sp=0x0000000002a9e3a0
Event: 1.164 Thread 0x000000000116d800 DEOPT UNPACKING pc=0x0000000002be75bf sp=0x0000000002a9e190 mode 0
Event: 1.195 Executing VM operation: ParallelGCFailedAllocation
Event: 1.208 Executing VM operation: ParallelGCFailedAllocation done
Event: 1.315 Thread 0x000000000116d800 Uncommon trap: trap_request=0xfffffff4 fr.pc=0x0000000003022908
Event: 1.315 Thread 0x000000000116d800 DEOPT PACKING pc=0x0000000003022908 sp=0x0000000002a9e250
Event: 1.315 Thread 0x000000000116d800 DEOPT UNPACKING pc=0x0000000002be556a sp=0x0000000002a9e048 mode 2
Event: 1.363 loading class java/util/zip/ZipFile$ZipEntryIterator
Event: 1.363 loading class java/util/zip/ZipFile$ZipEntryIterator done


Dynamic libraries:
0x00007ff766460000 - 0x00007ff766494000 	C:\Program Files\Java\jdk1.8.0_31\bin\java.exe
0x00007fff4ee30000 - 0x00007fff4efdc000 	C:\windows\SYSTEM32\ntdll.dll
0x00007fff4e860000 - 0x00007fff4e99e000 	C:\windows\system32\KERNEL32.DLL
0x00007fff4c390000 - 0x00007fff4c4a5000 	C:\windows\system32\KERNELBASE.dll
0x00007fff4a900000 - 0x00007fff4a98e000 	C:\windows\system32\apphelp.dll
0x00007fff3a900000 - 0x00007fff3a953000 	C:\windows\AppPatch\AppPatch64\AcGenral.DLL
0x00007fff4ce50000 - 0x00007fff4cefa000 	C:\windows\system32\msvcrt.dll
0x00007fff4be20000 - 0x00007fff4be4e000 	C:\windows\SYSTEM32\SspiCli.dll
0x00007fff4e740000 - 0x00007fff4e794000 	C:\windows\system32\SHLWAPI.dll
0x00007fff4cf20000 - 0x00007fff4d097000 	C:\windows\system32\USER32.dll
0x00007fff4c8a0000 - 0x00007fff4ca34000 	C:\windows\system32\ole32.dll
0x00007fff4d0b0000 - 0x00007fff4e5c8000 	C:\windows\system32\SHELL32.dll
0x00007fff4b5a0000 - 0x00007fff4b5c1000 	C:\windows\SYSTEM32\USERENV.dll
0x00007fff4c4b0000 - 0x00007fff4c55a000 	C:\windows\system32\ADVAPI32.dll
0x00007fff3e580000 - 0x00007fff3e59e000 	C:\windows\SYSTEM32\MPR.dll
0x00007fff4cd00000 - 0x00007fff4ce41000 	C:\windows\system32\RPCRT4.dll
0x00007fff4c840000 - 0x00007fff4c899000 	C:\windows\SYSTEM32\sechost.dll
0x00007fff4c560000 - 0x00007fff4c771000 	C:\windows\SYSTEM32\combase.dll
0x00007fff4e5d0000 - 0x00007fff4e721000 	C:\windows\system32\GDI32.dll
0x00007fff4bf80000 - 0x00007fff4bf95000 	C:\windows\SYSTEM32\profapi.dll
0x00007fff4a100000 - 0x00007fff4a1b2000 	C:\windows\SYSTEM32\SHCORE.dll
0x00007fff4e820000 - 0x00007fff4e856000 	C:\windows\system32\IMM32.DLL
0x00007fff4ebb0000 - 0x00007fff4ed02000 	C:\windows\system32\MSCTF.dll
0x00007fff49890000 - 0x00007fff49b0a000 	C:\windows\WinSxS\amd64_microsoft.windows.common-controls_6595b64144ccf1df_6.0.9600.17810_none_6240b9c7ecbd0bda\COMCTL32.dll
0x0000000053470000 - 0x0000000053542000 	C:\Program Files\Java\jdk1.8.0_31\jre\bin\msvcr100.dll
0x00000000538f0000 - 0x000000005414a000 	C:\Program Files\Java\jdk1.8.0_31\jre\bin\server\jvm.dll
0x00007fff44340000 - 0x00007fff44349000 	C:\windows\SYSTEM32\WSOCK32.dll
0x00007fff443e0000 - 0x00007fff44402000 	C:\windows\SYSTEM32\WINMM.dll
0x00007fff4e730000 - 0x00007fff4e737000 	C:\windows\system32\PSAPI.DLL
0x00007fff4eb50000 - 0x00007fff4ebaa000 	C:\windows\system32\WS2_32.dll
0x00007fff443b0000 - 0x00007fff443da000 	C:\windows\SYSTEM32\WINMMBASE.dll
0x00007fff4ca40000 - 0x00007fff4ca49000 	C:\windows\system32\NSI.dll
0x00007fff4c050000 - 0x00007fff4c09f000 	C:\windows\SYSTEM32\cfgmgr32.dll
0x00007fff4ad70000 - 0x00007fff4ad98000 	C:\windows\SYSTEM32\DEVOBJ.dll
0x00000000538e0000 - 0x00000000538ef000 	C:\Program Files\Java\jdk1.8.0_31\jre\bin\verify.dll
0x00000000538b0000 - 0x00000000538d8000 	C:\Program Files\Java\jdk1.8.0_31\jre\bin\java.dll
0x0000000053890000 - 0x00000000538a6000 	C:\Program Files\Java\jdk1.8.0_31\jre\bin\zip.dll
0x00007fff3e320000 - 0x00007fff3e4a9000 	C:\windows\SYSTEM32\dbghelp.dll

VM Arguments:
jvm_args: -Xmx1024M -Dfile.encoding=windows-1252 -Duser.country=US -Duser.language=en -Duser.variant 
java_command: com.android.dx.command.Main --dex --output C:\Users\Tamim\OneDrive\Work\Host\DiplomaticClub\app\build\intermediates\dex\debug C:\Users\Tamim\OneDrive\Work\Host\DiplomaticClub\app\build\intermediates\classes\debug C:\Users\Tamim\OneDrive\Work\Host\DiplomaticClub\app\build\intermediates\pre-dexed\debug\support-annotations-22.1.1-8815075de5e1bb6d927c4e5b0f10b40cd6c499d5.jar C:\Users\Tamim\OneDrive\Work\Host\DiplomaticClub\app\build\intermediates\pre-dexed\debug\classes-f1a1ffd0c3e62005c3f4acb8c6c8b2ac0a395cae.jar C:\Users\Tamim\OneDrive\Work\Host\DiplomaticClub\app\build\intermediates\pre-dexed\debug\library-1.0.16-ac4e2bec74481a15d8a78e1e92e0ea298b448c3e.jar C:\Users\Tamim\OneDrive\Work\Host\DiplomaticClub\app\build\intermediates\pre-dexed\debug\picasso-2.5.2-c1b787258c3b5eee76d5ba194971dd8b5e4753e1.jar C:\Users\Tamim\OneDrive\Work\Host\DiplomaticClub\app\build\intermediates\pre-dexed\debug\internal_impl-22.1.1-4203faa77544ae96188ebfbe047975fe78b86cf4.jar C:\Users\Tamim\OneDrive\Work\Host\DiplomaticClub\app\build\intermediates\pre-dexed\debug\classes-7898638b4ee7c209a9fdcf1bbb876df7700d2535.jar C:\Users\Tamim\OneDrive\Work\Host\DiplomaticClub\app\build\intermediates\pre-dexed\debug\classes-7782996bb7867db58b5124b5f61970df6d9790e4.jar C:\Users\Tamim\OneDrive\Work\Host\DiplomaticClub\app\build\intermediates\pre-dexed\debug\classes-20541e717b4760a2761559979627910c232d3ed9.jar
java_class_path (initial): C:\Users\Tamim\AppData\Local\Android\sdk\build-tools\22.0.1\lib\dx.jar
Launcher Type: SUN_STANDARD

Environment Variables:
JAVA_HOME=C:\Program Files\Java\jdk1.8.0_31
PATH=C:\ProgramData\Oracle\Java\javapath;C:\windows\system32;C:\windows;C:\windows\System32\Wbem;C:\windows\System32\WindowsPowerShell\v1.0\;C:\Program Files (x86)\MiKTeX 2.9\miktex\bin\;C:\Python27;C:\Program Files (x86)\Skype\Phone\
USERNAME=Tamim
OS=Windows_NT
PROCESSOR_IDENTIFIER=Intel64 Family 6 Model 69 Stepping 1, GenuineIntel



---------------  S Y S T E M  ---------------

OS: Windows 8.1 , 64 bit Build 9600 

CPU:total 4 (2 cores per cpu, 2 threads per core) family 6 model 69 stepping 1, cmov, cx8, fxsr, mmx, sse, sse2, sse3, ssse3, sse4.1, sse4.2, popcnt, avx, avx2, aes, clmul, erms, lzcnt, ht, tsc, tscinvbit, bmi1, bmi2

Memory: 4k page, physical 4097096k(524992k free), swap 7717960k(5096k free)

vm_info: Java HotSpot(TM) 64-Bit Server VM (25.31-b07) for windows-amd64 JRE (1.8.0_31-b13), built on Dec 17 2014 21:00:28 by "java_re" with MS VC++ 10.0 (VS2010)

time: Mon Jun 15 22:42:58 2015
elapsed time: 2 seconds (0d 0h 0m 2s)

