#
# There is insufficient memory for the Java Runtime Environment to continue.
# Native memory allocation (malloc) failed to allocate 762736 bytes for Chunk::new
# Possible reasons:
#   The system is out of physical RAM or swap space
#   In 32 bit mode, the process size limit was hit
# Possible solutions:
#   Reduce memory load on the system
#   Increase physical memory or swap space
#   Check if swap backing store is full
#   Use 64 bit Java on a 64 bit OS
#   Decrease Java heap size (-Xmx/-Xms)
#   Decrease number of Java threads
#   Decrease Java thread stack sizes (-Xss)
#   Set larger code cache with -XX:ReservedCodeCacheSize=
# This output file may be truncated or incomplete.
#
#  Out of Memory Error (allocation.cpp:390), pid=3796, tid=4616
#
# JRE version: Java(TM) SE Runtime Environment (8.0_31-b13) (build 1.8.0_31-b13)
# Java VM: Java HotSpot(TM) 64-Bit Server VM (25.31-b07 mixed mode windows-amd64 compressed oops)
# Failed to write core dump. Minidumps are not enabled by default on client versions of Windows
#

---------------  T H R E A D  ---------------

Current thread (0x0000000014bbc800):  JavaThread "C2 CompilerThread1" daemon [_thread_in_native, id=4616, stack(0x0000000016210000,0x0000000016310000)]

Stack: [0x0000000016210000,0x0000000016310000]
Native frames: (J=compiled Java code, j=interpreted, Vv=VM code, C=native code)
V  [jvm.dll+0x3169ba]
V  [jvm.dll+0x2674c3]
V  [jvm.dll+0x268103]
V  [jvm.dll+0x25f8f5]
V  [jvm.dll+0xbf025]
V  [jvm.dll+0xbf4cc]
V  [jvm.dll+0x45df82]
V  [jvm.dll+0x49f21f]
V  [jvm.dll+0x453401]
V  [jvm.dll+0x454124]
V  [jvm.dll+0x437c62]
V  [jvm.dll+0x988e2]
V  [jvm.dll+0x990d3]
V  [jvm.dll+0x22c194]
V  [jvm.dll+0x28576a]
C  [msvcr100.dll+0x21d9f]
C  [msvcr100.dll+0x21e3b]
C  [KERNEL32.DLL+0x13d2]
C  [ntdll.dll+0x15444]


Current CompileTask:
C2:   2686 2563       4       com.android.dx.merge.DexMerger::transformDebugInfoItem (313 bytes)


---------------  P R O C E S S  ---------------

Java Threads: ( => current thread )
  0x0000000016442800 JavaThread "Service Thread" daemon [_thread_blocked, id=8256, stack(0x0000000016810000,0x0000000016910000)]
  0x0000000014bbf800 JavaThread "C1 CompilerThread2" daemon [_thread_blocked, id=5264, stack(0x0000000016310000,0x0000000016410000)]
=>0x0000000014bbc800 JavaThread "C2 CompilerThread1" daemon [_thread_in_native, id=4616, stack(0x0000000016210000,0x0000000016310000)]
  0x0000000014bc8000 JavaThread "C2 CompilerThread0" daemon [_thread_blocked, id=5696, stack(0x0000000016110000,0x0000000016210000)]
  0x0000000014bc6800 JavaThread "Attach Listener" daemon [_thread_blocked, id=3608, stack(0x0000000016010000,0x0000000016110000)]
  0x0000000014bc4800 JavaThread "Signal Dispatcher" daemon [_thread_blocked, id=7196, stack(0x0000000015f10000,0x0000000016010000)]
  0x00000000024e5000 JavaThread "Finalizer" daemon [_thread_blocked, id=1516, stack(0x0000000015e10000,0x0000000015f10000)]
  0x00000000024dc000 JavaThread "Reference Handler" daemon [_thread_blocked, id=7044, stack(0x0000000015d10000,0x0000000015e10000)]
  0x000000000235d800 JavaThread "main" [_thread_blocked, id=8660, stack(0x0000000002240000,0x0000000002340000)]

Other Threads:
  0x0000000014b86000 VMThread [stack: 0x0000000015c10000,0x0000000015d10000] [id=7924]
  0x0000000016446000 WatcherThread [stack: 0x0000000016910000,0x0000000016a10000] [id=8264]

VM state:at safepoint (normal execution)

VM Mutex/Monitor currently owned by a thread:  ([mutex/lock_event])
[0x000000000235cc00] Threads_lock - owner thread: 0x0000000014b86000
[0x000000000235ce00] Heap_lock - owner thread: 0x000000000235d800

Heap:
 PSYoungGen      total 35328K, used 35322K [0x00000000eab00000, 0x00000000efb00000, 0x0000000100000000)
  eden space 32768K, 100% used [0x00000000eab00000,0x00000000ecb00000,0x00000000ecb00000)
  from space 2560K, 99% used [0x00000000ecb00000,0x00000000ecd7eac0,0x00000000ecd80000)
  to   space 8192K, 63% used [0x00000000ef300000,0x00000000ef814318,0x00000000efb00000)
 ParOldGen       total 44032K, used 15704K [0x00000000c0000000, 0x00000000c2b00000, 0x00000000eab00000)
  object space 44032K, 36% used [0x00000000c0000000,0x00000000c0f962e8,0x00000000c2b00000)
 Metaspace       used 7392K, capacity 8120K, committed 8192K, reserved 1056768K
  class space    used 701K, capacity 752K, committed 768K, reserved 1048576K

Card table byte_map: [0x00000000118b0000,0x0000000011ac0000] byte_map_base: 0x00000000112b0000

Marking Bits: (ParMarkBitMap*) 0x0000000061b8d4f0
 Begin Bits: [0x0000000012020000, 0x0000000013020000)
 End Bits:   [0x0000000013020000, 0x0000000014020000)

Polling page: 0x0000000000af0000

CodeCache: size=245760Kb used=9134Kb max_used=9146Kb free=236625Kb
 bounds [0x00000000024f0000, 0x0000000002df0000, 0x00000000114f0000]
 total_blobs=2919 nmethods=2634 adapters=198
 compilation: enabled

Compilation events (10 events):
Event: 2.573 Thread 0x0000000014bbf800 2598       3       com.android.dx.io.instructions.InstructionCodec::decodeRegisterRange (53 bytes)
Event: 2.574 Thread 0x0000000014bbf800 nmethod 2598 0x0000000002dbfb10 code [0x0000000002dbfd00, 0x0000000002dc0718]
Event: 2.574 Thread 0x0000000014bbf800 2599       3       com.android.dx.io.instructions.DecodedInstruction::getAUnit (46 bytes)
Event: 2.574 Thread 0x0000000014bc8000 nmethod 2587 0x0000000002dbe190 code [0x0000000002dbe2e0, 0x0000000002dbe498]
Event: 2.574 Thread 0x0000000014bc8000 2597       4       com.android.dx.merge.InstructionTransformer$FieldVisitor::visit (63 bytes)
Event: 2.575 Thread 0x0000000014bbf800 nmethod 2599 0x0000000002dbec50 code [0x0000000002dbee40, 0x0000000002dbf738]
Event: 2.576 Thread 0x0000000014bbf800 2600       3       com.android.dex.Dex$Section::findCatchHandlerIndex (38 bytes)
Event: 2.576 Thread 0x0000000014bbf800 nmethod 2600 0x0000000002dbe610 code [0x0000000002dbe7a0, 0x0000000002dbeaa8]
Event: 2.576 Thread 0x0000000014bbf800 2601       3       com.android.dex.Code$Try::<init> (20 bytes)
Event: 2.576 Thread 0x0000000014bbf800 nmethod 2601 0x0000000002dbb410 code [0x0000000002dbb560, 0x0000000002dbb710]

GC Heap History (10 events):
Event: 0.748 GC heap before
{Heap before GC invocations=1 (full 0):
 PSYoungGen      total 18944K, used 16384K [0x00000000eab00000, 0x00000000ec000000, 0x0000000100000000)
  eden space 16384K, 100% used [0x00000000eab00000,0x00000000ebb00000,0x00000000ebb00000)
  from space 2560K, 0% used [0x00000000ebd80000,0x00000000ebd80000,0x00000000ec000000)
  to   space 2560K, 0% used [0x00000000ebb00000,0x00000000ebb00000,0x00000000ebd80000)
 ParOldGen       total 44032K, used 0K [0x00000000c0000000, 0x00000000c2b00000, 0x00000000eab00000)
  object space 44032K, 0% used [0x00000000c0000000,0x00000000c0000000,0x00000000c2b00000)
 Metaspace       used 5402K, capacity 6768K, committed 7040K, reserved 1056768K
  class space    used 547K, capacity 616K, committed 640K, reserved 1048576K
Event: 0.755 GC heap after
Heap after GC invocations=1 (full 0):
 PSYoungGen      total 18944K, used 2545K [0x00000000eab00000, 0x00000000ec000000, 0x0000000100000000)
  eden space 16384K, 0% used [0x00000000eab00000,0x00000000eab00000,0x00000000ebb00000)
  from space 2560K, 99% used [0x00000000ebb00000,0x00000000ebd7c640,0x00000000ebd80000)
  to   space 2560K, 0% used [0x00000000ebd80000,0x00000000ebd80000,0x00000000ec000000)
 ParOldGen       total 44032K, used 1840K [0x00000000c0000000, 0x00000000c2b00000, 0x00000000eab00000)
  object space 44032K, 4% used [0x00000000c0000000,0x00000000c01cc170,0x00000000c2b00000)
 Metaspace       used 5402K, capacity 6768K, committed 7040K, reserved 1056768K
  class space    used 547K, capacity 616K, committed 640K, reserved 1048576K
}
Event: 1.079 GC heap before
{Heap before GC invocations=2 (full 0):
 PSYoungGen      total 18944K, used 18929K [0x00000000eab00000, 0x00000000ec000000, 0x0000000100000000)
  eden space 16384K, 100% used [0x00000000eab00000,0x00000000ebb00000,0x00000000ebb00000)
  from space 2560K, 99% used [0x00000000ebb00000,0x00000000ebd7c640,0x00000000ebd80000)
  to   space 2560K, 0% used [0x00000000ebd80000,0x00000000ebd80000,0x00000000ec000000)
 ParOldGen       total 44032K, used 1840K [0x00000000c0000000, 0x00000000c2b00000, 0x00000000eab00000)
  object space 44032K, 4% used [0x00000000c0000000,0x00000000c01cc170,0x00000000c2b00000)
 Metaspace       used 5587K, capacity 6896K, committed 7040K, reserved 1056768K
  class space    used 549K, capacity 616K, committed 640K, reserved 1048576K
Event: 1.103 GC heap after
Heap after GC invocations=2 (full 0):
 PSYoungGen      total 18944K, used 2547K [0x00000000eab00000, 0x00000000ed000000, 0x0000000100000000)
  eden space 16384K, 0% used [0x00000000eab00000,0x00000000eab00000,0x00000000ebb00000)
  from space 2560K, 99% used [0x00000000ebd80000,0x00000000ebffcc60,0x00000000ec000000)
  to   space 2560K, 0% used [0x00000000ebb00000,0x00000000ebb00000,0x00000000ebd80000)
 ParOldGen       total 44032K, used 4528K [0x00000000c0000000, 0x00000000c2b00000, 0x00000000eab00000)
  object space 44032K, 10% used [0x00000000c0000000,0x00000000c046c190,0x00000000c2b00000)
 Metaspace       used 5587K, capacity 6896K, committed 7040K, reserved 1056768K
  class space    used 549K, capacity 616K, committed 640K, reserved 1048576K
}
Event: 1.322 GC heap before
{Heap before GC invocations=3 (full 0):
 PSYoungGen      total 18944K, used 18931K [0x00000000eab00000, 0x00000000ed000000, 0x0000000100000000)
  eden space 16384K, 100% used [0x00000000eab00000,0x00000000ebb00000,0x00000000ebb00000)
  from space 2560K, 99% used [0x00000000ebd80000,0x00000000ebffcc60,0x00000000ec000000)
  to   space 2560K, 0% used [0x00000000ebb00000,0x00000000ebb00000,0x00000000ebd80000)
 ParOldGen       total 44032K, used 4528K [0x00000000c0000000, 0x00000000c2b00000, 0x00000000eab00000)
  object space 44032K, 10% used [0x00000000c0000000,0x00000000c046c190,0x00000000c2b00000)
 Metaspace       used 5635K, capacity 6960K, committed 7040K, reserved 1056768K
  class space    used 549K, capacity 616K, committed 640K, reserved 1048576K
Event: 1.332 GC heap after
Heap after GC invocations=3 (full 0):
 PSYoungGen      total 18944K, used 2531K [0x00000000eab00000, 0x00000000ed000000, 0x0000000100000000)
  eden space 16384K, 0% used [0x00000000eab00000,0x00000000eab00000,0x00000000ebb00000)
  from space 2560K, 98% used [0x00000000ebb00000,0x00000000ebd78c50,0x00000000ebd80000)
  to   space 2560K, 0% used [0x00000000ecd80000,0x00000000ecd80000,0x00000000ed000000)
 ParOldGen       total 44032K, used 7030K [0x00000000c0000000, 0x00000000c2b00000, 0x00000000eab00000)
  object space 44032K, 15% used [0x00000000c0000000,0x00000000c06dda78,0x00000000c2b00000)
 Metaspace       used 5635K, capacity 6960K, committed 7040K, reserved 1056768K
  class space    used 549K, capacity 616K, committed 640K, reserved 1048576K
}
Event: 1.533 GC heap before
{Heap before GC invocations=4 (full 0):
 PSYoungGen      total 18944K, used 18915K [0x00000000eab00000, 0x00000000ed000000, 0x0000000100000000)
  eden space 16384K, 100% used [0x00000000eab00000,0x00000000ebb00000,0x00000000ebb00000)
  from space 2560K, 98% used [0x00000000ebb00000,0x00000000ebd78c50,0x00000000ebd80000)
  to   space 2560K, 0% used [0x00000000ecd80000,0x00000000ecd80000,0x00000000ed000000)
 ParOldGen       total 44032K, used 7030K [0x00000000c0000000, 0x00000000c2b00000, 0x00000000eab00000)
  object space 44032K, 15% used [0x00000000c0000000,0x00000000c06dda78,0x00000000c2b00000)
 Metaspace       used 5710K, capacity 7024K, committed 7296K, reserved 1056768K
  class space    used 550K, capacity 616K, committed 640K, reserved 1048576K
Event: 1.545 GC heap after
Heap after GC invocations=4 (full 0):
 PSYoungGen      total 35328K, used 2554K [0x00000000eab00000, 0x00000000ed000000, 0x0000000100000000)
  eden space 32768K, 0% used [0x00000000eab00000,0x00000000eab00000,0x00000000ecb00000)
  from space 2560K, 99% used [0x00000000ecd80000,0x00000000ecffebe8,0x00000000ed000000)
  to   space 2560K, 0% used [0x00000000ecb00000,0x00000000ecb00000,0x00000000ecd80000)
 ParOldGen       total 44032K, used 9700K [0x00000000c0000000, 0x00000000c2b00000, 0x00000000eab00000)
  object space 44032K, 22% used [0x00000000c0000000,0x00000000c09793d0,0x00000000c2b00000)
 Metaspace       used 5710K, capacity 7024K, committed 7296K, reserved 1056768K
  class space    used 550K, capacity 616K, committed 640K, reserved 1048576K
}
Event: 2.382 GC heap before
{Heap before GC invocations=5 (full 0):
 PSYoungGen      total 35328K, used 35322K [0x00000000eab00000, 0x00000000ed000000, 0x0000000100000000)
  eden space 32768K, 100% used [0x00000000eab00000,0x00000000ecb00000,0x00000000ecb00000)
  from space 2560K, 99% used [0x00000000ecd80000,0x00000000ecffebe8,0x00000000ed000000)
  to   space 2560K, 0% used [0x00000000ecb00000,0x00000000ecb00000,0x00000000ecd80000)
 ParOldGen       total 44032K, used 9700K [0x00000000c0000000, 0x00000000c2b00000, 0x00000000eab00000)
  object space 44032K, 22% used [0x00000000c0000000,0x00000000c09793d0,0x00000000c2b00000)
 Metaspace       used 7297K, capacity 8056K, committed 8192K, reserved 1056768K
  class space    used 701K, capacity 752K, committed 768K, reserved 1048576K
Event: 2.397 GC heap after
Heap after GC invocations=5 (full 0):
 PSYoungGen      total 35328K, used 2554K [0x00000000eab00000, 0x00000000efb00000, 0x0000000100000000)
  eden space 32768K, 0% used [0x00000000eab00000,0x00000000eab00000,0x00000000ecb00000)
  from space 2560K, 99% used [0x00000000ecb00000,0x00000000ecd7eac0,0x00000000ecd80000)
  to   space 8192K, 0% used [0x00000000ef300000,0x00000000ef300000,0x00000000efb00000)
 ParOldGen       total 44032K, used 15704K [0x00000000c0000000, 0x00000000c2b00000, 0x00000000eab00000)
  object space 44032K, 35% used [0x00000000c0000000,0x00000000c0f562d0,0x00000000c2b00000)
 Metaspace       used 7297K, capacity 8056K, committed 8192K, reserved 1056768K
  class space    used 701K, capacity 752K, committed 768K, reserved 1048576K
}

Deoptimization events (10 events):
Event: 2.203 Thread 0x000000000235d800 Uncommon trap: reason=class_check action=maybe_recompile pc=0x0000000002c177ec method=com.android.dex.Leb128.writeUnsignedLeb128(Lcom/android/dex/util/ByteOutput;I)V @ 40
Event: 2.203 Thread 0x000000000235d800 Uncommon trap: reason=class_check action=maybe_recompile pc=0x0000000002c177ec method=com.android.dex.Leb128.writeUnsignedLeb128(Lcom/android/dex/util/ByteOutput;I)V @ 40
Event: 2.203 Thread 0x000000000235d800 Uncommon trap: reason=class_check action=maybe_recompile pc=0x0000000002c177ec method=com.android.dex.Leb128.writeUnsignedLeb128(Lcom/android/dex/util/ByteOutput;I)V @ 40
Event: 2.203 Thread 0x000000000235d800 Uncommon trap: reason=class_check action=maybe_recompile pc=0x0000000002c177ec method=com.android.dex.Leb128.writeUnsignedLeb128(Lcom/android/dex/util/ByteOutput;I)V @ 40
Event: 2.261 Thread 0x000000000235d800 Uncommon trap: reason=unreached action=reinterpret pc=0x0000000002c5e750 method=java.util.HashMap.putVal(ILjava/lang/Object;Ljava/lang/Object;ZZ)Ljava/lang/Object; @ 109
Event: 2.261 Thread 0x000000000235d800 Uncommon trap: reason=unreached action=reinterpret pc=0x0000000002a6bcd0 method=java.util.HashMap.resize()[Ljava/util/HashMap$Node; @ 206
Event: 2.279 Thread 0x000000000235d800 Uncommon trap: reason=predicate action=maybe_recompile pc=0x0000000002ca03c4 method=com.android.dex.Leb128.writeUnsignedLeb128(Lcom/android/dex/util/ByteOutput;I)V @ 9
Event: 2.414 Thread 0x000000000235d800 Uncommon trap: reason=predicate action=maybe_recompile pc=0x0000000002cf6c4c method=com.android.dex.Leb128.readUnsignedLeb128(Lcom/android/dex/util/ByteInput;)I @ 41
Event: 2.507 Thread 0x000000000235d800 Uncommon trap: reason=unreached action=reinterpret pc=0x0000000002b7595c method=java.util.HashMap.getNode(ILjava/lang/Object;)Ljava/util/HashMap$Node; @ 84
Event: 2.508 Thread 0x000000000235d800 Uncommon trap: reason=unreached action=reinterpret pc=0x0000000002b6ea78 method=java.util.HashMap.getNode(ILjava/lang/Object;)Ljava/util/HashMap$Node; @ 84

Internal exceptions (10 events):
Event: 2.305 Thread 0x000000000235d800 Exception <a 'java/security/PrivilegedActionException'> (0x00000000ec839160) thrown at [C:\workspace\8-2-build-windows-amd64-cygwin\jdk8u31\2394\hotspot\src\share\vm\prims\jvm.cpp, line 1312]
Event: 2.306 Thread 0x000000000235d800 Exception <a 'java/security/PrivilegedActionException'> (0x00000000ec83c338) thrown at [C:\workspace\8-2-build-windows-amd64-cygwin\jdk8u31\2394\hotspot\src\share\vm\prims\jvm.cpp, line 1312]
Event: 2.306 Thread 0x000000000235d800 Exception <a 'java/security/PrivilegedActionException'> (0x00000000ec83f5e8) thrown at [C:\workspace\8-2-build-windows-amd64-cygwin\jdk8u31\2394\hotspot\src\share\vm\prims\jvm.cpp, line 1312]
Event: 2.306 Thread 0x000000000235d800 Exception <a 'java/security/PrivilegedActionException'> (0x00000000ec842978) thrown at [C:\workspace\8-2-build-windows-amd64-cygwin\jdk8u31\2394\hotspot\src\share\vm\prims\jvm.cpp, line 1312]
Event: 2.307 Thread 0x000000000235d800 Exception <a 'java/security/PrivilegedActionException'> (0x00000000ec8465a0) thrown at [C:\workspace\8-2-build-windows-amd64-cygwin\jdk8u31\2394\hotspot\src\share\vm\prims\jvm.cpp, line 1312]
Event: 2.308 Thread 0x000000000235d800 Exception <a 'java/security/PrivilegedActionException'> (0x00000000ec849628) thrown at [C:\workspace\8-2-build-windows-amd64-cygwin\jdk8u31\2394\hotspot\src\share\vm\prims\jvm.cpp, line 1312]
Event: 2.308 Thread 0x000000000235d800 Exception <a 'java/security/PrivilegedActionException'> (0x00000000ec84c870) thrown at [C:\workspace\8-2-build-windows-amd64-cygwin\jdk8u31\2394\hotspot\src\share\vm\prims\jvm.cpp, line 1312]
Event: 2.309 Thread 0x000000000235d800 Exception <a 'java/security/PrivilegedActionException'> (0x00000000ec84ff00) thrown at [C:\workspace\8-2-build-windows-amd64-cygwin\jdk8u31\2394\hotspot\src\share\vm\prims\jvm.cpp, line 1312]
Event: 2.312 Thread 0x000000000235d800 Exception <a 'java/security/PrivilegedActionException'> (0x00000000ec8972e0) thrown at [C:\workspace\8-2-build-windows-amd64-cygwin\jdk8u31\2394\hotspot\src\share\vm\prims\jvm.cpp, line 1312]
Event: 2.312 Thread 0x000000000235d800 Exception <a 'java/security/PrivilegedActionException'> (0x00000000ec8996d8) thrown at [C:\workspace\8-2-build-windows-amd64-cygwin\jdk8u31\2394\hotspot\src\share\vm\prims\jvm.cpp, line 1312]

Events (10 events):
Event: 2.508 Thread 0x000000000235d800 DEOPT PACKING pc=0x0000000002b6ea78 sp=0x000000000233ed10
Event: 2.508 Thread 0x000000000235d800 DEOPT UNPACKING pc=0x000000000253556a sp=0x000000000233eca0 mode 2
Event: 2.509 Thread 0x000000000235d800 DEOPT PACKING pc=0x0000000002d2bf24 sp=0x000000000233eb70
Event: 2.509 Thread 0x000000000235d800 DEOPT UNPACKING pc=0x00000000025375bf sp=0x000000000233e888 mode 0
Event: 2.524 Thread 0x000000000235d800 DEOPT PACKING pc=0x0000000002d341d9 sp=0x000000000233ebb0
Event: 2.524 Thread 0x000000000235d800 DEOPT UNPACKING pc=0x00000000025375bf sp=0x000000000233e8a0 mode 0
Event: 2.564 Thread 0x000000000235d800 DEOPT PACKING pc=0x0000000002d10d86 sp=0x000000000233eb60
Event: 2.564 Thread 0x000000000235d800 DEOPT UNPACKING pc=0x00000000025375bf sp=0x000000000233e880 mode 0
Event: 2.567 Thread 0x000000000235d800 DEOPT PACKING pc=0x0000000002d10d86 sp=0x000000000233eb60
Event: 2.567 Thread 0x000000000235d800 DEOPT UNPACKING pc=0x00000000025375bf sp=0x000000000233e880 mode 0


Dynamic libraries:
0x00007ff6a97f0000 - 0x00007ff6a9824000 	C:\Program Files\Java\jdk1.8.0_31\bin\java.exe
0x00007ffbec080000 - 0x00007ffbec22c000 	C:\windows\SYSTEM32\ntdll.dll
0x00007ffbe9900000 - 0x00007ffbe9a3e000 	C:\windows\system32\KERNEL32.DLL
0x00007ffbe94e0000 - 0x00007ffbe95f5000 	C:\windows\system32\KERNELBASE.dll
0x00007ffbe7b10000 - 0x00007ffbe7b9e000 	C:\windows\system32\apphelp.dll
0x00007ffbd5730000 - 0x00007ffbd5783000 	C:\windows\AppPatch\AppPatch64\AcGenral.DLL
0x00007ffbe9700000 - 0x00007ffbe97aa000 	C:\windows\system32\msvcrt.dll
0x00007ffbe9070000 - 0x00007ffbe909e000 	C:\windows\SYSTEM32\SspiCli.dll
0x00007ffbec020000 - 0x00007ffbec074000 	C:\windows\system32\SHLWAPI.dll
0x00007ffbeb7f0000 - 0x00007ffbeb967000 	C:\windows\system32\USER32.dll
0x00007ffbebd00000 - 0x00007ffbebe94000 	C:\windows\system32\ole32.dll
0x00007ffbea000000 - 0x00007ffbeb518000 	C:\windows\system32\SHELL32.dll
0x00007ffbe87f0000 - 0x00007ffbe8811000 	C:\windows\SYSTEM32\USERENV.dll
0x00007ffbeb970000 - 0x00007ffbeba1a000 	C:\windows\system32\ADVAPI32.dll
0x00007ffbdb310000 - 0x00007ffbdb32e000 	C:\windows\SYSTEM32\MPR.dll
0x00007ffbe97b0000 - 0x00007ffbe98f1000 	C:\windows\system32\RPCRT4.dll
0x00007ffbeb660000 - 0x00007ffbeb6b9000 	C:\windows\SYSTEM32\sechost.dll
0x00007ffbeba20000 - 0x00007ffbebc31000 	C:\windows\SYSTEM32\combase.dll
0x00007ffbe9ac0000 - 0x00007ffbe9c11000 	C:\windows\system32\GDI32.dll
0x00007ffbe91d0000 - 0x00007ffbe91e5000 	C:\windows\SYSTEM32\profapi.dll
0x00007ffbe6f60000 - 0x00007ffbe7012000 	C:\windows\SYSTEM32\SHCORE.dll
0x00007ffbe9c20000 - 0x00007ffbe9c56000 	C:\windows\system32\IMM32.DLL
0x00007ffbebec0000 - 0x00007ffbec012000 	C:\windows\system32\MSCTF.dll
0x00007ffbe52a0000 - 0x00007ffbe551a000 	C:\windows\WinSxS\amd64_microsoft.windows.common-controls_6595b64144ccf1df_6.0.9600.17810_none_6240b9c7ecbd0bda\COMCTL32.dll
0x0000000060f30000 - 0x0000000061002000 	C:\Program Files\Java\jdk1.8.0_31\jre\bin\msvcr100.dll
0x00000000613b0000 - 0x0000000061c0a000 	C:\Program Files\Java\jdk1.8.0_31\jre\bin\server\jvm.dll
0x00007ffbe0c00000 - 0x00007ffbe0c09000 	C:\windows\SYSTEM32\WSOCK32.dll
0x00007ffbe10e0000 - 0x00007ffbe1102000 	C:\windows\SYSTEM32\WINMM.dll
0x00007ffbebeb0000 - 0x00007ffbebeb7000 	C:\windows\system32\PSAPI.DLL
0x00007ffbe9a40000 - 0x00007ffbe9a9a000 	C:\windows\system32\WS2_32.dll
0x00007ffbe10b0000 - 0x00007ffbe10da000 	C:\windows\SYSTEM32\WINMMBASE.dll
0x00007ffbebea0000 - 0x00007ffbebea9000 	C:\windows\system32\NSI.dll
0x00007ffbe9600000 - 0x00007ffbe964f000 	C:\windows\SYSTEM32\cfgmgr32.dll
0x00007ffbe7fc0000 - 0x00007ffbe7fe8000 	C:\windows\SYSTEM32\DEVOBJ.dll
0x00000000613a0000 - 0x00000000613af000 	C:\Program Files\Java\jdk1.8.0_31\jre\bin\verify.dll
0x0000000061370000 - 0x0000000061398000 	C:\Program Files\Java\jdk1.8.0_31\jre\bin\java.dll
0x0000000061350000 - 0x0000000061366000 	C:\Program Files\Java\jdk1.8.0_31\jre\bin\zip.dll
0x00007ffbdc9a0000 - 0x00007ffbdcb29000 	C:\windows\SYSTEM32\dbghelp.dll

VM Arguments:
jvm_args: -Xmx1024M -Dfile.encoding=windows-1252 -Duser.country=US -Duser.language=en -Duser.variant 
java_command: com.android.dx.command.Main --dex --output C:\Users\Tamim\OneDrive\Work\Host\DiplomaticClub\app\build\intermediates\dex\debug C:\Users\Tamim\OneDrive\Work\Host\DiplomaticClub\app\build\intermediates\classes\debug C:\Users\Tamim\OneDrive\Work\Host\DiplomaticClub\app\build\intermediates\pre-dexed\debug\support-annotations-22.1.1-8815075de5e1bb6d927c4e5b0f10b40cd6c499d5.jar C:\Users\Tamim\OneDrive\Work\Host\DiplomaticClub\app\build\intermediates\pre-dexed\debug\classes-4f75524a887acc14170d77fb20c7c551853e310e.jar C:\Users\Tamim\OneDrive\Work\Host\DiplomaticClub\app\build\intermediates\pre-dexed\debug\classes-f1a1ffd0c3e62005c3f4acb8c6c8b2ac0a395cae.jar C:\Users\Tamim\OneDrive\Work\Host\DiplomaticClub\app\build\intermediates\pre-dexed\debug\library-1.0.16-ac4e2bec74481a15d8a78e1e92e0ea298b448c3e.jar C:\Users\Tamim\OneDrive\Work\Host\DiplomaticClub\app\build\intermediates\pre-dexed\debug\picasso-2.5.2-c1b787258c3b5eee76d5ba194971dd8b5e4753e1.jar C:\Users\Tamim\OneDrive\Work\Host\DiplomaticClub\app\build\intermediates\pre-dexed\debug\internal_impl-22.1.1-4203faa77544ae96188ebfbe047975fe78b86cf4.jar C:\Users\Tamim\OneDrive\Work\Host\DiplomaticClub\app\build\intermediates\pre-dexed\debug\classes-7898638b4ee7c209a9fdcf1bbb876df7700d2535.jar C:\Users\Tamim\OneDrive\Work\Host\DiplomaticClub\app\build\intermediates\pre-dexed\debug\classes-7782996bb7867db58b5124b5f61970df6d9790e4.jar C:\Users\Tamim\OneDrive\Work\Host\DiplomaticClub\app\build\intermediates\pre-dexed\debug\classes-20541e717b4760a2761559979627910c232d3ed9.jar
java_class_path (initial): C:\Users\Tamim\AppData\Local\Android\sdk\build-tools\22.0.1\lib\dx.jar
Launcher Type: SUN_STANDARD

Environment Variables:
JAVA_HOME=C:\Program Files\Java\jdk1.8.0_31
PATH=C:\ProgramData\Oracle\Java\javapath;C:\windows\system32;C:\windows;C:\windows\System32\Wbem;C:\windows\System32\WindowsPowerShell\v1.0\;C:\Program Files (x86)\MiKTeX 2.9\miktex\bin\;C:\Python27;C:\Program Files (x86)\Skype\Phone\
USERNAME=Tamim
OS=Windows_NT
PROCESSOR_IDENTIFIER=Intel64 Family 6 Model 69 Stepping 1, GenuineIntel



---------------  S Y S T E M  ---------------

OS: Windows 8.1 , 64 bit Build 9600 

CPU:total 4 (2 cores per cpu, 2 threads per core) family 6 model 69 stepping 1, cmov, cx8, fxsr, mmx, sse, sse2, sse3, ssse3, sse4.1, sse4.2, popcnt, avx, avx2, aes, clmul, erms, lzcnt, ht, tsc, tscinvbit, bmi1, bmi2

Memory: 4k page, physical 4097096k(526272k free), swap 7717960k(5168k free)

vm_info: Java HotSpot(TM) 64-Bit Server VM (25.31-b07) for windows-amd64 JRE (1.8.0_31-b13), built on Dec 17 2014 21:00:28 by "java_re" with MS VC++ 10.0 (VS2010)

time: Wed Jun 17 20:09:47 2015
elapsed time: 2 seconds (0d 0h 0m 2s)

