#
# There is insufficient memory for the Java Runtime Environment to continue.
# Native memory allocation (malloc) failed to allocate 762736 bytes for Chunk::new
# Possible reasons:
#   The system is out of physical RAM or swap space
#   In 32 bit mode, the process size limit was hit
# Possible solutions:
#   Reduce memory load on the system
#   Increase physical memory or swap space
#   Check if swap backing store is full
#   Use 64 bit Java on a 64 bit OS
#   Decrease Java heap size (-Xmx/-Xms)
#   Decrease number of Java threads
#   Decrease Java thread stack sizes (-Xss)
#   Set larger code cache with -XX:ReservedCodeCacheSize=
# This output file may be truncated or incomplete.
#
#  Out of Memory Error (allocation.cpp:390), pid=7676, tid=7000
#
# JRE version: Java(TM) SE Runtime Environment (8.0_31-b13) (build 1.8.0_31-b13)
# Java VM: Java HotSpot(TM) 64-Bit Server VM (25.31-b07 mixed mode windows-amd64 compressed oops)
# Failed to write core dump. Minidumps are not enabled by default on client versions of Windows
#

---------------  T H R E A D  ---------------

Current thread (0x00000000153fa800):  JavaThread "C2 CompilerThread0" daemon [_thread_in_native, id=7000, stack(0x0000000016960000,0x0000000016a60000)]

Stack: [0x0000000016960000,0x0000000016a60000]
Native frames: (J=compiled Java code, j=interpreted, Vv=VM code, C=native code)
V  [jvm.dll+0x3169ba]


Current CompileTask:
C2:   1744 1446       4       com.android.dx.merge.DexMerger::transformDebugInfoItem (313 bytes)


---------------  P R O C E S S  ---------------

Java Threads: ( => current thread )
  0x0000000015403000 JavaThread "Service Thread" daemon [_thread_blocked, id=6904, stack(0x0000000017060000,0x0000000017160000)]
  0x0000000015400000 JavaThread "C1 CompilerThread2" daemon [_thread_in_vm, id=7580, stack(0x0000000016b60000,0x0000000016c60000)]
  0x00000000153fd000 JavaThread "C2 CompilerThread1" daemon [_thread_blocked, id=4560, stack(0x0000000016a60000,0x0000000016b60000)]
=>0x00000000153fa800 JavaThread "C2 CompilerThread0" daemon [_thread_in_native, id=7000, stack(0x0000000016960000,0x0000000016a60000)]
  0x0000000015406000 JavaThread "Attach Listener" daemon [_thread_blocked, id=3488, stack(0x0000000016860000,0x0000000016960000)]
  0x0000000015404800 JavaThread "Signal Dispatcher" daemon [_thread_blocked, id=1192, stack(0x0000000016760000,0x0000000016860000)]
  0x0000000002d24800 JavaThread "Finalizer" daemon [_thread_blocked, id=3872, stack(0x0000000016660000,0x0000000016760000)]
  0x0000000002d1c000 JavaThread "Reference Handler" daemon [_thread_blocked, id=8184, stack(0x0000000016560000,0x0000000016660000)]
  0x0000000002c30800 JavaThread "main" [_thread_in_Java, id=7508, stack(0x0000000002af0000,0x0000000002bf0000)]

Other Threads:
  0x00000000153c5800 VMThread [stack: 0x0000000016460000,0x0000000016560000] [id=5424]
  0x0000000016c8e800 WatcherThread [stack: 0x0000000017160000,0x0000000017260000] [id=7592]

VM state:not at safepoint (normal execution)

VM Mutex/Monitor currently owned by a thread: None

Heap:
 PSYoungGen      total 18944K, used 15036K [0x00000000eab00000, 0x00000000ed000000, 0x0000000100000000)
  eden space 16384K, 76% used [0x00000000eab00000,0x00000000eb7311a0,0x00000000ebb00000)
  from space 2560K, 99% used [0x00000000ebd80000,0x00000000ebffde88,0x00000000ec000000)
  to   space 2560K, 0% used [0x00000000ebb00000,0x00000000ebb00000,0x00000000ebd80000)
 ParOldGen       total 44032K, used 7916K [0x00000000c0000000, 0x00000000c2b00000, 0x00000000eab00000)
  object space 44032K, 17% used [0x00000000c0000000,0x00000000c07bb0f0,0x00000000c2b00000)
 Metaspace       used 6581K, capacity 7384K, committed 7680K, reserved 1056768K
  class space    used 690K, capacity 720K, committed 768K, reserved 1048576K

Card table byte_map: [0x00000000120f0000,0x0000000012300000] byte_map_base: 0x0000000011af0000

Marking Bits: (ParMarkBitMap*) 0x0000000053c5d4f0
 Begin Bits: [0x0000000012860000, 0x0000000013860000)
 End Bits:   [0x0000000013860000, 0x0000000014860000)

Polling page: 0x0000000001190000

CodeCache: size=245760Kb used=4467Kb max_used=4479Kb free=241292Kb
 bounds [0x0000000002d30000, 0x00000000031a0000, 0x0000000011d30000]
 total_blobs=1764 nmethods=1481 adapters=197
 compilation: enabled

Compilation events (10 events):
Event: 1.717 Thread 0x0000000015400000 nmethod 1481 0x000000000318eb10 code [0x000000000318ec80, 0x000000000318ee90]
Event: 1.719 Thread 0x00000000153fd000 nmethod 1476 0x000000000318e810 code [0x000000000318e960, 0x000000000318ea58]
Event: 1.719 Thread 0x00000000153fd000 1470       4       com.android.dex.Dex$Section::<init> (8 bytes)
Event: 1.720 Thread 0x00000000153fd000 nmethod 1470 0x000000000315f890 code [0x000000000315f9c0, 0x000000000315fa58]
Event: 1.720 Thread 0x00000000153fd000 1332       4       java.lang.String::compareTo (9 bytes)
Event: 1.720 Thread 0x0000000015400000 1482       3       com.android.dex.TableOfContents$Section::compareTo (9 bytes)
Event: 1.720 Thread 0x0000000015400000 nmethod 1482 0x0000000003191910 code [0x0000000003191a80, 0x0000000003191dd0]
Event: 1.720 Thread 0x0000000015400000 1483       3       com.android.dex.TableOfContents$Section::compareTo (30 bytes)
Event: 1.720 Thread 0x0000000015400000 nmethod 1483 0x00000000031914d0 code [0x0000000003191640, 0x0000000003191850]
Event: 1.721 Thread 0x00000000153fd000 nmethod 1332 0x000000000318bf90 code [0x000000000318c0e0, 0x000000000318c298]

GC Heap History (4 events):
Event: 1.301 GC heap before
{Heap before GC invocations=1 (full 0):
 PSYoungGen      total 18944K, used 15610K [0x00000000eab00000, 0x00000000ec000000, 0x0000000100000000)
  eden space 16384K, 95% used [0x00000000eab00000,0x00000000eba3ea40,0x00000000ebb00000)
  from space 2560K, 0% used [0x00000000ebd80000,0x00000000ebd80000,0x00000000ec000000)
  to   space 2560K, 0% used [0x00000000ebb00000,0x00000000ebb00000,0x00000000ebd80000)
 ParOldGen       total 44032K, used 0K [0x00000000c0000000, 0x00000000c2b00000, 0x00000000eab00000)
  object space 44032K, 0% used [0x00000000c0000000,0x00000000c0000000,0x00000000c2b00000)
 Metaspace       used 5143K, capacity 6512K, committed 6784K, reserved 1056768K
  class space    used 541K, capacity 616K, committed 640K, reserved 1048576K
Event: 1.307 GC heap after
Heap after GC invocations=1 (full 0):
 PSYoungGen      total 18944K, used 2535K [0x00000000eab00000, 0x00000000ec000000, 0x0000000100000000)
  eden space 16384K, 0% used [0x00000000eab00000,0x00000000eab00000,0x00000000ebb00000)
  from space 2560K, 99% used [0x00000000ebb00000,0x00000000ebd79c50,0x00000000ebd80000)
  to   space 2560K, 0% used [0x00000000ebd80000,0x00000000ebd80000,0x00000000ec000000)
 ParOldGen       total 44032K, used 2688K [0x00000000c0000000, 0x00000000c2b00000, 0x00000000eab00000)
  object space 44032K, 6% used [0x00000000c0000000,0x00000000c02a0108,0x00000000c2b00000)
 Metaspace       used 5143K, capacity 6512K, committed 6784K, reserved 1056768K
  class space    used 541K, capacity 616K, committed 640K, reserved 1048576K
}
Event: 1.636 GC heap before
{Heap before GC invocations=2 (full 0):
 PSYoungGen      total 18944K, used 18919K [0x00000000eab00000, 0x00000000ec000000, 0x0000000100000000)
  eden space 16384K, 100% used [0x00000000eab00000,0x00000000ebb00000,0x00000000ebb00000)
  from space 2560K, 99% used [0x00000000ebb00000,0x00000000ebd79c50,0x00000000ebd80000)
  to   space 2560K, 0% used [0x00000000ebd80000,0x00000000ebd80000,0x00000000ec000000)
 ParOldGen       total 44032K, used 2688K [0x00000000c0000000, 0x00000000c2b00000, 0x00000000eab00000)
  object space 44032K, 6% used [0x00000000c0000000,0x00000000c02a0108,0x00000000c2b00000)
 Metaspace       used 6559K, capacity 7384K, committed 7680K, reserved 1056768K
  class space    used 689K, capacity 720K, committed 768K, reserved 1048576K
Event: 1.643 GC heap after
Heap after GC invocations=2 (full 0):
 PSYoungGen      total 18944K, used 2551K [0x00000000eab00000, 0x00000000ed000000, 0x0000000100000000)
  eden space 16384K, 0% used [0x00000000eab00000,0x00000000eab00000,0x00000000ebb00000)
  from space 2560K, 99% used [0x00000000ebd80000,0x00000000ebffde88,0x00000000ec000000)
  to   space 2560K, 0% used [0x00000000ebb00000,0x00000000ebb00000,0x00000000ebd80000)
 ParOldGen       total 44032K, used 7916K [0x00000000c0000000, 0x00000000c2b00000, 0x00000000eab00000)
  object space 44032K, 17% used [0x00000000c0000000,0x00000000c07bb0f0,0x00000000c2b00000)
 Metaspace       used 6559K, capacity 7384K, committed 7680K, reserved 1056768K
  class space    used 689K, capacity 720K, committed 768K, reserved 1048576K
}

Deoptimization events (8 events):
Event: 1.319 Thread 0x0000000002c30800 Uncommon trap: reason=bimorphic action=maybe_recompile pc=0x0000000002f293a4 method=java.util.HashMap.getNode(ILjava/lang/Object;)Ljava/util/HashMap$Node; @ 126
Event: 1.319 Thread 0x0000000002c30800 Uncommon trap: reason=bimorphic action=maybe_recompile pc=0x0000000002f293a4 method=java.util.HashMap.getNode(ILjava/lang/Object;)Ljava/util/HashMap$Node; @ 126
Event: 1.319 Thread 0x0000000002c30800 Uncommon trap: reason=bimorphic action=maybe_recompile pc=0x0000000002f293a4 method=java.util.HashMap.getNode(ILjava/lang/Object;)Ljava/util/HashMap$Node; @ 126
Event: 1.319 Thread 0x0000000002c30800 Uncommon trap: reason=bimorphic action=maybe_recompile pc=0x0000000002f293a4 method=java.util.HashMap.getNode(ILjava/lang/Object;)Ljava/util/HashMap$Node; @ 126
Event: 1.322 Thread 0x0000000002c30800 Uncommon trap: reason=bimorphic action=maybe_recompile pc=0x0000000002fe7438 method=java.util.HashMap.getNode(ILjava/lang/Object;)Ljava/util/HashMap$Node; @ 126
Event: 1.449 Thread 0x0000000002c30800 Uncommon trap: reason=predicate action=maybe_recompile pc=0x000000000307beb4 method=com.android.dex.Leb128.writeUnsignedLeb128(Lcom/android/dex/util/ByteOutput;I)V @ 9
Event: 1.512 Thread 0x0000000002c30800 Uncommon trap: reason=predicate action=maybe_recompile pc=0x00000000030cad0c method=com.android.dex.Leb128.readUnsignedLeb128(Lcom/android/dex/util/ByteInput;)I @ 41
Event: 1.619 Thread 0x0000000002c30800 Uncommon trap: reason=unreached action=reinterpret pc=0x00000000030a2698 method=java.util.HashMap.getNode(ILjava/lang/Object;)Ljava/util/HashMap$Node; @ 84

Internal exceptions (10 events):
Event: 1.467 Thread 0x0000000002c30800 Exception <a 'java/security/PrivilegedActionException'> (0x00000000eb0602a8) thrown at [C:\workspace\8-2-build-windows-amd64-cygwin\jdk8u31\2394\hotspot\src\share\vm\prims\jvm.cpp, line 1312]
Event: 1.467 Thread 0x0000000002c30800 Exception <a 'java/security/PrivilegedActionException'> (0x00000000eb063480) thrown at [C:\workspace\8-2-build-windows-amd64-cygwin\jdk8u31\2394\hotspot\src\share\vm\prims\jvm.cpp, line 1312]
Event: 1.467 Thread 0x0000000002c30800 Exception <a 'java/security/PrivilegedActionException'> (0x00000000eb066730) thrown at [C:\workspace\8-2-build-windows-amd64-cygwin\jdk8u31\2394\hotspot\src\share\vm\prims\jvm.cpp, line 1312]
Event: 1.468 Thread 0x0000000002c30800 Exception <a 'java/security/PrivilegedActionException'> (0x00000000eb06a660) thrown at [C:\workspace\8-2-build-windows-amd64-cygwin\jdk8u31\2394\hotspot\src\share\vm\prims\jvm.cpp, line 1312]
Event: 1.469 Thread 0x0000000002c30800 Exception <a 'java/security/PrivilegedActionException'> (0x00000000eb06d6e8) thrown at [C:\workspace\8-2-build-windows-amd64-cygwin\jdk8u31\2394\hotspot\src\share\vm\prims\jvm.cpp, line 1312]
Event: 1.469 Thread 0x0000000002c30800 Exception <a 'java/security/PrivilegedActionException'> (0x00000000eb070930) thrown at [C:\workspace\8-2-build-windows-amd64-cygwin\jdk8u31\2394\hotspot\src\share\vm\prims\jvm.cpp, line 1312]
Event: 1.469 Thread 0x0000000002c30800 Exception <a 'java/security/PrivilegedActionException'> (0x00000000eb073fc0) thrown at [C:\workspace\8-2-build-windows-amd64-cygwin\jdk8u31\2394\hotspot\src\share\vm\prims\jvm.cpp, line 1312]
Event: 1.472 Thread 0x0000000002c30800 Exception <a 'java/security/PrivilegedActionException'> (0x00000000eb07b3c0) thrown at [C:\workspace\8-2-build-windows-amd64-cygwin\jdk8u31\2394\hotspot\src\share\vm\prims\jvm.cpp, line 1312]
Event: 1.472 Thread 0x0000000002c30800 Exception <a 'java/security/PrivilegedActionException'> (0x00000000eb07d7b8) thrown at [C:\workspace\8-2-build-windows-amd64-cygwin\jdk8u31\2394\hotspot\src\share\vm\prims\jvm.cpp, line 1312]
Event: 1.687 Thread 0x0000000002c30800 Exception <a 'java/security/PrivilegedActionException'> (0x00000000eaf0ae80) thrown at [C:\workspace\8-2-build-windows-amd64-cygwin\jdk8u31\2394\hotspot\src\share\vm\prims\jvm.cpp, line 1312]

Events (10 events):
Event: 1.679 Thread 0x0000000002c30800 DEOPT PACKING pc=0x0000000003118fa4 sp=0x0000000002beecd0
Event: 1.679 Thread 0x0000000002c30800 DEOPT UNPACKING pc=0x0000000002d775bf sp=0x0000000002bee9e8 mode 0
Event: 1.683 Thread 0x0000000002c30800 DEOPT PACKING pc=0x00000000030ff286 sp=0x0000000002beec90
Event: 1.683 Thread 0x0000000002c30800 DEOPT UNPACKING pc=0x0000000002d775bf sp=0x0000000002bee9b0 mode 0
Event: 1.684 Thread 0x0000000002c30800 DEOPT PACKING pc=0x00000000030b88a5 sp=0x0000000002beec80
Event: 1.684 Thread 0x0000000002c30800 DEOPT UNPACKING pc=0x0000000002d775bf sp=0x0000000002bee9b0 mode 0
Event: 1.686 loading class com/android/dex/Dex$1
Event: 1.686 loading class com/android/dex/Dex$1 done
Event: 1.688 Thread 0x0000000002c30800 DEOPT PACKING pc=0x00000000030ff286 sp=0x0000000002beec90
Event: 1.688 Thread 0x0000000002c30800 DEOPT UNPACKING pc=0x0000000002d775bf sp=0x0000000002bee9b0 mode 0


Dynamic libraries:
0x00007ff6e3710000 - 0x00007ff6e3744000 	C:\Program Files\Java\jdk1.8.0_31\bin\java.exe
0x00007ff998020000 - 0x00007ff9981cc000 	C:\windows\SYSTEM32\ntdll.dll
0x00007ff995a20000 - 0x00007ff995b5e000 	C:\windows\system32\KERNEL32.DLL
0x00007ff9952f0000 - 0x00007ff995405000 	C:\windows\system32\KERNELBASE.dll
0x00007ff993d10000 - 0x00007ff993d9e000 	C:\windows\system32\apphelp.dll
0x00007ff988870000 - 0x00007ff9888c3000 	C:\windows\AppPatch\AppPatch64\AcGenral.DLL
0x00007ff995db0000 - 0x00007ff995e5a000 	C:\windows\system32\msvcrt.dll
0x00007ff995010000 - 0x00007ff99503e000 	C:\windows\SYSTEM32\SspiCli.dll
0x00007ff9959c0000 - 0x00007ff995a14000 	C:\windows\system32\SHLWAPI.dll
0x00007ff995b60000 - 0x00007ff995cd7000 	C:\windows\system32\USER32.dll
0x00007ff9956c0000 - 0x00007ff995854000 	C:\windows\system32\ole32.dll
0x00007ff9963e0000 - 0x00007ff9978f8000 	C:\windows\system32\SHELL32.dll
0x00007ff994790000 - 0x00007ff9947b1000 	C:\windows\SYSTEM32\USERENV.dll
0x00007ff997f70000 - 0x00007ff99801a000 	C:\windows\system32\ADVAPI32.dll
0x00007ff986fd0000 - 0x00007ff986fee000 	C:\windows\SYSTEM32\MPR.dll
0x00007ff997a90000 - 0x00007ff997bd1000 	C:\windows\system32\RPCRT4.dll
0x00007ff996380000 - 0x00007ff9963d9000 	C:\windows\SYSTEM32\sechost.dll
0x00007ff995fd0000 - 0x00007ff9961e1000 	C:\windows\SYSTEM32\combase.dll
0x00007ff995e60000 - 0x00007ff995fb1000 	C:\windows\system32\GDI32.dll
0x00007ff995170000 - 0x00007ff995185000 	C:\windows\SYSTEM32\profapi.dll
0x00007ff9934c0000 - 0x00007ff993572000 	C:\windows\SYSTEM32\SHCORE.dll
0x00007ff997a40000 - 0x00007ff997a76000 	C:\windows\system32\IMM32.DLL
0x00007ff995860000 - 0x00007ff9959b2000 	C:\windows\system32\MSCTF.dll
0x00007ff992e90000 - 0x00007ff99310b000 	C:\windows\WinSxS\amd64_microsoft.windows.common-controls_6595b64144ccf1df_6.0.9600.17784_none_624760d1ecb7236e\COMCTL32.dll
0x0000000055040000 - 0x0000000055112000 	C:\Program Files\Java\jdk1.8.0_31\jre\bin\msvcr100.dll
0x0000000053480000 - 0x0000000053cda000 	C:\Program Files\Java\jdk1.8.0_31\jre\bin\server\jvm.dll
0x00007ff98cb80000 - 0x00007ff98cb89000 	C:\windows\SYSTEM32\WSOCK32.dll
0x00007ff98cc20000 - 0x00007ff98cc42000 	C:\windows\SYSTEM32\WINMM.dll
0x00007ff997a80000 - 0x00007ff997a87000 	C:\windows\system32\PSAPI.DLL
0x00007ff997920000 - 0x00007ff99797a000 	C:\windows\system32\WS2_32.dll
0x00007ff98cbf0000 - 0x00007ff98cc1a000 	C:\windows\SYSTEM32\WINMMBASE.dll
0x00007ff9956b0000 - 0x00007ff9956b9000 	C:\windows\system32\NSI.dll
0x00007ff995410000 - 0x00007ff99545f000 	C:\windows\SYSTEM32\cfgmgr32.dll
0x00007ff993f60000 - 0x00007ff993f88000 	C:\windows\SYSTEM32\DEVOBJ.dll
0x0000000053470000 - 0x000000005347f000 	C:\Program Files\Java\jdk1.8.0_31\jre\bin\verify.dll
0x0000000053440000 - 0x0000000053468000 	C:\Program Files\Java\jdk1.8.0_31\jre\bin\java.dll
0x0000000053420000 - 0x0000000053436000 	C:\Program Files\Java\jdk1.8.0_31\jre\bin\zip.dll

VM Arguments:
jvm_args: -Xmx1024M -Dfile.encoding=windows-1252 -Duser.country=US -Duser.language=en -Duser.variant 
java_command: com.android.dx.command.Main --dex --output C:\Users\Tamim\OneDrive\Work\Host\DiplomaticClub\app\build\intermediates\dex\debug C:\Users\Tamim\OneDrive\Work\Host\DiplomaticClub\app\build\intermediates\classes\debug C:\Users\Tamim\OneDrive\Work\Host\DiplomaticClub\app\build\intermediates\pre-dexed\debug\support-annotations-22.1.1-8815075de5e1bb6d927c4e5b0f10b40cd6c499d5.jar C:\Users\Tamim\OneDrive\Work\Host\DiplomaticClub\app\build\intermediates\pre-dexed\debug\internal_impl-22.1.1-4203faa77544ae96188ebfbe047975fe78b86cf4.jar C:\Users\Tamim\OneDrive\Work\Host\DiplomaticClub\app\build\intermediates\pre-dexed\debug\classes-7782996bb7867db58b5124b5f61970df6d9790e4.jar C:\Users\Tamim\OneDrive\Work\Host\DiplomaticClub\app\build\intermediates\pre-dexed\debug\classes-20541e717b4760a2761559979627910c232d3ed9.jar
java_class_path (initial): C:\Users\Tamim\AppData\Local\Android\sdk\build-tools\22.0.1\lib\dx.jar
Launcher Type: SUN_STANDARD

Environment Variables:
JAVA_HOME=C:\Program Files\Java\jdk1.8.0_31
PATH=C:\ProgramData\Oracle\Java\javapath;C:\windows\system32;C:\windows;C:\windows\System32\Wbem;C:\windows\System32\WindowsPowerShell\v1.0\;C:\Program Files (x86)\MiKTeX 2.9\miktex\bin\;C:\Python27;C:\Program Files (x86)\Skype\Phone\
USERNAME=Tamim
OS=Windows_NT
PROCESSOR_IDENTIFIER=Intel64 Family 6 Model 69 Stepping 1, GenuineIntel



---------------  S Y S T E M  ---------------

OS: Windows 8.1 , 64 bit Build 9600 

CPU:total 4 (2 cores per cpu, 2 threads per core) family 6 model 69 stepping 1, cmov, cx8, fxsr, mmx, sse, sse2, sse3, ssse3, sse4.1, sse4.2, popcnt, avx, avx2, aes, clmul, erms, lzcnt, ht, tsc, tscinvbit, bmi1, bmi2

Memory: 4k page, physical 4097096k(220368k free), swap 7717960k(4340k free)

vm_info: Java HotSpot(TM) 64-Bit Server VM (25.31-b07) for windows-amd64 JRE (1.8.0_31-b13), built on Dec 17 2014 21:00:28 by "java_re" with MS VC++ 10.0 (VS2010)

time: Sun Jun 07 16:03:09 2015
elapsed time: 1 seconds (0d 0h 0m 1s)

