#
# There is insufficient memory for the Java Runtime Environment to continue.
# Native memory allocation (malloc) failed to allocate 475136 bytes for Chunk::new
# Possible reasons:
#   The system is out of physical RAM or swap space
#   In 32 bit mode, the process size limit was hit
# Possible solutions:
#   Reduce memory load on the system
#   Increase physical memory or swap space
#   Check if swap backing store is full
#   Use 64 bit Java on a 64 bit OS
#   Decrease Java heap size (-Xmx/-Xms)
#   Decrease number of Java threads
#   Decrease Java thread stack sizes (-Xss)
#   Set larger code cache with -XX:ReservedCodeCacheSize=
# This output file may be truncated or incomplete.
#
#  Out of Memory Error (allocation.cpp:390), pid=3712, tid=7708
#
# JRE version: Java(TM) SE Runtime Environment (8.0_31-b13) (build 1.8.0_31-b13)
# Java VM: Java HotSpot(TM) 64-Bit Server VM (25.31-b07 mixed mode windows-amd64 compressed oops)
# Failed to write core dump. Minidumps are not enabled by default on client versions of Windows
#

---------------  T H R E A D  ---------------

Current thread (0x0000000014ec7800):  JavaThread "C2 CompilerThread0" daemon [_thread_in_native, id=7708, stack(0x0000000016410000,0x0000000016510000)]

Stack: [0x0000000016410000,0x0000000016510000]
Native frames: (J=compiled Java code, j=interpreted, Vv=VM code, C=native code)
V  [jvm.dll+0x3169ba]


Current CompileTask:
C2:   3590 1166       4       com.android.dx.ssa.SsaMethod::forEachInsn (36 bytes)


---------------  P R O C E S S  ---------------

Java Threads: ( => current thread )
  0x0000000014f1e000 JavaThread "Service Thread" daemon [_thread_blocked, id=7252, stack(0x0000000016b10000,0x0000000016c10000)]
  0x0000000014ec2000 JavaThread "C1 CompilerThread2" daemon [_thread_in_native, id=1236, stack(0x0000000016610000,0x0000000016710000)]
  0x0000000014eb8800 JavaThread "C2 CompilerThread1" daemon [_thread_in_native, id=5744, stack(0x0000000016510000,0x0000000016610000)]
=>0x0000000014ec7800 JavaThread "C2 CompilerThread0" daemon [_thread_in_native, id=7708, stack(0x0000000016410000,0x0000000016510000)]
  0x0000000014ec6000 JavaThread "Attach Listener" daemon [_thread_blocked, id=7296, stack(0x0000000016310000,0x0000000016410000)]
  0x0000000014ec4800 JavaThread "Signal Dispatcher" daemon [_thread_blocked, id=4172, stack(0x0000000016210000,0x0000000016310000)]
  0x00000000027df000 JavaThread "Finalizer" daemon [_thread_blocked, id=4452, stack(0x0000000016110000,0x0000000016210000)]
  0x0000000014e88800 JavaThread "Reference Handler" daemon [_thread_blocked, id=3772, stack(0x0000000016010000,0x0000000016110000)]
  0x00000000026f0800 JavaThread "main" [_thread_in_native, id=7244, stack(0x0000000002520000,0x0000000002620000)]

Other Threads:
  0x0000000014e85800 VMThread [stack: 0x0000000015f10000,0x0000000016010000] [id=1876]
  0x0000000016716000 WatcherThread [stack: 0x0000000016c10000,0x0000000016d10000] [id=8084]

VM state:not at safepoint (normal execution)

VM Mutex/Monitor currently owned by a thread: None

Heap:
 PSYoungGen      total 18944K, used 16981K [0x00000000eab00000, 0x00000000ec000000, 0x0000000100000000)
  eden space 16384K, 88% used [0x00000000eab00000,0x00000000eb917768,0x00000000ebb00000)
  from space 2560K, 99% used [0x00000000ebb00000,0x00000000ebd7dc98,0x00000000ebd80000)
  to   space 2560K, 0% used [0x00000000ebd80000,0x00000000ebd80000,0x00000000ec000000)
 ParOldGen       total 44032K, used 1578K [0x00000000c0000000, 0x00000000c2b00000, 0x00000000eab00000)
  object space 44032K, 3% used [0x00000000c0000000,0x00000000c018aa60,0x00000000c2b00000)
 Metaspace       used 5673K, capacity 6960K, committed 7040K, reserved 1056768K
  class space    used 554K, capacity 616K, committed 640K, reserved 1048576K

Card table byte_map: [0x0000000011bb0000,0x0000000011dc0000] byte_map_base: 0x00000000115b0000

Marking Bits: (ParMarkBitMap*) 0x0000000061b8d4f0
 Begin Bits: [0x0000000012320000, 0x0000000013320000)
 End Bits:   [0x0000000013320000, 0x0000000014320000)

Polling page: 0x0000000000dc0000

CodeCache: size=245760Kb used=4840Kb max_used=4840Kb free=240919Kb
 bounds [0x00000000027f0000, 0x0000000002cb0000, 0x00000000117f0000]
 total_blobs=1456 nmethods=1196 adapters=174
 compilation: enabled

Compilation events (10 events):
Event: 3.303 Thread 0x0000000014ec2000 1165       3       com.android.dx.ssa.ConstCollector::getConstsSortedByCountUse (386 bytes)
Event: 3.308 Thread 0x0000000014ec2000 nmethod 1165 0x0000000002c87f50 code [0x0000000002c88580, 0x0000000002c8cfc8]
Event: 3.308 Thread 0x0000000014ec2000 1167       3       com.android.dx.ssa.SsaMethod$1::visitPhiInsn (17 bytes)
Event: 3.309 Thread 0x0000000014ec2000 nmethod 1167 0x0000000002c83990 code [0x0000000002c83b00, 0x0000000002c83ef0]
Event: 3.309 Thread 0x0000000014ec2000 1168       3       com.android.dx.ssa.ConstCollector::updateConstUses (248 bytes)
Event: 3.311 Thread 0x0000000014ec2000 nmethod 1168 0x0000000002c8fc90 code [0x0000000002c90060, 0x0000000002c92678]
Event: 3.312 Thread 0x0000000014ec2000 1169       3       com.android.dx.ssa.SsaMethod::removeFromUseList (57 bytes)
Event: 3.312 Thread 0x0000000014ec2000 nmethod 1169 0x0000000002c82cd0 code [0x0000000002c82ea0, 0x0000000002c83648]
Event: 3.312 Thread 0x0000000014ec2000 1170       3       com.android.dx.ssa.back.InterferenceGraph::<init> (42 bytes)
Event: 3.313 Thread 0x0000000014ec2000 nmethod 1170 0x0000000002c84f90 code [0x0000000002c851a0, 0x0000000002c85c68]

GC Heap History (2 events):
Event: 2.691 GC heap before
{Heap before GC invocations=1 (full 0):
 PSYoungGen      total 18944K, used 16384K [0x00000000eab00000, 0x00000000ec000000, 0x0000000100000000)
  eden space 16384K, 100% used [0x00000000eab00000,0x00000000ebb00000,0x00000000ebb00000)
  from space 2560K, 0% used [0x00000000ebd80000,0x00000000ebd80000,0x00000000ec000000)
  to   space 2560K, 0% used [0x00000000ebb00000,0x00000000ebb00000,0x00000000ebd80000)
 ParOldGen       total 44032K, used 0K [0x00000000c0000000, 0x00000000c2b00000, 0x00000000eab00000)
  object space 44032K, 0% used [0x00000000c0000000,0x00000000c0000000,0x00000000c2b00000)
 Metaspace       used 5562K, capacity 6832K, committed 7040K, reserved 1056768K
  class space    used 552K, capacity 616K, committed 640K, reserved 1048576K
Event: 2.889 GC heap after
Heap after GC invocations=1 (full 0):
 PSYoungGen      total 18944K, used 2551K [0x00000000eab00000, 0x00000000ec000000, 0x0000000100000000)
  eden space 16384K, 0% used [0x00000000eab00000,0x00000000eab00000,0x00000000ebb00000)
  from space 2560K, 99% used [0x00000000ebb00000,0x00000000ebd7dc98,0x00000000ebd80000)
  to   space 2560K, 0% used [0x00000000ebd80000,0x00000000ebd80000,0x00000000ec000000)
 ParOldGen       total 44032K, used 1578K [0x00000000c0000000, 0x00000000c2b00000, 0x00000000eab00000)
  object space 44032K, 3% used [0x00000000c0000000,0x00000000c018aa60,0x00000000c2b00000)
 Metaspace       used 5562K, capacity 6832K, committed 7040K, reserved 1056768K
  class space    used 552K, capacity 616K, committed 640K, reserved 1048576K
}

Deoptimization events (1 events):
Event: 2.907 Thread 0x00000000026f0800 Uncommon trap: reason=unreached action=reinterpret pc=0x0000000002bc9dd0 method=com.android.dx.rop.code.LocalItem.hashCode()I @ 25

Internal exceptions (10 events):
Event: 2.172 Thread 0x00000000026f0800 Exception <a 'java/security/PrivilegedActionException'> (0x00000000eb7af948) thrown at [C:\workspace\8-2-build-windows-amd64-cygwin\jdk8u31\2394\hotspot\src\share\vm\prims\jvm.cpp, line 1312]
Event: 2.173 Thread 0x00000000026f0800 Exception <a 'java/security/PrivilegedActionException'> (0x00000000eb7b5398) thrown at [C:\workspace\8-2-build-windows-amd64-cygwin\jdk8u31\2394\hotspot\src\share\vm\prims\jvm.cpp, line 1312]
Event: 2.174 Thread 0x00000000026f0800 Exception <a 'java/security/PrivilegedActionException'> (0x00000000eb7bab90) thrown at [C:\workspace\8-2-build-windows-amd64-cygwin\jdk8u31\2394\hotspot\src\share\vm\prims\jvm.cpp, line 1312]
Event: 2.187 Thread 0x00000000026f0800 Exception <a 'java/security/PrivilegedActionException'> (0x00000000eb7bfc48) thrown at [C:\workspace\8-2-build-windows-amd64-cygwin\jdk8u31\2394\hotspot\src\share\vm\prims\jvm.cpp, line 1312]
Event: 2.213 Thread 0x00000000026f0800 Exception <a 'java/security/PrivilegedActionException'> (0x00000000eb7fa3d0) thrown at [C:\workspace\8-2-build-windows-amd64-cygwin\jdk8u31\2394\hotspot\src\share\vm\prims\jvm.cpp, line 1312]
Event: 2.439 Thread 0x00000000026f0800 Exception <a 'java/security/PrivilegedActionException'> (0x00000000eb939480) thrown at [C:\workspace\8-2-build-windows-amd64-cygwin\jdk8u31\2394\hotspot\src\share\vm\prims\jvm.cpp, line 1312]
Event: 2.584 Thread 0x00000000026f0800 Exception <a 'java/security/PrivilegedActionException'> (0x00000000ebae54d8) thrown at [C:\workspace\8-2-build-windows-amd64-cygwin\jdk8u31\2394\hotspot\src\share\vm\prims\jvm.cpp, line 1312]
Event: 2.899 Thread 0x00000000026f0800 Exception <a 'java/security/PrivilegedActionException'> (0x00000000eab4f368) thrown at [C:\workspace\8-2-build-windows-amd64-cygwin\jdk8u31\2394\hotspot\src\share\vm\prims\jvm.cpp, line 1312]
Event: 2.899 Thread 0x00000000026f0800 Exception <a 'java/security/PrivilegedActionException'> (0x00000000eab51a50) thrown at [C:\workspace\8-2-build-windows-amd64-cygwin\jdk8u31\2394\hotspot\src\share\vm\prims\jvm.cpp, line 1312]
Event: 3.167 Thread 0x00000000026f0800 Exception <a 'java/security/PrivilegedActionException'> (0x00000000eac7ed68) thrown at [C:\workspace\8-2-build-windows-amd64-cygwin\jdk8u31\2394\hotspot\src\share\vm\prims\jvm.cpp, line 1312]

Events (10 events):
Event: 2.889 Executing VM operation: ParallelGCFailedAllocation done
Event: 2.899 loading class com/android/dx/cf/attrib/AttLocalVariableTypeTable
Event: 2.899 loading class com/android/dx/cf/attrib/AttLocalVariableTypeTable done
Event: 2.899 loading class com/android/dx/cf/attrib/AttSignature
Event: 2.899 loading class com/android/dx/cf/attrib/AttSignature done
Event: 2.907 Thread 0x00000000026f0800 Uncommon trap: trap_request=0xffffffad fr.pc=0x0000000002bc9dd0
Event: 2.907 Thread 0x00000000026f0800 DEOPT PACKING pc=0x0000000002bc9dd0 sp=0x000000000261e580
Event: 2.907 Thread 0x00000000026f0800 DEOPT UNPACKING pc=0x000000000283556a sp=0x000000000261e3e8 mode 2
Event: 3.167 loading class com/android/dx/cf/attrib/AttEnclosingMethod
Event: 3.167 loading class com/android/dx/cf/attrib/AttEnclosingMethod done


Dynamic libraries:
0x00007ff6a97f0000 - 0x00007ff6a9824000 	C:\Program Files\Java\jdk1.8.0_31\bin\java.exe
0x00007ffbec080000 - 0x00007ffbec22c000 	C:\windows\SYSTEM32\ntdll.dll
0x00007ffbe9900000 - 0x00007ffbe9a3e000 	C:\windows\system32\KERNEL32.DLL
0x00007ffbe94e0000 - 0x00007ffbe95f5000 	C:\windows\system32\KERNELBASE.dll
0x00007ffbe7b10000 - 0x00007ffbe7b9e000 	C:\windows\system32\apphelp.dll
0x00007ffbd5730000 - 0x00007ffbd5783000 	C:\windows\AppPatch\AppPatch64\AcGenral.DLL
0x00007ffbe9700000 - 0x00007ffbe97aa000 	C:\windows\system32\msvcrt.dll
0x00007ffbe9070000 - 0x00007ffbe909e000 	C:\windows\SYSTEM32\SspiCli.dll
0x00007ffbec020000 - 0x00007ffbec074000 	C:\windows\system32\SHLWAPI.dll
0x00007ffbeb7f0000 - 0x00007ffbeb967000 	C:\windows\system32\USER32.dll
0x00007ffbebd00000 - 0x00007ffbebe94000 	C:\windows\system32\ole32.dll
0x00007ffbea000000 - 0x00007ffbeb518000 	C:\windows\system32\SHELL32.dll
0x00007ffbe87f0000 - 0x00007ffbe8811000 	C:\windows\SYSTEM32\USERENV.dll
0x00007ffbeb970000 - 0x00007ffbeba1a000 	C:\windows\system32\ADVAPI32.dll
0x00007ffbdb310000 - 0x00007ffbdb32e000 	C:\windows\SYSTEM32\MPR.dll
0x00007ffbe97b0000 - 0x00007ffbe98f1000 	C:\windows\system32\RPCRT4.dll
0x00007ffbeb660000 - 0x00007ffbeb6b9000 	C:\windows\SYSTEM32\sechost.dll
0x00007ffbeba20000 - 0x00007ffbebc31000 	C:\windows\SYSTEM32\combase.dll
0x00007ffbe9ac0000 - 0x00007ffbe9c11000 	C:\windows\system32\GDI32.dll
0x00007ffbe91d0000 - 0x00007ffbe91e5000 	C:\windows\SYSTEM32\profapi.dll
0x00007ffbe6f60000 - 0x00007ffbe7012000 	C:\windows\SYSTEM32\SHCORE.dll
0x00007ffbe9c20000 - 0x00007ffbe9c56000 	C:\windows\system32\IMM32.DLL
0x00007ffbebec0000 - 0x00007ffbec012000 	C:\windows\system32\MSCTF.dll
0x00007ffbe52a0000 - 0x00007ffbe551a000 	C:\windows\WinSxS\amd64_microsoft.windows.common-controls_6595b64144ccf1df_6.0.9600.17810_none_6240b9c7ecbd0bda\COMCTL32.dll
0x0000000060f30000 - 0x0000000061002000 	C:\Program Files\Java\jdk1.8.0_31\jre\bin\msvcr100.dll
0x00000000613b0000 - 0x0000000061c0a000 	C:\Program Files\Java\jdk1.8.0_31\jre\bin\server\jvm.dll
0x00007ffbe0c00000 - 0x00007ffbe0c09000 	C:\windows\SYSTEM32\WSOCK32.dll
0x00007ffbe10e0000 - 0x00007ffbe1102000 	C:\windows\SYSTEM32\WINMM.dll
0x00007ffbebeb0000 - 0x00007ffbebeb7000 	C:\windows\system32\PSAPI.DLL
0x00007ffbe9a40000 - 0x00007ffbe9a9a000 	C:\windows\system32\WS2_32.dll
0x00007ffbe10b0000 - 0x00007ffbe10da000 	C:\windows\SYSTEM32\WINMMBASE.dll
0x00007ffbebea0000 - 0x00007ffbebea9000 	C:\windows\system32\NSI.dll
0x00007ffbe9600000 - 0x00007ffbe964f000 	C:\windows\SYSTEM32\cfgmgr32.dll
0x00007ffbe7fc0000 - 0x00007ffbe7fe8000 	C:\windows\SYSTEM32\DEVOBJ.dll
0x00000000613a0000 - 0x00000000613af000 	C:\Program Files\Java\jdk1.8.0_31\jre\bin\verify.dll
0x0000000061370000 - 0x0000000061398000 	C:\Program Files\Java\jdk1.8.0_31\jre\bin\java.dll
0x0000000061350000 - 0x0000000061366000 	C:\Program Files\Java\jdk1.8.0_31\jre\bin\zip.dll

VM Arguments:
jvm_args: -Xmx1024M -Dfile.encoding=windows-1252 -Duser.country=US -Duser.language=en -Duser.variant 
java_command: com.android.dx.command.Main --dex --output C:\Users\Tamim\OneDrive\Work\Host\DiplomaticClub\app\build\intermediates\pre-dexed\debug\internal_impl-22.1.1-4203faa77544ae96188ebfbe047975fe78b86cf4.jar C:\Users\Tamim\OneDrive\Work\Host\DiplomaticClub\app\build\intermediates\exploded-aar\com.android.support\support-v4\22.1.1\jars\libs\internal_impl-22.1.1.jar
java_class_path (initial): C:\Users\Tamim\AppData\Local\Android\sdk\build-tools\22.0.1\lib\dx.jar
Launcher Type: SUN_STANDARD

Environment Variables:
JAVA_HOME=C:\Program Files\Java\jdk1.8.0_31
PATH=C:\ProgramData\Oracle\Java\javapath;C:\windows\system32;C:\windows;C:\windows\System32\Wbem;C:\windows\System32\WindowsPowerShell\v1.0\;C:\Program Files (x86)\MiKTeX 2.9\miktex\bin\;C:\Python27;C:\Program Files (x86)\Skype\Phone\
USERNAME=Tamim
OS=Windows_NT
PROCESSOR_IDENTIFIER=Intel64 Family 6 Model 69 Stepping 1, GenuineIntel



---------------  S Y S T E M  ---------------

OS: Windows 8.1 , 64 bit Build 9600 

CPU:total 4 (2 cores per cpu, 2 threads per core) family 6 model 69 stepping 1, cmov, cx8, fxsr, mmx, sse, sse2, sse3, ssse3, sse4.1, sse4.2, popcnt, avx, avx2, aes, clmul, erms, lzcnt, ht, tsc, tscinvbit, bmi1, bmi2

Memory: 4k page, physical 4097096k(133780k free), swap 7717960k(4032k free)

vm_info: Java HotSpot(TM) 64-Bit Server VM (25.31-b07) for windows-amd64 JRE (1.8.0_31-b13), built on Dec 17 2014 21:00:28 by "java_re" with MS VC++ 10.0 (VS2010)

time: Wed Jun 17 17:08:47 2015
elapsed time: 3 seconds (0d 0h 0m 3s)

