#
# There is insufficient memory for the Java Runtime Environment to continue.
# Native memory allocation (malloc) failed to allocate 130096 bytes for Chunk::new
# Possible reasons:
#   The system is out of physical RAM or swap space
#   In 32 bit mode, the process size limit was hit
# Possible solutions:
#   Reduce memory load on the system
#   Increase physical memory or swap space
#   Check if swap backing store is full
#   Use 64 bit Java on a 64 bit OS
#   Decrease Java heap size (-Xmx/-Xms)
#   Decrease number of Java threads
#   Decrease Java thread stack sizes (-Xss)
#   Set larger code cache with -XX:ReservedCodeCacheSize=
# This output file may be truncated or incomplete.
#
#  Out of Memory Error (allocation.cpp:390), pid=364, tid=8524
#
# JRE version: Java(TM) SE Runtime Environment (8.0_31-b13) (build 1.8.0_31-b13)
# Java VM: Java HotSpot(TM) 64-Bit Server VM (25.31-b07 mixed mode windows-amd64 compressed oops)
# Failed to write core dump. Minidumps are not enabled by default on client versions of Windows
#

---------------  T H R E A D  ---------------

Current thread (0x0000000015061800):  JavaThread "C2 CompilerThread1" daemon [_thread_in_native, id=8524, stack(0x00000000166b0000,0x00000000167b0000)]

Stack: [0x00000000166b0000,0x00000000167b0000]
Native frames: (J=compiled Java code, j=interpreted, Vv=VM code, C=native code)
V  [jvm.dll+0x3169ba]


Current CompileTask:
C2:   2303 1160       4       com.android.dx.ssa.SsaMethod::computeReachability (131 bytes)


---------------  P R O C E S S  ---------------

Java Threads: ( => current thread )
  0x00000000168b4800 JavaThread "Service Thread" daemon [_thread_blocked, id=6884, stack(0x0000000016cb0000,0x0000000016db0000)]
  0x000000001509a000 JavaThread "C1 CompilerThread2" daemon [_thread_blocked, id=5624, stack(0x00000000167b0000,0x00000000168b0000)]
=>0x0000000015061800 JavaThread "C2 CompilerThread1" daemon [_thread_in_native, id=8524, stack(0x00000000166b0000,0x00000000167b0000)]
  0x0000000015059000 JavaThread "C2 CompilerThread0" daemon [_thread_blocked, id=6508, stack(0x00000000165b0000,0x00000000166b0000)]
  0x0000000015066000 JavaThread "Attach Listener" daemon [_thread_blocked, id=8544, stack(0x00000000164b0000,0x00000000165b0000)]
  0x0000000015064800 JavaThread "Signal Dispatcher" daemon [_thread_blocked, id=6584, stack(0x00000000163b0000,0x00000000164b0000)]
  0x0000000002984800 JavaThread "Finalizer" daemon [_thread_blocked, id=6184, stack(0x00000000162b0000,0x00000000163b0000)]
  0x0000000015028800 JavaThread "Reference Handler" daemon [_thread_blocked, id=8872, stack(0x00000000161b0000,0x00000000162b0000)]
  0x0000000002890800 JavaThread "main" [_thread_in_Java, id=6432, stack(0x00000000026a0000,0x00000000027a0000)]

Other Threads:
  0x0000000015025800 VMThread [stack: 0x00000000160b0000,0x00000000161b0000] [id=7180]
  0x00000000168ba800 WatcherThread [stack: 0x0000000016db0000,0x0000000016eb0000] [id=7080]

VM state:not at safepoint (normal execution)

VM Mutex/Monitor currently owned by a thread: None

Heap:
 PSYoungGen      total 18944K, used 8881K [0x00000000eab00000, 0x00000000ed000000, 0x0000000100000000)
  eden space 16384K, 38% used [0x00000000eab00000,0x00000000eb12ce80,0x00000000ebb00000)
  from space 2560K, 99% used [0x00000000ebb00000,0x00000000ebd7f658,0x00000000ebd80000)
  to   space 2560K, 0% used [0x00000000ecd80000,0x00000000ecd80000,0x00000000ed000000)
 ParOldGen       total 44032K, used 1618K [0x00000000c0000000, 0x00000000c2b00000, 0x00000000eab00000)
  object space 44032K, 3% used [0x00000000c0000000,0x00000000c0194a80,0x00000000c2b00000)
 Metaspace       used 5552K, capacity 6832K, committed 7040K, reserved 1056768K
  class space    used 549K, capacity 616K, committed 640K, reserved 1048576K

Card table byte_map: [0x0000000011d50000,0x0000000011f60000] byte_map_base: 0x0000000011750000

Marking Bits: (ParMarkBitMap*) 0x0000000077f7d4f0
 Begin Bits: [0x00000000124c0000, 0x00000000134c0000)
 End Bits:   [0x00000000134c0000, 0x00000000144c0000)

Polling page: 0x00000000025d0000

CodeCache: size=245760Kb used=4714Kb max_used=4726Kb free=241045Kb
 bounds [0x0000000002990000, 0x0000000002e40000, 0x0000000011990000]
 total_blobs=1438 nmethods=1178 adapters=174
 compilation: enabled

Compilation events (10 events):
Event: 2.293 Thread 0x000000001509a000 1176       2       java.util.Collections$UnmodifiableCollection$1::hasNext (10 bytes)
Event: 2.293 Thread 0x000000001509a000 nmethod 1176 0x0000000002e25f90 code [0x0000000002e26100, 0x0000000002e26288]
Event: 2.293 Thread 0x000000001509a000 1177       3       com.android.dx.ssa.SsaMethod::getCountReachableBlocks (44 bytes)
Event: 2.294 Thread 0x000000001509a000 nmethod 1177 0x0000000002e25150 code [0x0000000002e25320, 0x0000000002e25bd8]
Event: 2.294 Thread 0x000000001509a000 1178       3       com.android.dx.ssa.back.SsaToRop::convertBasicBlocks (151 bytes)
Event: 2.295 Thread 0x0000000015059000 nmethod 1170 0x0000000002e24bd0 code [0x0000000002e24d20, 0x0000000002e24f98]
Event: 2.295 Thread 0x0000000015059000 1167       4       com.android.dx.ssa.SsaBasicBlock::forEachPhiInsn (54 bytes)
Event: 2.296 Thread 0x000000001509a000 nmethod 1178 0x0000000002e28dd0 code [0x0000000002e290c0, 0x0000000002e2a958]
Event: 2.296 Thread 0x000000001509a000 1179       3       com.android.dx.cf.code.BasicBlocker::visitBranch (98 bytes)
Event: 2.297 Thread 0x000000001509a000 nmethod 1179 0x0000000002e2b690 code [0x0000000002e2b980, 0x0000000002e2cf18]

GC Heap History (2 events):
Event: 1.907 GC heap before
{Heap before GC invocations=1 (full 0):
 PSYoungGen      total 18944K, used 16384K [0x00000000eab00000, 0x00000000ec000000, 0x0000000100000000)
  eden space 16384K, 100% used [0x00000000eab00000,0x00000000ebb00000,0x00000000ebb00000)
  from space 2560K, 0% used [0x00000000ebd80000,0x00000000ebd80000,0x00000000ec000000)
  to   space 2560K, 0% used [0x00000000ebb00000,0x00000000ebb00000,0x00000000ebd80000)
 ParOldGen       total 44032K, used 0K [0x00000000c0000000, 0x00000000c2b00000, 0x00000000eab00000)
  object space 44032K, 0% used [0x00000000c0000000,0x00000000c0000000,0x00000000c2b00000)
 Metaspace       used 5469K, capacity 6768K, committed 7040K, reserved 1056768K
  class space    used 547K, capacity 616K, committed 640K, reserved 1048576K
Event: 1.992 GC heap after
Heap after GC invocations=1 (full 0):
 PSYoungGen      total 18944K, used 2557K [0x00000000eab00000, 0x00000000ed000000, 0x0000000100000000)
  eden space 16384K, 0% used [0x00000000eab00000,0x00000000eab00000,0x00000000ebb00000)
  from space 2560K, 99% used [0x00000000ebb00000,0x00000000ebd7f658,0x00000000ebd80000)
  to   space 2560K, 0% used [0x00000000ecd80000,0x00000000ecd80000,0x00000000ed000000)
 ParOldGen       total 44032K, used 1618K [0x00000000c0000000, 0x00000000c2b00000, 0x00000000eab00000)
  object space 44032K, 3% used [0x00000000c0000000,0x00000000c0194a80,0x00000000c2b00000)
 Metaspace       used 5469K, capacity 6768K, committed 7040K, reserved 1056768K
  class space    used 547K, capacity 616K, committed 640K, reserved 1048576K
}

Deoptimization events (7 events):
Event: 1.409 Thread 0x0000000002890800 Uncommon trap: reason=bimorphic action=maybe_recompile pc=0x0000000002c9930c method=java.util.HashMap.getNode(ILjava/lang/Object;)Ljava/util/HashMap$Node; @ 126
Event: 1.533 Thread 0x0000000002890800 Uncommon trap: reason=bimorphic action=maybe_recompile pc=0x0000000002c9930c method=java.util.HashMap.getNode(ILjava/lang/Object;)Ljava/util/HashMap$Node; @ 126
Event: 1.575 Thread 0x0000000002890800 Uncommon trap: reason=class_check action=maybe_recompile pc=0x0000000002c6ff94 method=com.android.dx.ssa.NormalSsaInsn.accept(Lcom/android/dx/ssa/SsaInsn$Visitor;)V @ 9
Event: 1.576 Thread 0x0000000002890800 Uncommon trap: reason=class_check action=maybe_recompile pc=0x0000000002c6ff94 method=com.android.dx.ssa.NormalSsaInsn.accept(Lcom/android/dx/ssa/SsaInsn$Visitor;)V @ 9
Event: 1.576 Thread 0x0000000002890800 Uncommon trap: reason=class_check action=maybe_recompile pc=0x0000000002c6ff94 method=com.android.dx.ssa.NormalSsaInsn.accept(Lcom/android/dx/ssa/SsaInsn$Visitor;)V @ 9
Event: 1.576 Thread 0x0000000002890800 Uncommon trap: reason=class_check action=maybe_recompile pc=0x0000000002c6ff94 method=com.android.dx.ssa.NormalSsaInsn.accept(Lcom/android/dx/ssa/SsaInsn$Visitor;)V @ 9
Event: 1.576 Thread 0x0000000002890800 Uncommon trap: reason=class_check action=maybe_recompile pc=0x0000000002c042f0 method=com.android.dx.ssa.NormalSsaInsn.accept(Lcom/android/dx/ssa/SsaInsn$Visitor;)V @ 9

Internal exceptions (10 events):
Event: 1.132 Thread 0x0000000002890800 Exception <a 'java/security/PrivilegedActionException'> (0x00000000eb40fb08) thrown at [C:\workspace\8-2-build-windows-amd64-cygwin\jdk8u31\2394\hotspot\src\share\vm\prims\jvm.cpp, line 1312]
Event: 1.133 Thread 0x0000000002890800 Exception <a 'java/security/PrivilegedActionException'> (0x00000000eb4149d8) thrown at [C:\workspace\8-2-build-windows-amd64-cygwin\jdk8u31\2394\hotspot\src\share\vm\prims\jvm.cpp, line 1312]
Event: 1.277 Thread 0x0000000002890800 Exception <a 'java/security/PrivilegedActionException'> (0x00000000eb513c88) thrown at [C:\workspace\8-2-build-windows-amd64-cygwin\jdk8u31\2394\hotspot\src\share\vm\prims\jvm.cpp, line 1312]
Event: 1.679 Thread 0x0000000002890800 Exception <a 'java/security/PrivilegedActionException'> (0x00000000eb8325d8) thrown at [C:\workspace\8-2-build-windows-amd64-cygwin\jdk8u31\2394\hotspot\src\share\vm\prims\jvm.cpp, line 1312]
Event: 1.681 Thread 0x0000000002890800 Exception <a 'java/security/PrivilegedActionException'> (0x00000000eb83c6d8) thrown at [C:\workspace\8-2-build-windows-amd64-cygwin\jdk8u31\2394\hotspot\src\share\vm\prims\jvm.cpp, line 1312]
Event: 1.681 Thread 0x0000000002890800 Exception <a 'java/security/PrivilegedActionException'> (0x00000000eb83ec80) thrown at [C:\workspace\8-2-build-windows-amd64-cygwin\jdk8u31\2394\hotspot\src\share\vm\prims\jvm.cpp, line 1312]
Event: 1.689 Thread 0x0000000002890800 Exception <a 'java/security/PrivilegedActionException'> (0x00000000eb847d50) thrown at [C:\workspace\8-2-build-windows-amd64-cygwin\jdk8u31\2394\hotspot\src\share\vm\prims\jvm.cpp, line 1312]
Event: 1.690 Thread 0x0000000002890800 Exception <a 'java/security/PrivilegedActionException'> (0x00000000eb84a3a8) thrown at [C:\workspace\8-2-build-windows-amd64-cygwin\jdk8u31\2394\hotspot\src\share\vm\prims\jvm.cpp, line 1312]
Event: 1.696 Thread 0x0000000002890800 Exception <a 'java/security/PrivilegedActionException'> (0x00000000eb876e60) thrown at [C:\workspace\8-2-build-windows-amd64-cygwin\jdk8u31\2394\hotspot\src\share\vm\prims\jvm.cpp, line 1312]
Event: 1.727 Thread 0x0000000002890800 Exception <a 'java/security/PrivilegedActionException'> (0x00000000eb9107d0) thrown at [C:\workspace\8-2-build-windows-amd64-cygwin\jdk8u31\2394\hotspot\src\share\vm\prims\jvm.cpp, line 1312]

Events (10 events):
Event: 1.727 loading class com/android/dx/dex/file/MethodAnnotationStruct
Event: 1.727 loading class com/android/dx/dex/file/MethodAnnotationStruct done
Event: 1.906 Executing VM operation: ParallelGCFailedAllocation
Event: 1.992 Executing VM operation: ParallelGCFailedAllocation done
Event: 2.289 loading class java/util/TreeMap$EntrySet
Event: 2.289 loading class java/util/TreeMap$EntrySet done
Event: 2.289 loading class java/util/TreeMap$EntryIterator
Event: 2.289 loading class java/util/TreeMap$EntryIterator done
Event: 2.289 Executing VM operation: Deoptimize
Event: 2.289 Executing VM operation: Deoptimize done


Dynamic libraries:
0x00007ff7a4390000 - 0x00007ff7a43c4000 	C:\Program Files\Java\jdk1.8.0_31\bin\java.exe
0x00007ffa03ca0000 - 0x00007ffa03e4c000 	C:\windows\SYSTEM32\ntdll.dll
0x00007ffa01f60000 - 0x00007ffa0209e000 	C:\windows\system32\KERNEL32.DLL
0x00007ffa010f0000 - 0x00007ffa01205000 	C:\windows\system32\KERNELBASE.dll
0x00007ff9ff990000 - 0x00007ff9ffa1e000 	C:\windows\system32\apphelp.dll
0x00007ff9f4910000 - 0x00007ff9f4963000 	C:\windows\AppPatch\AppPatch64\AcGenral.DLL
0x00007ffa01560000 - 0x00007ffa0160a000 	C:\windows\system32\msvcrt.dll
0x00007ffa00c90000 - 0x00007ffa00cbe000 	C:\windows\SYSTEM32\SspiCli.dll
0x00007ffa03980000 - 0x00007ffa039d4000 	C:\windows\system32\SHLWAPI.dll
0x00007ffa01920000 - 0x00007ffa01a97000 	C:\windows\system32\USER32.dll
0x00007ffa022c0000 - 0x00007ffa02454000 	C:\windows\system32\ole32.dll
0x00007ffa02460000 - 0x00007ffa03978000 	C:\windows\system32\SHELL32.dll
0x00007ffa004f0000 - 0x00007ffa00511000 	C:\windows\SYSTEM32\USERENV.dll
0x00007ffa016e0000 - 0x00007ffa0178a000 	C:\windows\system32\ADVAPI32.dll
0x00007ff9f3e80000 - 0x00007ff9f3e9e000 	C:\windows\SYSTEM32\MPR.dll
0x00007ffa03b50000 - 0x00007ffa03c91000 	C:\windows\system32\RPCRT4.dll
0x00007ffa018c0000 - 0x00007ffa01919000 	C:\windows\SYSTEM32\sechost.dll
0x00007ffa01aa0000 - 0x00007ffa01cb1000 	C:\windows\SYSTEM32\combase.dll
0x00007ffa020a0000 - 0x00007ffa021f1000 	C:\windows\system32\GDI32.dll
0x00007ffa00df0000 - 0x00007ffa00e05000 	C:\windows\SYSTEM32\profapi.dll
0x00007ff9ff1b0000 - 0x00007ff9ff262000 	C:\windows\SYSTEM32\SHCORE.dll
0x00007ffa017b0000 - 0x00007ffa017e6000 	C:\windows\system32\IMM32.DLL
0x00007ffa039e0000 - 0x00007ffa03b32000 	C:\windows\system32\MSCTF.dll
0x00007ff9feaf0000 - 0x00007ff9fed6b000 	C:\windows\WinSxS\amd64_microsoft.windows.common-controls_6595b64144ccf1df_6.0.9600.17784_none_624760d1ecb7236e\COMCTL32.dll
0x0000000050250000 - 0x0000000050322000 	C:\Program Files\Java\jdk1.8.0_31\jre\bin\msvcr100.dll
0x00000000777a0000 - 0x0000000077ffa000 	C:\Program Files\Java\jdk1.8.0_31\jre\bin\server\jvm.dll
0x00007ff9f8800000 - 0x00007ff9f8809000 	C:\windows\SYSTEM32\WSOCK32.dll
0x00007ff9f88a0000 - 0x00007ff9f88c2000 	C:\windows\SYSTEM32\WINMM.dll
0x00007ffa017a0000 - 0x00007ffa017a7000 	C:\windows\system32\PSAPI.DLL
0x00007ffa01ce0000 - 0x00007ffa01d3a000 	C:\windows\system32\WS2_32.dll
0x00007ff9f8870000 - 0x00007ff9f889a000 	C:\windows\SYSTEM32\WINMMBASE.dll
0x00007ffa03b40000 - 0x00007ffa03b49000 	C:\windows\system32\NSI.dll
0x00007ffa010a0000 - 0x00007ffa010ef000 	C:\windows\SYSTEM32\cfgmgr32.dll
0x00007ff9ffc00000 - 0x00007ff9ffc28000 	C:\windows\SYSTEM32\DEVOBJ.dll
0x00000000506c0000 - 0x00000000506cf000 	C:\Program Files\Java\jdk1.8.0_31\jre\bin\verify.dll
0x0000000050690000 - 0x00000000506b8000 	C:\Program Files\Java\jdk1.8.0_31\jre\bin\java.dll
0x0000000050670000 - 0x0000000050686000 	C:\Program Files\Java\jdk1.8.0_31\jre\bin\zip.dll

VM Arguments:
jvm_args: -Xmx1024M -Dfile.encoding=windows-1252 -Duser.country=US -Duser.language=en -Duser.variant 
java_command: com.android.dx.command.Main --dex --output C:\Users\Tamim\OneDrive\Work\Host\DiplomaticClub\app\build\intermediates\pre-dexed\debug\classes-7898638b4ee7c209a9fdcf1bbb876df7700d2535.jar C:\Users\Tamim\OneDrive\Work\Host\DiplomaticClub\app\build\intermediates\exploded-aar\com.android.support\recyclerview-v7\22.1.1\jars\classes.jar
java_class_path (initial): C:\Users\Tamim\AppData\Local\Android\sdk\build-tools\22.0.1\lib\dx.jar
Launcher Type: SUN_STANDARD

Environment Variables:
JAVA_HOME=C:\Program Files\Java\jdk1.8.0_31
PATH=C:\ProgramData\Oracle\Java\javapath;C:\windows\system32;C:\windows;C:\windows\System32\Wbem;C:\windows\System32\WindowsPowerShell\v1.0\;C:\Program Files (x86)\MiKTeX 2.9\miktex\bin\;C:\Python27;C:\Program Files (x86)\Skype\Phone\
USERNAME=Tamim
OS=Windows_NT
PROCESSOR_IDENTIFIER=Intel64 Family 6 Model 69 Stepping 1, GenuineIntel



---------------  S Y S T E M  ---------------

OS: Windows 8.1 , 64 bit Build 9600 

CPU:total 4 (2 cores per cpu, 2 threads per core) family 6 model 69 stepping 1, cmov, cx8, fxsr, mmx, sse, sse2, sse3, ssse3, sse4.1, sse4.2, popcnt, avx, avx2, aes, clmul, erms, lzcnt, ht, tsc, tscinvbit, bmi1, bmi2

Memory: 4k page, physical 4097096k(258808k free), swap 7717960k(5116k free)

vm_info: Java HotSpot(TM) 64-Bit Server VM (25.31-b07) for windows-amd64 JRE (1.8.0_31-b13), built on Dec 17 2014 21:00:28 by "java_re" with MS VC++ 10.0 (VS2010)

time: Thu Jun 11 14:50:47 2015
elapsed time: 2 seconds (0d 0h 0m 2s)

