#
# There is insufficient memory for the Java Runtime Environment to continue.
# Native memory allocation (malloc) failed to allocate 1196496 bytes for Chunk::new
# Possible reasons:
#   The system is out of physical RAM or swap space
#   In 32 bit mode, the process size limit was hit
# Possible solutions:
#   Reduce memory load on the system
#   Increase physical memory or swap space
#   Check if swap backing store is full
#   Use 64 bit Java on a 64 bit OS
#   Decrease Java heap size (-Xmx/-Xms)
#   Decrease number of Java threads
#   Decrease Java thread stack sizes (-Xss)
#   Set larger code cache with -XX:ReservedCodeCacheSize=
# This output file may be truncated or incomplete.
#
#  Out of Memory Error (allocation.cpp:390), pid=6268, tid=4508
#
# JRE version: Java(TM) SE Runtime Environment (8.0_31-b13) (build 1.8.0_31-b13)
# Java VM: Java HotSpot(TM) 64-Bit Server VM (25.31-b07 mixed mode windows-amd64 compressed oops)
# Failed to write core dump. Minidumps are not enabled by default on client versions of Windows
#

---------------  T H R E A D  ---------------

Current thread (0x000000001455c000):  JavaThread "C2 CompilerThread0" daemon [_thread_in_native, id=4508, stack(0x0000000015ad0000,0x0000000015bd0000)]

Stack: [0x0000000015ad0000,0x0000000015bd0000]
Native frames: (J=compiled Java code, j=interpreted, Vv=VM code, C=native code)
V  [jvm.dll+0x3169ba]
V  [jvm.dll+0x2674c3]
V  [jvm.dll+0x268103]
V  [jvm.dll+0x25f8f5]
V  [jvm.dll+0xbf025]
V  [jvm.dll+0xbf4cc]
V  [jvm.dll+0x45df82]
V  [jvm.dll+0x49f21f]
V  [jvm.dll+0x452daf]
V  [jvm.dll+0x454124]
V  [jvm.dll+0x437c62]
V  [jvm.dll+0x988e2]
V  [jvm.dll+0x990d3]
V  [jvm.dll+0x22c194]
V  [jvm.dll+0x28576a]
C  [msvcr100.dll+0x21d9f]
C  [msvcr100.dll+0x21e3b]
C  [KERNEL32.DLL+0x13d2]
C  [ntdll.dll+0x15444]


Current CompileTask:
C2:   1120 1145   !   4       com.android.dx.cf.code.BytecodeArray::parseInstruction (2764 bytes)


---------------  P R O C E S S  ---------------

Java Threads: ( => current thread )
  0x00000000145bd800 JavaThread "Service Thread" daemon [_thread_blocked, id=5180, stack(0x00000000161d0000,0x00000000162d0000)]
  0x000000001457e000 JavaThread "C1 CompilerThread2" daemon [_thread_blocked, id=1900, stack(0x0000000015cd0000,0x0000000015dd0000)]
  0x000000001455f000 JavaThread "C2 CompilerThread1" daemon [_thread_in_native, id=7860, stack(0x0000000015bd0000,0x0000000015cd0000)]
=>0x000000001455c000 JavaThread "C2 CompilerThread0" daemon [_thread_in_native, id=4508, stack(0x0000000015ad0000,0x0000000015bd0000)]
  0x000000001455a800 JavaThread "Attach Listener" daemon [_thread_blocked, id=8204, stack(0x00000000159d0000,0x0000000015ad0000)]
  0x0000000014559000 JavaThread "Signal Dispatcher" daemon [_thread_blocked, id=2532, stack(0x00000000158d0000,0x00000000159d0000)]
  0x0000000001e85000 JavaThread "Finalizer" daemon [_thread_blocked, id=5668, stack(0x00000000157d0000,0x00000000158d0000)]
  0x0000000001e7c000 JavaThread "Reference Handler" daemon [_thread_blocked, id=7204, stack(0x00000000156d0000,0x00000000157d0000)]
  0x0000000001d92800 JavaThread "main" [_thread_in_Java, id=4768, stack(0x0000000001c30000,0x0000000001d30000)]

Other Threads:
  0x0000000014526000 VMThread [stack: 0x00000000155d0000,0x00000000156d0000] [id=2824]
  0x0000000015e0c800 WatcherThread [stack: 0x00000000162d0000,0x00000000163d0000] [id=5104]

VM state:not at safepoint (normal execution)

VM Mutex/Monitor currently owned by a thread: None

Heap:
 PSYoungGen      total 18944K, used 10714K [0x00000000eab00000, 0x00000000ec000000, 0x0000000100000000)
  eden space 16384K, 49% used [0x00000000eab00000,0x00000000eb2fe4f8,0x00000000ebb00000)
  from space 2560K, 98% used [0x00000000ebb00000,0x00000000ebd78650,0x00000000ebd80000)
  to   space 2560K, 0% used [0x00000000ebd80000,0x00000000ebd80000,0x00000000ec000000)
 ParOldGen       total 44032K, used 1898K [0x00000000c0000000, 0x00000000c2b00000, 0x00000000eab00000)
  object space 44032K, 4% used [0x00000000c0000000,0x00000000c01da948,0x00000000c2b00000)
 Metaspace       used 5550K, capacity 6896K, committed 7040K, reserved 1056768K
  class space    used 549K, capacity 616K, committed 640K, reserved 1048576K

Card table byte_map: [0x0000000011250000,0x0000000011460000] byte_map_base: 0x0000000010c50000

Marking Bits: (ParMarkBitMap*) 0x000000006c3dd4f0
 Begin Bits: [0x00000000119c0000, 0x00000000129c0000)
 End Bits:   [0x00000000129c0000, 0x00000000139c0000)

Polling page: 0x00000000004d0000

CodeCache: size=245760Kb used=4678Kb max_used=4678Kb free=241081Kb
 bounds [0x0000000001e90000, 0x0000000002330000, 0x0000000010e90000]
 total_blobs=1449 nmethods=1189 adapters=174
 compilation: enabled

Compilation events (10 events):
Event: 1.059 Thread 0x000000001457e000 nmethod 1160 0x00000000022f8fd0 code [0x00000000022f9120, 0x00000000022f9230]
Event: 1.060 Thread 0x000000001457e000 1161       3       com.android.dx.ssa.SsaMethod::forEachBlockDepthFirstDom (128 bytes)
Event: 1.062 Thread 0x000000001457e000 nmethod 1161 0x00000000022f9290 code [0x00000000022f95e0, 0x00000000022fb6f8]
Event: 1.063 Thread 0x000000001457e000 1163       3       com.android.dx.rop.code.RegisterSpecList::getType (12 bytes)
Event: 1.063 Thread 0x000000001457e000 nmethod 1163 0x00000000022fc950 code [0x00000000022fcae0, 0x00000000022fd138]
Event: 1.064 Thread 0x000000001457e000 1164       3       java.util.ArrayList::rangeCheckForAdd (26 bytes)
Event: 1.064 Thread 0x000000001457e000 nmethod 1164 0x00000000022fd310 code [0x00000000022fd520, 0x00000000022fe018]
Event: 1.069 Thread 0x000000001457e000 1165       3       java.util.TreeMap::<init> (20 bytes)
Event: 1.069 Thread 0x000000001457e000 nmethod 1165 0x00000000022fe590 code [0x00000000022fe700, 0x00000000022fe930]
Event: 1.071 Thread 0x000000001457e000 1166       3       com.android.dx.dex.file.Section::validateAlignment (23 bytes)

GC Heap History (2 events):
Event: 0.910 GC heap before
{Heap before GC invocations=1 (full 0):
 PSYoungGen      total 18944K, used 16384K [0x00000000eab00000, 0x00000000ec000000, 0x0000000100000000)
  eden space 16384K, 100% used [0x00000000eab00000,0x00000000ebb00000,0x00000000ebb00000)
  from space 2560K, 0% used [0x00000000ebd80000,0x00000000ebd80000,0x00000000ec000000)
  to   space 2560K, 0% used [0x00000000ebb00000,0x00000000ebb00000,0x00000000ebd80000)
 ParOldGen       total 44032K, used 0K [0x00000000c0000000, 0x00000000c2b00000, 0x00000000eab00000)
  object space 44032K, 0% used [0x00000000c0000000,0x00000000c0000000,0x00000000c2b00000)
 Metaspace       used 5412K, capacity 6768K, committed 7040K, reserved 1056768K
  class space    used 547K, capacity 616K, committed 640K, reserved 1048576K
Event: 0.921 GC heap after
Heap after GC invocations=1 (full 0):
 PSYoungGen      total 18944K, used 2529K [0x00000000eab00000, 0x00000000ec000000, 0x0000000100000000)
  eden space 16384K, 0% used [0x00000000eab00000,0x00000000eab00000,0x00000000ebb00000)
  from space 2560K, 98% used [0x00000000ebb00000,0x00000000ebd78650,0x00000000ebd80000)
  to   space 2560K, 0% used [0x00000000ebd80000,0x00000000ebd80000,0x00000000ec000000)
 ParOldGen       total 44032K, used 1898K [0x00000000c0000000, 0x00000000c2b00000, 0x00000000eab00000)
  object space 44032K, 4% used [0x00000000c0000000,0x00000000c01da948,0x00000000c2b00000)
 Metaspace       used 5412K, capacity 6768K, committed 7040K, reserved 1056768K
  class space    used 547K, capacity 616K, committed 640K, reserved 1048576K
}

Deoptimization events (5 events):
Event: 0.940 Thread 0x0000000001d92800 Uncommon trap: reason=class_check action=maybe_recompile pc=0x0000000002141ccc method=com.android.dx.ssa.NormalSsaInsn.accept(Lcom/android/dx/ssa/SsaInsn$Visitor;)V @ 9
Event: 0.940 Thread 0x0000000001d92800 Uncommon trap: reason=class_check action=maybe_recompile pc=0x0000000002107df0 method=com.android.dx.ssa.NormalSsaInsn.accept(Lcom/android/dx/ssa/SsaInsn$Visitor;)V @ 9
Event: 0.940 Thread 0x0000000001d92800 Uncommon trap: reason=class_check action=maybe_recompile pc=0x0000000002107df0 method=com.android.dx.ssa.NormalSsaInsn.accept(Lcom/android/dx/ssa/SsaInsn$Visitor;)V @ 9
Event: 0.940 Thread 0x0000000001d92800 Uncommon trap: reason=class_check action=maybe_recompile pc=0x0000000002107df0 method=com.android.dx.ssa.NormalSsaInsn.accept(Lcom/android/dx/ssa/SsaInsn$Visitor;)V @ 9
Event: 0.996 Thread 0x0000000001d92800 Uncommon trap: reason=class_check action=maybe_recompile pc=0x0000000002141ccc method=com.android.dx.ssa.NormalSsaInsn.accept(Lcom/android/dx/ssa/SsaInsn$Visitor;)V @ 9

Internal exceptions (10 events):
Event: 0.695 Thread 0x0000000001d92800 Exception <a 'java/security/PrivilegedActionException'> (0x00000000eb4c93d8) thrown at [C:\workspace\8-2-build-windows-amd64-cygwin\jdk8u31\2394\hotspot\src\share\vm\prims\jvm.cpp, line 1312]
Event: 0.704 Thread 0x0000000001d92800 Exception <a 'java/security/PrivilegedActionException'> (0x00000000eb4fdde8) thrown at [C:\workspace\8-2-build-windows-amd64-cygwin\jdk8u31\2394\hotspot\src\share\vm\prims\jvm.cpp, line 1312]
Event: 0.712 Thread 0x0000000001d92800 Exception <a 'java/security/PrivilegedActionException'> (0x00000000eb536bc0) thrown at [C:\workspace\8-2-build-windows-amd64-cygwin\jdk8u31\2394\hotspot\src\share\vm\prims\jvm.cpp, line 1312]
Event: 0.781 Thread 0x0000000001d92800 Exception <a 'java/security/PrivilegedActionException'> (0x00000000eb77e1c8) thrown at [C:\workspace\8-2-build-windows-amd64-cygwin\jdk8u31\2394\hotspot\src\share\vm\prims\jvm.cpp, line 1312]
Event: 0.781 Thread 0x0000000001d92800 Exception <a 'java/security/PrivilegedActionException'> (0x00000000eb7849c0) thrown at [C:\workspace\8-2-build-windows-amd64-cygwin\jdk8u31\2394\hotspot\src\share\vm\prims\jvm.cpp, line 1312]
Event: 0.797 Thread 0x0000000001d92800 Exception <a 'java/security/PrivilegedActionException'> (0x00000000eb81fce0) thrown at [C:\workspace\8-2-build-windows-amd64-cygwin\jdk8u31\2394\hotspot\src\share\vm\prims\jvm.cpp, line 1312]
Event: 0.798 Thread 0x0000000001d92800 Exception <a 'java/security/PrivilegedActionException'> (0x00000000eb822dc0) thrown at [C:\workspace\8-2-build-windows-amd64-cygwin\jdk8u31\2394\hotspot\src\share\vm\prims\jvm.cpp, line 1312]
Event: 0.799 Thread 0x0000000001d92800 Exception <a 'java/security/PrivilegedActionException'> (0x00000000eb82c138) thrown at [C:\workspace\8-2-build-windows-amd64-cygwin\jdk8u31\2394\hotspot\src\share\vm\prims\jvm.cpp, line 1312]
Event: 0.801 Thread 0x0000000001d92800 Exception <a 'java/security/PrivilegedActionException'> (0x00000000eb83c870) thrown at [C:\workspace\8-2-build-windows-amd64-cygwin\jdk8u31\2394\hotspot\src\share\vm\prims\jvm.cpp, line 1312]
Event: 0.888 Thread 0x0000000001d92800 Exception <a 'java/security/PrivilegedActionException'> (0x00000000eba401d0) thrown at [C:\workspace\8-2-build-windows-amd64-cygwin\jdk8u31\2394\hotspot\src\share\vm\prims\jvm.cpp, line 1312]

Events (10 events):
Event: 0.940 Thread 0x0000000001d92800 DEOPT PACKING pc=0x0000000002107df0 sp=0x0000000001d2e5f0
Event: 0.940 Thread 0x0000000001d92800 DEOPT UNPACKING pc=0x0000000001ed556a sp=0x0000000001d2e590 mode 2
Event: 0.940 Thread 0x0000000001d92800 Uncommon trap: trap_request=0xffffffde fr.pc=0x0000000002107df0
Event: 0.940 Thread 0x0000000001d92800 DEOPT PACKING pc=0x0000000002107df0 sp=0x0000000001d2e5f0
Event: 0.940 Thread 0x0000000001d92800 DEOPT UNPACKING pc=0x0000000001ed556a sp=0x0000000001d2e590 mode 2
Event: 0.996 Thread 0x0000000001d92800 Uncommon trap: trap_request=0xffffffde fr.pc=0x0000000002141ccc
Event: 0.996 Thread 0x0000000001d92800 DEOPT PACKING pc=0x0000000002141ccc sp=0x0000000001d2e660
Event: 0.996 Thread 0x0000000001d92800 DEOPT UNPACKING pc=0x0000000001ed556a sp=0x0000000001d2e5a0 mode 2
Event: 1.004 loading class java/util/DualPivotQuicksort
Event: 1.006 loading class java/util/DualPivotQuicksort done


Dynamic libraries:
0x00007ff7be560000 - 0x00007ff7be594000 	C:\Program Files\Java\jdk1.8.0_31\bin\java.exe
0x00007ffe28180000 - 0x00007ffe2832c000 	C:\windows\SYSTEM32\ntdll.dll
0x00007ffe27980000 - 0x00007ffe27abe000 	C:\windows\system32\KERNEL32.DLL
0x00007ffe254a0000 - 0x00007ffe255b5000 	C:\windows\system32\KERNELBASE.dll
0x00007ffe23e70000 - 0x00007ffe23efe000 	C:\windows\system32\apphelp.dll
0x00007ffe19cc0000 - 0x00007ffe19d13000 	C:\windows\AppPatch\AppPatch64\AcGenral.DLL
0x00007ffe277f0000 - 0x00007ffe2789a000 	C:\windows\system32\msvcrt.dll
0x00007ffe25170000 - 0x00007ffe2519e000 	C:\windows\SYSTEM32\SspiCli.dll
0x00007ffe27910000 - 0x00007ffe27964000 	C:\windows\system32\SHLWAPI.dll
0x00007ffe27c70000 - 0x00007ffe27de7000 	C:\windows\system32\USER32.dll
0x00007ffe25e70000 - 0x00007ffe26004000 	C:\windows\system32\ole32.dll
0x00007ffe26010000 - 0x00007ffe27528000 	C:\windows\system32\SHELL32.dll
0x00007ffe248f0000 - 0x00007ffe24911000 	C:\windows\SYSTEM32\USERENV.dll
0x00007ffe280d0000 - 0x00007ffe2817a000 	C:\windows\system32\ADVAPI32.dll
0x00007ffe17da0000 - 0x00007ffe17dbe000 	C:\windows\SYSTEM32\MPR.dll
0x00007ffe27530000 - 0x00007ffe27671000 	C:\windows\system32\RPCRT4.dll
0x00007ffe278a0000 - 0x00007ffe278f9000 	C:\windows\SYSTEM32\sechost.dll
0x00007ffe25bf0000 - 0x00007ffe25e01000 	C:\windows\SYSTEM32\combase.dll
0x00007ffe27680000 - 0x00007ffe277d1000 	C:\windows\system32\GDI32.dll
0x00007ffe252d0000 - 0x00007ffe252e5000 	C:\windows\SYSTEM32\profapi.dll
0x00007ffe23840000 - 0x00007ffe238f2000 	C:\windows\SYSTEM32\SHCORE.dll
0x00007ffe25bb0000 - 0x00007ffe25be6000 	C:\windows\system32\IMM32.DLL
0x00007ffe259f0000 - 0x00007ffe25b42000 	C:\windows\system32\MSCTF.dll
0x00007ffe22570000 - 0x00007ffe227ea000 	C:\windows\WinSxS\amd64_microsoft.windows.common-controls_6595b64144ccf1df_6.0.9600.17810_none_6240b9c7ecbd0bda\COMCTL32.dll
0x000000006a030000 - 0x000000006a102000 	C:\Program Files\Java\jdk1.8.0_31\jre\bin\msvcr100.dll
0x000000006bc00000 - 0x000000006c45a000 	C:\Program Files\Java\jdk1.8.0_31\jre\bin\server\jvm.dll
0x00007ffe1e070000 - 0x00007ffe1e079000 	C:\windows\SYSTEM32\WSOCK32.dll
0x00007ffe1e110000 - 0x00007ffe1e132000 	C:\windows\SYSTEM32\WINMM.dll
0x00007ffe259e0000 - 0x00007ffe259e7000 	C:\windows\system32\PSAPI.DLL
0x00007ffe25e10000 - 0x00007ffe25e6a000 	C:\windows\system32\WS2_32.dll
0x00007ffe1e0e0000 - 0x00007ffe1e10a000 	C:\windows\SYSTEM32\WINMMBASE.dll
0x00007ffe27970000 - 0x00007ffe27979000 	C:\windows\system32\NSI.dll
0x00007ffe25450000 - 0x00007ffe2549f000 	C:\windows\SYSTEM32\cfgmgr32.dll
0x00007ffe240c0000 - 0x00007ffe240e8000 	C:\windows\SYSTEM32\DEVOBJ.dll
0x000000006bbf0000 - 0x000000006bbff000 	C:\Program Files\Java\jdk1.8.0_31\jre\bin\verify.dll
0x000000006bbc0000 - 0x000000006bbe8000 	C:\Program Files\Java\jdk1.8.0_31\jre\bin\java.dll
0x000000006bba0000 - 0x000000006bbb6000 	C:\Program Files\Java\jdk1.8.0_31\jre\bin\zip.dll
0x00007ffe17f30000 - 0x00007ffe180b9000 	C:\windows\SYSTEM32\dbghelp.dll

VM Arguments:
jvm_args: -Xmx1024M -Dfile.encoding=windows-1252 -Duser.country=US -Duser.language=en -Duser.variant 
java_command: com.android.dx.command.Main --dex --output C:\Users\Tamim\OneDrive\Work\Host\DiplomaticClub\app\build\intermediates\dex\debug C:\Users\Tamim\OneDrive\Work\Host\DiplomaticClub\app\build\intermediates\classes\debug C:\Users\Tamim\OneDrive\Work\Host\DiplomaticClub\app\build\intermediates\pre-dexed\debug\support-annotations-22.1.1-8815075de5e1bb6d927c4e5b0f10b40cd6c499d5.jar C:\Users\Tamim\OneDrive\Work\Host\DiplomaticClub\app\build\intermediates\pre-dexed\debug\classes-f1a1ffd0c3e62005c3f4acb8c6c8b2ac0a395cae.jar C:\Users\Tamim\OneDrive\Work\Host\DiplomaticClub\app\build\intermediates\pre-dexed\debug\library-1.0.16-ac4e2bec74481a15d8a78e1e92e0ea298b448c3e.jar C:\Users\Tamim\OneDrive\Work\Host\DiplomaticClub\app\build\intermediates\pre-dexed\debug\internal_impl-22.1.1-4203faa77544ae96188ebfbe047975fe78b86cf4.jar C:\Users\Tamim\OneDrive\Work\Host\DiplomaticClub\app\build\intermediates\pre-dexed\debug\classes-7898638b4ee7c209a9fdcf1bbb876df7700d2535.jar C:\Users\Tamim\OneDrive\Work\Host\DiplomaticClub\app\build\intermediates\pre-dexed\debug\classes-7782996bb7867db58b5124b5f61970df6d9790e4.jar C:\Users\Tamim\OneDrive\Work\Host\DiplomaticClub\app\build\intermediates\pre-dexed\debug\classes-20541e717b4760a2761559979627910c232d3ed9.jar
java_class_path (initial): C:\Users\Tamim\AppData\Local\Android\sdk\build-tools\22.0.1\lib\dx.jar
Launcher Type: SUN_STANDARD

Environment Variables:
JAVA_HOME=C:\Program Files\Java\jdk1.8.0_31
PATH=C:\ProgramData\Oracle\Java\javapath;C:\windows\system32;C:\windows;C:\windows\System32\Wbem;C:\windows\System32\WindowsPowerShell\v1.0\;C:\Program Files (x86)\MiKTeX 2.9\miktex\bin\;C:\Python27;C:\Program Files (x86)\Skype\Phone\
USERNAME=Tamim
OS=Windows_NT
PROCESSOR_IDENTIFIER=Intel64 Family 6 Model 69 Stepping 1, GenuineIntel



---------------  S Y S T E M  ---------------

OS: Windows 8.1 , 64 bit Build 9600 

CPU:total 4 (2 cores per cpu, 2 threads per core) family 6 model 69 stepping 1, cmov, cx8, fxsr, mmx, sse, sse2, sse3, ssse3, sse4.1, sse4.2, popcnt, avx, avx2, aes, clmul, erms, lzcnt, ht, tsc, tscinvbit, bmi1, bmi2

Memory: 4k page, physical 4097096k(319216k free), swap 7717960k(5556k free)

vm_info: Java HotSpot(TM) 64-Bit Server VM (25.31-b07) for windows-amd64 JRE (1.8.0_31-b13), built on Dec 17 2014 21:00:28 by "java_re" with MS VC++ 10.0 (VS2010)

time: Sat Jun 13 21:51:36 2015
elapsed time: 1 seconds (0d 0h 0m 1s)

